[ NORMAL  ]  ##   Please press ENTER to start the tournament.
[ NORMAL  ]  ##   got authentication: username=agentB14 password=1 address=127.0.0.1
[ NORMAL  ]  ##   got authentication: username=agentB22 password=1 address=127.0.0.1
[ NORMAL  ]  ##   got authentication: username=agentB21 password=1 address=127.0.0.1
[ NORMAL  ]  ##   got authentication: username=agentB15 password=1 address=127.0.0.1
[ NORMAL  ]  ##   got authentication: username=agentB20 password=1 address=127.0.0.1
[ NORMAL  ]  ##   got authentication: username=agentB25 password=1 address=127.0.0.1
[ NORMAL  ]  ##   got authentication: username=agentB34 password=1 address=127.0.0.1
[ NORMAL  ]  ##   got authentication: username=agentB17 password=1 address=127.0.0.1
[ NORMAL  ]  ##   got authentication: username=agentB12 password=1 address=127.0.0.1
[ NORMAL  ]  ##   got authentication: username=agentB26 password=1 address=127.0.0.1
[ NORMAL  ]  ##   got authentication: username=agentB16 password=1 address=127.0.0.1
[ NORMAL  ]  ##   got authentication: username=agentB13 password=1 address=127.0.0.1
[ NORMAL  ]  ##   got authentication: username=agentB19 password=1 address=127.0.0.1
[ NORMAL  ]  ##   got authentication: username=agentB18 password=1 address=127.0.0.1
[ NORMAL  ]  ##   got authentication: username=agentB23 password=1 address=127.0.0.1
[ NORMAL  ]  ##   got authentication: username=agentB24 password=1 address=127.0.0.1
[ NORMAL  ]  ##   got authentication: username=agentB29 password=1 address=127.0.0.1
[ NORMAL  ]  ##   got authentication: username=agentB27 password=1 address=127.0.0.1
[ NORMAL  ]  ##   got authentication: username=agentB28 password=1 address=127.0.0.1
[ NORMAL  ]  ##   got authentication: username=agentB7 password=1 address=127.0.0.1
[ NORMAL  ]  ##   got authentication: username=agentB8 password=1 address=127.0.0.1
[ NORMAL  ]  ##   got authentication: username=agentB9 password=1 address=127.0.0.1
[ NORMAL  ]  ##   got authentication: username=agentB3 password=1 address=127.0.0.1
[ NORMAL  ]  ##   got authentication: username=agentB4 password=1 address=127.0.0.1
[ NORMAL  ]  ##   got authentication: username=agentB5 password=1 address=127.0.0.1
[ NORMAL  ]  ##   got authentication: username=agentB6 password=1 address=127.0.0.1
[ NORMAL  ]  ##   got authentication: username=agentB10 password=1 address=127.0.0.1
[ NORMAL  ]  ##   got authentication: username=agentB32 password=1 address=127.0.0.1
[ NORMAL  ]  ##   got authentication: username=agentB11 password=1 address=127.0.0.1
[ NORMAL  ]  ##   got authentication: username=agentB33 password=1 address=127.0.0.1
[ NORMAL  ]  ##   got authentication: username=agentB1 password=1 address=127.0.0.1
[ NORMAL  ]  ##   got authentication: username=agentB30 password=1 address=127.0.0.1
[ NORMAL  ]  ##   got authentication: username=agentB2 password=1 address=127.0.0.1
[ NORMAL  ]  ##   got authentication: username=agentB31 password=1 address=127.0.0.1
[ NORMAL  ]  ##   got authentication: username=agentA2 password=1 address=127.0.0.1
[ NORMAL  ]  ##   got authentication: username=agentA1 password=1 address=127.0.0.1
[ NORMAL  ]  ##   got authentication: username=agentA16 password=1 address=127.0.0.1
[ NORMAL  ]  ##   got authentication: username=agentA17 password=1 address=127.0.0.1
[ NORMAL  ]  ##   got authentication: username=agentA18 password=1 address=127.0.0.1
[ NORMAL  ]  ##   got authentication: username=agentA19 password=1 address=127.0.0.1
[ NORMAL  ]  ##   got authentication: username=agentA12 password=1 address=127.0.0.1
[ NORMAL  ]  ##   got authentication: username=agentA34 password=1 address=127.0.0.1
[ NORMAL  ]  ##   got authentication: username=agentA13 password=1 address=127.0.0.1
[ NORMAL  ]  ##   got authentication: username=agentA14 password=1 address=127.0.0.1
[ NORMAL  ]  ##   got authentication: username=agentA15 password=1 address=127.0.0.1
[ NORMAL  ]  ##   got authentication: username=agentA30 password=1 address=127.0.0.1
[ NORMAL  ]  ##   got authentication: username=agentA31 password=1 address=127.0.0.1
[ NORMAL  ]  ##   got authentication: username=agentA10 password=1 address=127.0.0.1
[ NORMAL  ]  ##   got authentication: username=agentA32 password=1 address=127.0.0.1
[ NORMAL  ]  ##   got authentication: username=agentA11 password=1 address=127.0.0.1
[ NORMAL  ]  ##   got authentication: username=agentA33 password=1 address=127.0.0.1
[ NORMAL  ]  ##   got authentication: username=agentA8 password=1 address=127.0.0.1
[ NORMAL  ]  ##   got authentication: username=agentA7 password=1 address=127.0.0.1
[ NORMAL  ]  ##   got authentication: username=agentA9 password=1 address=127.0.0.1
[ NORMAL  ]  ##   got authentication: username=agentA4 password=1 address=127.0.0.1
[ NORMAL  ]  ##   got authentication: username=agentA3 password=1 address=127.0.0.1
[ NORMAL  ]  ##   got authentication: username=agentA6 password=1 address=127.0.0.1
[ NORMAL  ]  ##   got authentication: username=agentA5 password=1 address=127.0.0.1
[ NORMAL  ]  ##   got authentication: username=agentA27 password=1 address=127.0.0.1
[ NORMAL  ]  ##   got authentication: username=agentA28 password=1 address=127.0.0.1
[ NORMAL  ]  ##   got authentication: username=agentA29 password=1 address=127.0.0.1
[ NORMAL  ]  ##   got authentication: username=agentA23 password=1 address=127.0.0.1
[ NORMAL  ]  ##   got authentication: username=agentA24 password=1 address=127.0.0.1
[ NORMAL  ]  ##   got authentication: username=agentA25 password=1 address=127.0.0.1
[ NORMAL  ]  ##   got authentication: username=agentA26 password=1 address=127.0.0.1
[ NORMAL  ]  ##   got authentication: username=agentA20 password=1 address=127.0.0.1
[ NORMAL  ]  ##   got authentication: username=agentA21 password=1 address=127.0.0.1
[ NORMAL  ]  ##   got authentication: username=agentA22 password=1 address=127.0.0.1
[ NORMAL  ]  ##   Configuring random seed: 18
[ NORMAL  ]  ##   Configuring facilities quadSize: 0.04
[ NORMAL  ]  ##   Configuring facilities charging station density: 0.9
[ NORMAL  ]  ##   Configuring facilities charging station rateMin: 20
[ NORMAL  ]  ##   Configuring facilities charging station rateMax: 40
[ NORMAL  ]  ##   Configuring facilities shop density: 0.8
[ NORMAL  ]  ##   Config: tradeModMin set to 1
[ NORMAL  ]  ##   Config: tradeModMax set to 4
[ NORMAL  ]  ##   Configuring facilities dump density: 0.6
[ NORMAL  ]  ##   Configuring facilities workshops density: 0.6
[ NORMAL  ]  ##   Configuring facilities storage density: 0.8
[ NORMAL  ]  ##   Configuring facilities storage capacityMin: 7500
[ NORMAL  ]  ##   Configuring facilities storage capacityMax: 15000
[ NORMAL  ]  ##   Configuring facilities resource node density: 0.7
[ NORMAL  ]  ##   Config: thresholdMin set to 10
[ NORMAL  ]  ##   Config: thresholdMax set to 20
[ NORMAL  ]  ##   Config: wellTypesMin set to 2
[ NORMAL  ]  ##   Config: wellTypesMax set to 5
[ NORMAL  ]  ##   Config: baseEfficiencyMin set to 1
[ NORMAL  ]  ##   Config: baseEfficiencyMax set to 5
[ NORMAL  ]  ##   Config: efficiencyIncreaseMin set to 1
[ NORMAL  ]  ##   Config: efficiencyIncreaseMax set to 5
[ NORMAL  ]  ##   Config: baseIntegrityMin set to 50
[ NORMAL  ]  ##   Config: baseIntegrityMax set to 100
[ NORMAL  ]  ##   Config: costFactor set to 100
[ NORMAL  ]  ##   Configuring items levelDecreaseMin: 1
[ NORMAL  ]  ##   Configuring items levelDecreaseMax: 2
[ NORMAL  ]  ##   Configuring items graphDepthMin: 3
[ NORMAL  ]  ##   Configuring items graphDepthMax: 4
[ NORMAL  ]  ##   Configuring items resourcesMin: 4
[ NORMAL  ]  ##   Configuring items resourcesMax: 6
[ NORMAL  ]  ##   Config: volMin set to 5
[ NORMAL  ]  ##   Config: volMax set to 10
[ NORMAL  ]  ##   Config: partsMin set to 2
[ NORMAL  ]  ##   Config: partsMax set to 8
[ NORMAL  ]  ##   Config: jobProbability set to 0.2
[ NORMAL  ]  ##   Config: auctionProbability set to 0.1
[ NORMAL  ]  ##   Config: missionProbability set to 0.01
[ NORMAL  ]  ##   Config: jobDurationMin set to 50
[ NORMAL  ]  ##   Config: jobDurationMax set to 100
[ NORMAL  ]  ##   Config: rewardModMin set to 100
[ NORMAL  ]  ##   Config: rewardModMax set to 200
[ NORMAL  ]  ##   Config: rewardScale set to 5
[ NORMAL  ]  ##   Config: itemCountMin set to 2
[ NORMAL  ]  ##   Config: itemCountMax set to 10
[ NORMAL  ]  ##   Config: auctionTime set to 5
[ NORMAL  ]  ##   Configuring simulation id: 2018-SampleSimulation
[ NORMAL  ]  ##   Configuring scenario map: paris
[ NORMAL  ]  ##   Configuring scenario seedCapital: 5000
[ NORMAL  ]  ##   Configuring scenario minLon: 2.26
[ NORMAL  ]  ##   Configuring scenario maxLon: 2.41
[ NORMAL  ]  ##   Configuring scenario minLat: 48.82
[ NORMAL  ]  ##   Configuring scenario maxLat: 48.9
[ NORMAL  ]  ##   Configuring scenario proximity: 5
[ NORMAL  ]  ##   Configuring scenario cellSize: 200
[ NORMAL  ]  ##   Configuring scenario centerLat: 48.86
[ NORMAL  ]  ##   Configuring scenario centerLon: 2.335
[ NORMAL  ]  ##   Configuring random fail probability: 1
[ NORMAL  ]  ##   Configuring cost for goto: 1
[ NORMAL  ]  ##   Configuring recharge rate: 0.3
[ NORMAL  ]  ##   item0: vol(7), val(0)
[ NORMAL  ]  ##   item1: vol(5), val(0)
[ NORMAL  ]  ##   item2: vol(9), val(0)
[ NORMAL  ]  ##   item3: vol(7), val(0)
[ NORMAL  ]  ##   item4: vol(5), val(0)
[ NORMAL  ]  ##   item5: vol(5), val(2)
[ NORMAL  ]  ##   item6: vol(5), val(5)
[ NORMAL  ]  ##   item7: vol(5), val(5)
[ NORMAL  ]  ##   item8: vol(10), val(2)
[ NORMAL  ]  ##   item9: vol(6), val(13)
[ NORMAL  ]  ##   item10: vol(7), val(8)
[ ERROR  ]  ##   GH: Connection between locations not found
[ NORMAL  ]  ##   Created facility: chargingStation0 loc(2.28473,48.83015) rate(22)
[ NORMAL  ]  ##   Created facility: chargingStation1 loc(2.31813,48.85317) rate(33)
[ NORMAL  ]  ##   Created facility: chargingStation2 loc(2.3726,48.85742) rate(24)
[ NORMAL  ]  ##   Created facility: chargingStation3 loc(2.39448,48.84793) rate(33)
[ NORMAL  ]  ##   Created facility: chargingStation4 loc(2.28371,48.87003) rate(27)
[ NORMAL  ]  ##   Created facility: chargingStation5 loc(2.34642,48.88577) rate(35)
[ NORMAL  ]  ##   Created facility: shop0 loc(2.31271,48.84675) tradeMod(3)
[ NORMAL  ]  ##   Created facility: shop1 loc(2.35044,48.83829) tradeMod(3)
[ NORMAL  ]  ##   Created facility: shop2 loc(2.40201,48.85095) tradeMod(1)
[ NORMAL  ]  ##   Created facility: shop3 loc(2.27393,48.87675) tradeMod(1)
[ NORMAL  ]  ##   Created facility: shop4 loc(2.30934,48.88958) tradeMod(2)
[ NORMAL  ]  ##   Created facility: shop5 loc(2.37592,48.86151) tradeMod(4)
[ NORMAL  ]  ##   Created facility: shop6 loc(2.39246,48.86342) tradeMod(3)
[ NORMAL  ]  ##   Created facility: dump0 loc(2.32361,48.85587)
[ NORMAL  ]  ##   Created facility: dump1 loc(2.32883,48.88682)
[ NORMAL  ]  ##   Created facility: dump2 loc(2.40587,48.87214)
[ NORMAL  ]  ##   Created facility: workshop0 loc(2.28949,48.82453)
[ NORMAL  ]  ##   Created facility: workshop1 loc(2.31017,48.82456)
[ NORMAL  ]  ##   Created facility: workshop2 loc(2.38397,48.83966)
[ NORMAL  ]  ##   Created facility: workshop3 loc(2.40692,48.89408)
[ NORMAL  ]  ##   Created facility: storage0 loc(2.30026,48.8242) capacity(10271)
[ NORMAL  ]  ##   Created facility: storage1 loc(2.3717,48.82745) capacity(11049)
[ NORMAL  ]  ##   Created facility: storage2 loc(2.30345,48.86243) capacity(9401)
[ NORMAL  ]  ##   Created facility: storage3 loc(2.40691,48.86627) capacity(9797)
[ NORMAL  ]  ##   Created facility: node0 loc(2.28052,48.82229)
[ NORMAL  ]  ##   Created facility: node1 loc(2.28618,48.88471)
[ NORMAL  ]  ##   Created facility: node2 loc(2.28021,48.82903)
[ NORMAL  ]  ##   Created facility: node3 loc(2.32476,48.86256)
[ NORMAL  ]  ##   Created facility: node4 loc(2.33733,48.83519)
[ NORMAL  ]  ##   Created facility: node5 loc(2.29516,48.85633)
[ NORMAL  ]  ##   Created facility: node6 loc(2.31371,48.84778)
[ NORMAL  ]  ##   Created facility: node7 loc(2.40798,48.83675)
[ NORMAL  ]  ##   Created facility: node8 loc(2.27757,48.89868)
[ NORMAL  ]  ##   Created facility: node9 loc(2.30791,48.89597)
[ NORMAL  ]  ##   Created facility: node10 loc(2.34388,48.8651)
[ NORMAL  ]  ##   wellType0: eff(4), int(73), cost(600)
[ NORMAL  ]  ##   wellType1: eff(8), int(65), cost(1082)
[ NORMAL  ]  ##   wellType2: eff(11), int(96), cost(1431)
[ NORMAL  ]  ##   wellType3: eff(12), int(87), cost(1546)
[ NORMAL  ]  ##   wellType4: eff(17), int(71), cost(2112)
[ NORMAL  ]  ##   Simulation at step 0
[ NORMAL  ]  ##   New job: : 1x item6, 2x item7, 3x item9 reward(392) 1-77 storage0 loc(2.30026,48.8242) capacity(10271) Job
[ NORMAL  ]  ##   No valid action available in time for agent agentA2.
[ NORMAL  ]  ##   No valid action available in time for agent agentA23.
[ NORMAL  ]  ##   No valid action available in time for agent agentA14.
[ NORMAL  ]  ##   No valid action available in time for agent agentA34.
[ NORMAL  ]  ##   No valid action available in time for agent agentA18.
[ NORMAL  ]  ##   No valid action available in time for agent agentA24.
[ NORMAL  ]  ##   No valid action available in time for agent agentA16.
[ NORMAL  ]  ##   No valid action available in time for agent agentA15.
[ NORMAL  ]  ##   No valid action available in time for agent agentA6.
[ NORMAL  ]  ##   No valid action available in time for agent agentA8.
[ NORMAL  ]  ##   No valid action available in time for agent agentA27.
[ NORMAL  ]  ##   No valid action available in time for agent agentA31.
[ NORMAL  ]  ##   No valid action available in time for agent agentA13.
[ NORMAL  ]  ##   No valid action available in time for agent agentA29.
[ NORMAL  ]  ##   No valid action available in time for agent agentA17.
[ NORMAL  ]  ##   No valid action available in time for agent agentA12.
[ NORMAL  ]  ##   No valid action available in time for agent agentA7.
[ NORMAL  ]  ##   No valid action available in time for agent agentA19.
[ NORMAL  ]  ##   No valid action available in time for agent agentA22.
[ NORMAL  ]  ##   No valid action available in time for agent agentA28.
[ NORMAL  ]  ##   No valid action available in time for agent agentA30.
[ NORMAL  ]  ##   No valid action available in time for agent agentA4.
[ NORMAL  ]  ##   No valid action available in time for agent agentA25.
[ NORMAL  ]  ##   No valid action available in time for agent agentA21.
[ NORMAL  ]  ##   No valid action available in time for agent agentA10.
[ NORMAL  ]  ##   No valid action available in time for agent agentA3.
[ NORMAL  ]  ##   No valid action available in time for agent agentA9.
[ NORMAL  ]  ##   No valid action available in time for agent agentA33.
[ NORMAL  ]  ##   No valid action available in time for agent agentA32.
[ NORMAL  ]  ##   No valid action available in time for agent agentA26.
[ NORMAL  ]  ##   No valid action available in time for agent agentA20.
[ NORMAL  ]  ##   No valid action available in time for agent agentA5.
[ NORMAL  ]  ##   No valid action available in time for agent agentA11.
[ NORMAL  ]  ##   No valid action available in time for agent agentA1.
[ NORMAL  ]  ##   Simulation at step 1
[ NORMAL  ]  ##   Simulation at step 2
[ NORMAL  ]  ##   Simulation at step 3
[ NORMAL  ]  ##   No valid action available in time for agent agentA22.
[ NORMAL  ]  ##   Simulation at step 4
[ NORMAL  ]  ##   New job: : 1x item6, 2x item7, 5x item9 reward(517) 5-94 storage1 loc(2.3717,48.82745) capacity(11049) AuctionJob
[ NORMAL  ]  ##   No valid action available in time for agent agentA22.
[ NORMAL  ]  ##   Simulation at step 5
[ NORMAL  ]  ##   New job: : 1x item10, 1x item7, 4x item8, 2x item5 reward(297) 6-88 storage0 loc(2.30026,48.8242) capacity(10271) AuctionJob
[ NORMAL  ]  ##   Simulation at step 6
[ NORMAL  ]  ##   Simulation at step 7
[ NORMAL  ]  ##   Simulation at step 8
[ NORMAL  ]  ##   Simulation at step 9
[ NORMAL  ]  ##   Simulation at step 10
[ NORMAL  ]  ##   Simulation at step 11
[ NORMAL  ]  ##   New job: : 1x item7, 2x item8, 1x item5, 3x item9 reward(401) 12-71 storage1 loc(2.3717,48.82745) capacity(11049) Job
[ NORMAL  ]  ##   Simulation at step 12
[ NORMAL  ]  ##   New job: : 2x item10, 1x item6, 4x item7, 1x item5, 2x item9 reward(471) 13-82 storage2 loc(2.30345,48.86243) capacity(9401) Job
[ NORMAL  ]  ##   Simulation at step 13
[ NORMAL  ]  ##   Simulation at step 14
[ NORMAL  ]  ##   No valid action available in time for agent agentA22.
[ NORMAL  ]  ##   Simulation at step 15
[ NORMAL  ]  ##   No valid action available in time for agent agentA22.
[ NORMAL  ]  ##   Simulation at step 16
[ NORMAL  ]  ##   New job: : 1x item5, 1x item9 reward(230) 17-87 storage0 loc(2.30026,48.8242) capacity(10271) Job
[ NORMAL  ]  ##   No valid action available in time for agent agentA22.
[ NORMAL  ]  ##   Simulation at step 17
[ NORMAL  ]  ##   New job: : 1x item6, 1x item7 reward(222) 18-94 storage1 loc(2.3717,48.82745) capacity(11049) AuctionJob
[ NORMAL  ]  ##   No valid action available in time for agent agentA22.
[ NORMAL  ]  ##   Simulation at step 18
[ NORMAL  ]  ##   No valid action available in time for agent agentA22.
[ NORMAL  ]  ##   Simulation at step 19
[ NORMAL  ]  ##   No valid action available in time for agent agentA22.
[ NORMAL  ]  ##   Simulation at step 20
[ NORMAL  ]  ##   No valid action available in time for agent agentA22.
[ NORMAL  ]  ##   Simulation at step 21
[ NORMAL  ]  ##   No valid action available in time for agent agentA22.
[ NORMAL  ]  ##   Simulation at step 22
[ NORMAL  ]  ##   No valid action available in time for agent agentA22.
[ NORMAL  ]  ##   Simulation at step 23
[ NORMAL  ]  ##   No valid action available in time for agent agentA22.
[ NORMAL  ]  ##   Simulation at step 24
[ NORMAL  ]  ##   No valid action available in time for agent agentA22.
[ NORMAL  ]  ##   Simulation at step 25
[ NORMAL  ]  ##   No valid action available in time for agent agentA22.
[ NORMAL  ]  ##   Simulation at step 26
[ NORMAL  ]  ##   No valid action available in time for agent agentA22.
[ NORMAL  ]  ##   Simulation at step 27
[ NORMAL  ]  ##   New job: : 1x item10, 1x item6, 2x item7, 1x item5, 1x item9 reward(331) 28-104 storage2 loc(2.30345,48.86243) capacity(9401) AuctionJob
[ NORMAL  ]  ##   No valid action available in time for agent agentA22.
[ NORMAL  ]  ##   Simulation at step 28
[ NORMAL  ]  ##   New job: : 4x item10, 1x item6, 2x item7, 1x item8, 2x item5 reward(406) 29-98 storage3 loc(2.40691,48.86627) capacity(9797) AuctionJob
[ NORMAL  ]  ##   No valid action available in time for agent agentA22.
[ NORMAL  ]  ##   No valid action available in time for agent agentA10.
[ NORMAL  ]  ##   Simulation at step 29
[ NORMAL  ]  ##   No valid action available in time for agent agentA22.
[ NORMAL  ]  ##   Simulation at step 30
[ NORMAL  ]  ##   New job: : 1x item6, 1x item5, 1x item9 reward(237) 31-128 storage1 loc(2.3717,48.82745) capacity(11049) Job
[ NORMAL  ]  ##   No valid action available in time for agent agentA22.
[ NORMAL  ]  ##   Simulation at step 31
[ NORMAL  ]  ##   No valid action available in time for agent agentA22.
[ NORMAL  ]  ##   Simulation at step 32
[ NORMAL  ]  ##   No valid action available in time for agent agentA22.
[ NORMAL  ]  ##   Simulation at step 33
[ NORMAL  ]  ##   No valid action available in time for agent agentA22.
[ NORMAL  ]  ##   Simulation at step 34
[ NORMAL  ]  ##   No valid action available in time for agent agentA22.
[ NORMAL  ]  ##   Simulation at step 35
[ NORMAL  ]  ##   No valid action available in time for agent agentA22.
[ NORMAL  ]  ##   Simulation at step 36
[ NORMAL  ]  ##   No valid action available in time for agent agentA22.
[ NORMAL  ]  ##   Simulation at step 37
[ NORMAL  ]  ##   No valid action available in time for agent agentA22.
[ NORMAL  ]  ##   Simulation at step 38
[ NORMAL  ]  ##   No valid action available in time for agent agentA22.
[ NORMAL  ]  ##   Simulation at step 39
[ NORMAL  ]  ##   No valid action available in time for agent agentA22.
[ NORMAL  ]  ##   Simulation at step 40
[ NORMAL  ]  ##   No valid action available in time for agent agentA22.
[ NORMAL  ]  ##   Simulation at step 41
[ NORMAL  ]  ##   New job: : 1x item10, 1x item6, 2x item7, 1x item5, 1x item9 reward(367) 42-125 storage0 loc(2.30026,48.8242) capacity(10271) Job
[ NORMAL  ]  ##   No valid action available in time for agent agentA22.
[ NORMAL  ]  ##   Simulation at step 42
[ NORMAL  ]  ##   New job: : 1x item8, 3x item5, 1x item9 reward(259) 43-100 storage1 loc(2.3717,48.82745) capacity(11049) AuctionJob
[ NORMAL  ]  ##   No valid action available in time for agent agentA22.
[ NORMAL  ]  ##   Simulation at step 43
[ NORMAL  ]  ##   No valid action available in time for agent agentA22.
[ NORMAL  ]  ##   Simulation at step 44
[ NORMAL  ]  ##   No valid action available in time for agent agentA22.
[ NORMAL  ]  ##   Simulation at step 45
[ NORMAL  ]  ##   No valid action available in time for agent agentA22.
[ NORMAL  ]  ##   Simulation at step 46
[ NORMAL  ]  ##   No valid action available in time for agent agentA22.
[ NORMAL  ]  ##   Simulation at step 47
[ NORMAL  ]  ##   No valid action available in time for agent agentA22.
[ NORMAL  ]  ##   Simulation at step 48
[ NORMAL  ]  ##   No valid action available in time for agent agentA22.
[ NORMAL  ]  ##   Simulation at step 49
[ NORMAL  ]  ##   No valid action available in time for agent agentA22.
[ NORMAL  ]  ##   Simulation at step 50
[ NORMAL  ]  ##   No valid action available in time for agent agentA22.
[ NORMAL  ]  ##   Simulation at step 51
[ NORMAL  ]  ##   New job: : 1x item10, 2x item6, 2x item8, 2x item5, 3x item9 reward(465) 52-105 storage0 loc(2.30026,48.8242) capacity(10271) Job
[ NORMAL  ]  ##   No valid action available in time for agent agentA22.
[ NORMAL  ]  ##   Simulation at step 52
[ NORMAL  ]  ##   No valid action available in time for agent agentA22.
[ NORMAL  ]  ##   Simulation at step 53
[ NORMAL  ]  ##   No valid action available in time for agent agentA22.
[ NORMAL  ]  ##   Simulation at step 54
[ NORMAL  ]  ##   No valid action available in time for agent agentA22.
[ NORMAL  ]  ##   Simulation at step 55
[ NORMAL  ]  ##   New job: : 1x item6, 1x item8, 3x item5 reward(193) 56-134 storage0 loc(2.30026,48.8242) capacity(10271) Job
[ NORMAL  ]  ##   No valid action available in time for agent agentA22.
[ NORMAL  ]  ##   Simulation at step 56
[ NORMAL  ]  ##   No valid action available in time for agent agentA22.
[ NORMAL  ]  ##   Simulation at step 57
[ NORMAL  ]  ##   No valid action available in time for agent agentA22.
[ NORMAL  ]  ##   Simulation at step 58
[ NORMAL  ]  ##   No valid action available in time for agent agentA22.
[ NORMAL  ]  ##   Simulation at step 59
[ NORMAL  ]  ##   No valid action available in time for agent agentA22.
[ NORMAL  ]  ##   Simulation at step 60
[ NORMAL  ]  ##   No valid action available in time for agent agentA22.
[ NORMAL  ]  ##   Simulation at step 61
[ NORMAL  ]  ##   No valid action available in time for agent agentA22.
[ NORMAL  ]  ##   Simulation at step 62
[ NORMAL  ]  ##   No valid action available in time for agent agentA22.
[ NORMAL  ]  ##   Simulation at step 63
[ NORMAL  ]  ##   No valid action available in time for agent agentA22.
[ NORMAL  ]  ##   Simulation at step 64
[ NORMAL  ]  ##   Simulation at step 65
[ NORMAL  ]  ##   Simulation at step 66
[ NORMAL  ]  ##   New job: : 1x item10, 1x item6, 1x item7, 3x item8, 2x item9 reward(412) 67-121 storage1 loc(2.3717,48.82745) capacity(11049) AuctionJob
[ NORMAL  ]  ##   Simulation at step 67
[ NORMAL  ]  ##   New job: : 2x item10, 1x item6, 2x item7, 1x item8, 2x item5, 1x item9 reward(420) 68-143 storage1 loc(2.3717,48.82745) capacity(11049) AuctionJob
[ NORMAL  ]  ##   Simulation at step 68
[ NORMAL  ]  ##   New job: : 1x item10, 2x item6, 1x item7, 3x item8, 1x item5 reward(305) 69-141 storage2 loc(2.30345,48.86243) capacity(9401) Job
[ NORMAL  ]  ##   Simulation at step 69
[ NORMAL  ]  ##   Simulation at step 70
[ NORMAL  ]  ##   Simulation at step 71
[ NORMAL  ]  ##   Simulation at step 72
[ NORMAL  ]  ##   Simulation at step 73
[ NORMAL  ]  ##   Simulation at step 74
[ NORMAL  ]  ##   New job: : 1x item6, 1x item9 reward(244) 75-146 storage0 loc(2.30026,48.8242) capacity(10271) Job
[ NORMAL  ]  ##   Simulation at step 75
[ NORMAL  ]  ##   Simulation at step 76
[ NORMAL  ]  ##   Simulation at step 77
[ NORMAL  ]  ##   Simulation at step 78
[ NORMAL  ]  ##   New job: : 1x item10, 2x item7, 1x item8, 1x item5, 1x item9 reward(296) 79-174 storage1 loc(2.3717,48.82745) capacity(11049) Job
[ NORMAL  ]  ##   Simulation at step 79
[ NORMAL  ]  ##   New job: : 4x item10, 1x item7, 1x item8, 1x item5 reward(325) 80-142 storage2 loc(2.30345,48.86243) capacity(9401) Job
[ NORMAL  ]  ##   Simulation at step 80
[ NORMAL  ]  ##   Simulation at step 81
[ NORMAL  ]  ##   New job: : 1x item10, 2x item6, 1x item7, 1x item8, 2x item5, 1x item9 reward(313) 82-155 storage0 loc(2.30026,48.8242) capacity(10271) AuctionJob
[ NORMAL  ]  ##   New job: : 3x item10, 1x item7, 1x item8, 2x item9 reward(423) 82-170 storage1 loc(2.3717,48.82745) capacity(11049) Job
[ NORMAL  ]  ##   Simulation at step 82
[ NORMAL  ]  ##   New job: : 1x item10, 1x item6, 2x item8, 1x item5 reward(237) 83-178 storage1 loc(2.3717,48.82745) capacity(11049) Job
[ NORMAL  ]  ##   Simulation at step 83
[ NORMAL  ]  ##   Simulation at step 84
[ NORMAL  ]  ##   New job: : 5x item10, 1x item6, 1x item7, 1x item8, 2x item9 reward(504) 85-180 storage3 loc(2.40691,48.86627) capacity(9797) Job
[ NORMAL  ]  ##   Simulation at step 85
[ NORMAL  ]  ##   New job: : 1x item10, 2x item6, 2x item7, 1x item8, 1x item5, 2x item9 reward(471) 86-141 storage2 loc(2.30345,48.86243) capacity(9401) AuctionJob
[ NORMAL  ]  ##   Simulation at step 86
[ NORMAL  ]  ##   New job: : 1x item10, 1x item8 reward(162) 87-148 storage3 loc(2.40691,48.86627) capacity(9797) Job
[ NORMAL  ]  ##   Simulation at step 87
[ NORMAL  ]  ##   New job: : 1x item7, 4x item8, 3x item9 reward(441) 88-154 storage3 loc(2.40691,48.86627) capacity(9797) Job
[ NORMAL  ]  ##   Simulation at step 88
[ NORMAL  ]  ##   Simulation at step 89
[ NORMAL  ]  ##   New job: : 2x item10, 1x item6, 2x item7, 1x item8, 1x item5 reward(301) 90-144 storage2 loc(2.30345,48.86243) capacity(9401) Job
[ NORMAL  ]  ##   Simulation at step 90
[ NORMAL  ]  ##   Simulation at step 91
[ NORMAL  ]  ##   Simulation at step 92
[ NORMAL  ]  ##   Simulation at step 93
[ NORMAL  ]  ##   New job: : 1x item10, 2x item5 reward(208) 94-167 storage2 loc(2.30345,48.86243) capacity(9401) Job
[ NORMAL  ]  ##   Simulation at step 94
[ NORMAL  ]  ##   Simulation at step 95
[ NORMAL  ]  ##   Simulation at step 96
[ NORMAL  ]  ##   Simulation at step 97
[ NORMAL  ]  ##   New job: : 1x item6, 1x item7, 1x item8, 1x item5, 1x item9 reward(240) 98-174 storage1 loc(2.3717,48.82745) capacity(11049) Job
[ NORMAL  ]  ##   Simulation at step 98
[ NORMAL  ]  ##   New job: : 1x item6, 4x item7, 2x item5, 3x item9 reward(508) 99-185 storage0 loc(2.30026,48.8242) capacity(10271) Job
[ NORMAL  ]  ##   Simulation at step 99
[ NORMAL  ]  ##   Simulation at step 100
[ NORMAL  ]  ##   Simulation at step 101
[ NORMAL  ]  ##   Simulation at step 102
[ NORMAL  ]  ##   New job: : 3x item10, 2x item6, 1x item7, 1x item5, 1x item9 reward(385) 103-161 storage3 loc(2.40691,48.86627) capacity(9797) AuctionJob
[ NORMAL  ]  ##   Simulation at step 103
[ NORMAL  ]  ##   Simulation at step 104
[ NORMAL  ]  ##   Simulation at step 105
[ NORMAL  ]  ##   Simulation at step 106
[ NORMAL  ]  ##   Simulation at step 107
[ NORMAL  ]  ##   Simulation at step 108
[ NORMAL  ]  ##   Simulation at step 109
[ NORMAL  ]  ##   Simulation at step 110
[ NORMAL  ]  ##   Simulation at step 111
[ NORMAL  ]  ##   Simulation at step 112
[ NORMAL  ]  ##   New job: : 1x item10, 2x item6, 1x item7, 2x item8, 2x item5, 1x item9 reward(336) 113-186 storage3 loc(2.40691,48.86627) capacity(9797) AuctionJob
[ NORMAL  ]  ##   Simulation at step 113
[ NORMAL  ]  ##   Simulation at step 114
[ NORMAL  ]  ##   New job: : 1x item10, 1x item6, 1x item8, 1x item5 reward(266) 115-178 storage3 loc(2.40691,48.86627) capacity(9797) Job
[ NORMAL  ]  ##   Simulation at step 115
[ NORMAL  ]  ##   Simulation at step 116
[ NORMAL  ]  ##   Simulation at step 117
[ NORMAL  ]  ##   New job: : 1x item6, 1x item9 reward(263) 118-177 storage3 loc(2.40691,48.86627) capacity(9797) Job
[ NORMAL  ]  ##   Simulation at step 118
[ NORMAL  ]  ##   Simulation at step 119
[ NORMAL  ]  ##   Simulation at step 120
[ NORMAL  ]  ##   Simulation at step 121
[ NORMAL  ]  ##   Simulation at step 122
[ NORMAL  ]  ##   Simulation at step 123
[ NORMAL  ]  ##   New job: : 1x item10, 1x item6, 1x item7, 1x item8, 1x item5 reward(247) 124-198 storage3 loc(2.40691,48.86627) capacity(9797) Job
[ NORMAL  ]  ##   Simulation at step 124
[ NORMAL  ]  ##   Simulation at step 125
[ NORMAL  ]  ##   Simulation at step 126
[ NORMAL  ]  ##   Simulation at step 127
[ NORMAL  ]  ##   Simulation at step 128
[ NORMAL  ]  ##   New job: : 2x item10, 2x item6, 3x item7, 2x item8 reward(359) 129-200 storage0 loc(2.30026,48.8242) capacity(10271) AuctionJob
[ NORMAL  ]  ##   Simulation at step 129
[ NORMAL  ]  ##   Simulation at step 130
[ NORMAL  ]  ##   New job: : 1x item10, 3x item6, 1x item7, 2x item8, 2x item5 reward(360) 131-189 storage0 loc(2.30026,48.8242) capacity(10271) AuctionJob
[ NORMAL  ]  ##   Simulation at step 131
[ NORMAL  ]  ##   Simulation at step 132
[ NORMAL  ]  ##   New job: : 3x item10, 1x item7, 3x item8, 1x item5, 2x item9 reward(491) 133-214 storage0 loc(2.30026,48.8242) capacity(10271) Job
[ NORMAL  ]  ##   Simulation at step 133
[ NORMAL  ]  ##   Simulation at step 134
[ NORMAL  ]  ##   New job: : 1x item10, 3x item6, 2x item7, 1x item8, 1x item9 reward(413) 135-203 storage2 loc(2.30345,48.86243) capacity(9401) AuctionJob
[ NORMAL  ]  ##   New job: : 1x item10, 1x item6, 2x item8, 3x item5, 1x item9 reward(320) 135-235 storage0 loc(2.30026,48.8242) capacity(10271) Job
[ NORMAL  ]  ##   Simulation at step 135
[ NORMAL  ]  ##   Simulation at step 136
[ NORMAL  ]  ##   Simulation at step 137
[ NORMAL  ]  ##   Simulation at step 138
[ NORMAL  ]  ##   Simulation at step 139
[ NORMAL  ]  ##   Simulation at step 140
[ NORMAL  ]  ##   Simulation at step 141
[ NORMAL  ]  ##   New job: : 3x item10, 1x item6, 1x item8, 1x item5 reward(281) 142-220 storage3 loc(2.40691,48.86627) capacity(9797) Job
[ NORMAL  ]  ##   Simulation at step 142
[ NORMAL  ]  ##   Simulation at step 143
[ NORMAL  ]  ##   Simulation at step 144
[ NORMAL  ]  ##   Simulation at step 145
[ NORMAL  ]  ##   Simulation at step 146
[ NORMAL  ]  ##   Simulation at step 147
[ NORMAL  ]  ##   Simulation at step 148
[ NORMAL  ]  ##   New job: : 3x item5, 1x item9 reward(282) 149-223 storage2 loc(2.30345,48.86243) capacity(9401) Job
[ NORMAL  ]  ##   Simulation at step 149
[ NORMAL  ]  ##   Simulation at step 150
[ NORMAL  ]  ##   Simulation at step 151
[ NORMAL  ]  ##   Simulation at step 152
[ NORMAL  ]  ##   Simulation at step 153
[ NORMAL  ]  ##   New job: : 1x item6, 3x item7, 1x item8, 3x item5 reward(251) 154-227 storage2 loc(2.30345,48.86243) capacity(9401) Job
[ NORMAL  ]  ##   Simulation at step 154
[ NORMAL  ]  ##   Simulation at step 155
[ NORMAL  ]  ##   New job: : 1x item10, 2x item7, 2x item8, 2x item5 reward(316) 156-242 storage1 loc(2.3717,48.82745) capacity(11049) Job
[ NORMAL  ]  ##   Simulation at step 156
[ NORMAL  ]  ##   Simulation at step 157
[ NORMAL  ]  ##   New job: : 1x item7, 3x item8, 1x item9 reward(291) 158-229 storage0 loc(2.30026,48.8242) capacity(10271) Job
[ NORMAL  ]  ##   Simulation at step 158
[ NORMAL  ]  ##   Simulation at step 159
[ NORMAL  ]  ##   Simulation at step 160
[ NORMAL  ]  ##   New job: : 1x item7, 1x item8, 1x item9 reward(299) 161-233 storage1 loc(2.3717,48.82745) capacity(11049) AuctionJob
[ NORMAL  ]  ##   Simulation at step 161
[ NORMAL  ]  ##   Simulation at step 162
[ NORMAL  ]  ##   New job: : 1x item10, 1x item7, 1x item8, 1x item5 reward(206) 163-214 storage0 loc(2.30026,48.8242) capacity(10271) Job
[ NORMAL  ]  ##   Simulation at step 163
[ NORMAL  ]  ##   Simulation at step 164
[ NORMAL  ]  ##   New job: : 1x item8, 1x item9 reward(213) 165-264 storage1 loc(2.3717,48.82745) capacity(11049) Job
[ NORMAL  ]  ##   Simulation at step 165
[ NORMAL  ]  ##   Simulation at step 166
[ NORMAL  ]  ##   Simulation at step 167
[ NORMAL  ]  ##   Simulation at step 168
[ NORMAL  ]  ##   New job: : 1x item10, 2x item6, 1x item7, 3x item8, 2x item5, 1x item9 reward(383) 169-235 storage1 loc(2.3717,48.82745) capacity(11049) Job
[ NORMAL  ]  ##   Simulation at step 169
[ NORMAL  ]  ##   Simulation at step 170
[ NORMAL  ]  ##   Simulation at step 171
[ NORMAL  ]  ##   New job: : 1x item10, 1x item8, 2x item5 reward(251) 172-235 storage0 loc(2.30026,48.8242) capacity(10271) Job
[ NORMAL  ]  ##   Simulation at step 172
[ NORMAL  ]  ##   New job: : 1x item10, 2x item6, 1x item5, 1x item9 reward(321) 173-251 storage1 loc(2.3717,48.82745) capacity(11049) Job
[ NORMAL  ]  ##   New job: : 2x item10, 2x item9 reward(397) 173-225 storage2 loc(2.30345,48.86243) capacity(9401) AuctionJob
[ NORMAL  ]  ##   Simulation at step 173
[ NORMAL  ]  ##   Simulation at step 174
[ NORMAL  ]  ##   Simulation at step 175
[ NORMAL  ]  ##   Simulation at step 176
[ NORMAL  ]  ##   New job: : 2x item10, 1x item6, 1x item9 reward(338) 177-268 storage1 loc(2.3717,48.82745) capacity(11049) AuctionJob
[ NORMAL  ]  ##   Simulation at step 177
[ NORMAL  ]  ##   New job: : 2x item10, 1x item6, 2x item7, 1x item5, 2x item9 reward(416) 178-229 storage2 loc(2.30345,48.86243) capacity(9401) Job
[ NORMAL  ]  ##   Simulation at step 178
[ NORMAL  ]  ##   Simulation at step 179
[ NORMAL  ]  ##   Simulation at step 180
[ NORMAL  ]  ##   New job: : 1x item10, 1x item6, 4x item7, 3x item5, 1x item9 reward(367) 181-241 storage3 loc(2.40691,48.86627) capacity(9797) Job
[ NORMAL  ]  ##   Simulation at step 181
[ NORMAL  ]  ##   Simulation at step 182
[ NORMAL  ]  ##   Simulation at step 183
[ NORMAL  ]  ##   Simulation at step 184
[ NORMAL  ]  ##   New job: : 1x item10, 1x item6, 2x item7, 2x item5, 1x item9 reward(316) 185-266 storage0 loc(2.30026,48.8242) capacity(10271) AuctionJob
[ NORMAL  ]  ##   Simulation at step 185
[ NORMAL  ]  ##   Simulation at step 186
[ NORMAL  ]  ##   Simulation at step 187
[ NORMAL  ]  ##   Simulation at step 188
[ NORMAL  ]  ##   New job: : 1x item8, 1x item5 reward(219) 189-289 storage2 loc(2.30345,48.86243) capacity(9401) Job
[ NORMAL  ]  ##   Simulation at step 189
[ NORMAL  ]  ##   Simulation at step 190
[ NORMAL  ]  ##   Simulation at step 191
[ NORMAL  ]  ##   Simulation at step 192
[ NORMAL  ]  ##   New job: : 1x item10, 1x item6, 1x item7, 2x item8, 1x item9 reward(341) 193-272 storage3 loc(2.40691,48.86627) capacity(9797) Job
[ NORMAL  ]  ##   Simulation at step 193
[ NORMAL  ]  ##   Simulation at step 194
[ NORMAL  ]  ##   New job: : 1x item6, 3x item7, 1x item8, 2x item5, 1x item9 reward(382) 195-251 storage2 loc(2.30345,48.86243) capacity(9401) Job
[ NORMAL  ]  ##   Simulation at step 195
[ NORMAL  ]  ##   Simulation at step 196
[ NORMAL  ]  ##   Simulation at step 197
[ NORMAL  ]  ##   Simulation at step 198
[ NORMAL  ]  ##   New job: : 1x item10, 2x item5, 2x item9 reward(357) 199-274 storage0 loc(2.30026,48.8242) capacity(10271) Job
[ NORMAL  ]  ##   Simulation at step 199
[ NORMAL  ]  ##   New job: : 2x item10, 2x item7, 1x item5, 1x item9 reward(320) 200-300 storage0 loc(2.30026,48.8242) capacity(10271) AuctionJob
[ NORMAL  ]  ##   Simulation at step 200
[ NORMAL  ]  ##   Simulation at step 201
[ NORMAL  ]  ##   Simulation at step 202
[ NORMAL  ]  ##   Simulation at step 203
[ NORMAL  ]  ##   Simulation at step 204
[ NORMAL  ]  ##   Simulation at step 205
[ NORMAL  ]  ##   Simulation at step 206
[ NORMAL  ]  ##   New job: : 2x item6 reward(166) 207-261 storage3 loc(2.40691,48.86627) capacity(9797) Job
[ NORMAL  ]  ##   Simulation at step 207
[ NORMAL  ]  ##   Simulation at step 208
[ NORMAL  ]  ##   Simulation at step 209
[ NORMAL  ]  ##   Simulation at step 210
[ NORMAL  ]  ##   New job: : 1x item10, 4x item8, 1x item5, 1x item9 reward(264) 211-304 storage1 loc(2.3717,48.82745) capacity(11049) Job
[ NORMAL  ]  ##   New job: : 3x item10, 2x item6, 4x item7, 1x item8 reward(441) 211-263 storage1 loc(2.3717,48.82745) capacity(11049) AuctionJob
[ NORMAL  ]  ##   Simulation at step 211
[ NORMAL  ]  ##   New job: : 2x item6, 2x item7, 1x item5, 3x item9 reward(486) 212-293 storage2 loc(2.30345,48.86243) capacity(9401) Job
[ NORMAL  ]  ##   Simulation at step 212
[ NORMAL  ]  ##   Simulation at step 213
[ NORMAL  ]  ##   Simulation at step 214
[ NORMAL  ]  ##   Simulation at step 215
[ NORMAL  ]  ##   Simulation at step 216
[ NORMAL  ]  ##   Simulation at step 217
[ NORMAL  ]  ##   Simulation at step 218
[ NORMAL  ]  ##   Simulation at step 219
[ NORMAL  ]  ##   Simulation at step 220
[ NORMAL  ]  ##   Simulation at step 221
[ NORMAL  ]  ##   Simulation at step 222
[ NORMAL  ]  ##   Simulation at step 223
[ NORMAL  ]  ##   Simulation at step 224
[ NORMAL  ]  ##   Simulation at step 225
[ NORMAL  ]  ##   Simulation at step 226
[ NORMAL  ]  ##   Simulation at step 227
[ NORMAL  ]  ##   Simulation at step 228
[ NORMAL  ]  ##   Simulation at step 229
[ NORMAL  ]  ##   New job: : 1x item6, 2x item5 reward(236) 230-294 storage1 loc(2.3717,48.82745) capacity(11049) Job
[ NORMAL  ]  ##   Simulation at step 230
[ NORMAL  ]  ##   Simulation at step 231
[ NORMAL  ]  ##   New job: : 2x item10, 2x item7, 3x item8, 2x item5, 1x item9 reward(410) 232-314 storage0 loc(2.30026,48.8242) capacity(10271) AuctionJob
[ NORMAL  ]  ##   Simulation at step 232
[ NORMAL  ]  ##   Simulation at step 233
[ NORMAL  ]  ##   Simulation at step 234
[ NORMAL  ]  ##   New job: : 3x item6, 2x item7, 1x item8, 1x item9 reward(318) 235-316 storage2 loc(2.30345,48.86243) capacity(9401) AuctionJob
[ NORMAL  ]  ##   Simulation at step 235
[ NORMAL  ]  ##   New job: : 1x item6, 2x item8, 1x item9 reward(255) 236-323 storage1 loc(2.3717,48.82745) capacity(11049) Job
[ NORMAL  ]  ##   Simulation at step 236
[ NORMAL  ]  ##   Simulation at step 237
[ NORMAL  ]  ##   Simulation at step 238
[ NORMAL  ]  ##   Simulation at step 239
[ NORMAL  ]  ##   Simulation at step 240
[ NORMAL  ]  ##   Simulation at step 241
[ NORMAL  ]  ##   New job: : 2x item6, 1x item5 reward(179) 242-341 storage3 loc(2.40691,48.86627) capacity(9797) Job
[ NORMAL  ]  ##   Simulation at step 242
[ NORMAL  ]  ##   Simulation at step 243
[ NORMAL  ]  ##   New job: : 2x item10, 1x item6, 1x item7, 3x item8, 2x item5 reward(345) 244-303 storage2 loc(2.30345,48.86243) capacity(9401) Job
[ NORMAL  ]  ##   Simulation at step 244
[ NORMAL  ]  ##   Simulation at step 245
[ NORMAL  ]  ##   Simulation at step 246
[ NORMAL  ]  ##   Simulation at step 247
[ NORMAL  ]  ##   New job: : 3x item6, 4x item8, 2x item5, 1x item9 reward(324) 248-335 storage2 loc(2.30345,48.86243) capacity(9401) Job
[ NORMAL  ]  ##   Simulation at step 248
[ NORMAL  ]  ##   Simulation at step 249
[ NORMAL  ]  ##   New job: : 2x item10, 1x item7, 1x item5, 1x item9 reward(344) 250-322 storage3 loc(2.40691,48.86627) capacity(9797) Job
[ NORMAL  ]  ##   Simulation at step 250
[ NORMAL  ]  ##   Simulation at step 251
[ NORMAL  ]  ##   Simulation at step 252
[ NORMAL  ]  ##   Simulation at step 253
[ NORMAL  ]  ##   Simulation at step 254
[ NORMAL  ]  ##   New job: : 1x item7, 1x item8, 2x item5 reward(253) 255-348 storage1 loc(2.3717,48.82745) capacity(11049) Job
[ NORMAL  ]  ##   Simulation at step 255
[ NORMAL  ]  ##   Simulation at step 256
[ NORMAL  ]  ##   New job: : 2x item10, 2x item7, 1x item8, 1x item9 reward(388) 257-354 storage1 loc(2.3717,48.82745) capacity(11049) Job
[ NORMAL  ]  ##   New job: : 1x item10, 1x item6, 2x item7, 2x item8, 2x item5, 1x item9 reward(365) 257-325 storage3 loc(2.40691,48.86627) capacity(9797) AuctionJob
[ NORMAL  ]  ##   Simulation at step 257
[ NORMAL  ]  ##   Simulation at step 258
[ NORMAL  ]  ##   New job: : 2x item5 reward(178) 259-326 storage3 loc(2.40691,48.86627) capacity(9797) AuctionJob
[ NORMAL  ]  ##   Simulation at step 259
[ NORMAL  ]  ##   Simulation at step 260
[ NORMAL  ]  ##   Simulation at step 261
[ NORMAL  ]  ##   Simulation at step 262
[ NORMAL  ]  ##   Simulation at step 263
[ NORMAL  ]  ##   Simulation at step 264
[ NORMAL  ]  ##   New job: : 2x item7, 1x item8 reward(167) 265-329 storage2 loc(2.30345,48.86243) capacity(9401) AuctionJob
[ NORMAL  ]  ##   New job: : 1x item10, 1x item6, 1x item7, 1x item8, 2x item5, 2x item9 reward(361) 265-360 storage2 loc(2.30345,48.86243) capacity(9401) Job
[ NORMAL  ]  ##   Simulation at step 265
[ NORMAL  ]  ##   New job: : 2x item6, 1x item5, 2x item9 reward(303) 266-321 storage3 loc(2.40691,48.86627) capacity(9797) Job
[ NORMAL  ]  ##   Simulation at step 266
[ NORMAL  ]  ##   New job: : 2x item6, 1x item5 reward(170) 267-326 storage2 loc(2.30345,48.86243) capacity(9401) AuctionJob
[ NORMAL  ]  ##   Simulation at step 267
[ NORMAL  ]  ##   New job: : 3x item10, 1x item8, 4x item5, 1x item9 reward(434) 268-326 storage0 loc(2.30026,48.8242) capacity(10271) Job
[ NORMAL  ]  ##   Simulation at step 268
[ NORMAL  ]  ##   New job: : 1x item8, 1x item5, 1x item9 reward(193) 269-347 storage2 loc(2.30345,48.86243) capacity(9401) Job
[ NORMAL  ]  ##   Simulation at step 269
[ NORMAL  ]  ##   Simulation at step 270
[ NORMAL  ]  ##   Simulation at step 271
[ NORMAL  ]  ##   Simulation at step 272
[ NORMAL  ]  ##   Simulation at step 273
[ NORMAL  ]  ##   New job: : 2x item10, 2x item6, 1x item5, 1x item9 reward(347) 274-358 storage3 loc(2.40691,48.86627) capacity(9797) Job
[ NORMAL  ]  ##   New job: : 2x item6, 1x item7 reward(190) 274-349 storage0 loc(2.30026,48.8242) capacity(10271) AuctionJob
[ NORMAL  ]  ##   Simulation at step 274
[ NORMAL  ]  ##   Simulation at step 275
[ NORMAL  ]  ##   New job: : 1x item6, 3x item7, 2x item5, 2x item9 reward(418) 276-335 storage0 loc(2.30026,48.8242) capacity(10271) Job
[ NORMAL  ]  ##   Simulation at step 276
[ NORMAL  ]  ##   Simulation at step 277
[ NORMAL  ]  ##   Simulation at step 278
[ NORMAL  ]  ##   New job: : 1x item10, 1x item6, 1x item7, 2x item9 reward(376) 279-339 storage2 loc(2.30345,48.86243) capacity(9401) Job
[ NORMAL  ]  ##   Simulation at step 279
[ NORMAL  ]  ##   New job: : 3x item10, 2x item6, 1x item7, 3x item8 reward(352) 280-332 storage1 loc(2.3717,48.82745) capacity(11049) Job
[ NORMAL  ]  ##   Simulation at step 280
[ NORMAL  ]  ##   Simulation at step 281
[ NORMAL  ]  ##   New job: : 1x item10, 6x item6, 1x item7, 1x item5 reward(366) 282-343 storage0 loc(2.30026,48.8242) capacity(10271) Job
[ NORMAL  ]  ##   Simulation at step 282
[ NORMAL  ]  ##   New job: : 1x item10, 1x item6, 1x item8, 2x item5, 2x item9 reward(375) 283-382 storage1 loc(2.3717,48.82745) capacity(11049) Job
[ NORMAL  ]  ##   Simulation at step 283
[ NORMAL  ]  ##   New job: : 2x item7, 2x item8 reward(223) 284-335 storage3 loc(2.40691,48.86627) capacity(9797) AuctionJob
[ NORMAL  ]  ##   New job: : 1x item10, 1x item6, 1x item7, 2x item5, 2x item9 reward(378) 284-374 storage0 loc(2.30026,48.8242) capacity(10271) Job
[ NORMAL  ]  ##   Simulation at step 284
[ NORMAL  ]  ##   Simulation at step 285
[ NORMAL  ]  ##   Simulation at step 286
[ NORMAL  ]  ##   Simulation at step 287
[ NORMAL  ]  ##   Simulation at step 288
[ NORMAL  ]  ##   New job: : 1x item10, 4x item6, 2x item7, 1x item8, 1x item5 reward(327) 289-359 storage2 loc(2.30345,48.86243) capacity(9401) Job
[ NORMAL  ]  ##   Simulation at step 289
[ NORMAL  ]  ##   New job: : 1x item10, 1x item6, 1x item8 reward(232) 290-377 storage2 loc(2.30345,48.86243) capacity(9401) AuctionJob
[ NORMAL  ]  ##   Simulation at step 290
[ NORMAL  ]  ##   Simulation at step 291
[ NORMAL  ]  ##   New job: : 2x item10, 2x item6, 1x item8, 3x item5 reward(317) 292-350 storage2 loc(2.30345,48.86243) capacity(9401) AuctionJob
[ NORMAL  ]  ##   Simulation at step 292
[ NORMAL  ]  ##   Simulation at step 293
[ NORMAL  ]  ##   Simulation at step 294
[ NORMAL  ]  ##   Simulation at step 295
[ NORMAL  ]  ##   Simulation at step 296
[ NORMAL  ]  ##   New job: : 3x item10, 2x item7, 2x item5, 3x item9 reward(522) 297-382 storage0 loc(2.30026,48.8242) capacity(10271) Job
[ NORMAL  ]  ##   Simulation at step 297
[ NORMAL  ]  ##   Simulation at step 298
[ NORMAL  ]  ##   Simulation at step 299
[ NORMAL  ]  ##   Simulation at step 300
[ NORMAL  ]  ##   Simulation at step 301
[ NORMAL  ]  ##   New job: : 1x item10, 1x item6, 3x item7, 3x item5 reward(344) 302-364 storage2 loc(2.30345,48.86243) capacity(9401) Job
[ NORMAL  ]  ##   Simulation at step 302
[ NORMAL  ]  ##   New job: : 2x item10, 5x item7, 1x item8, 1x item5, 1x item9 reward(435) 303-374 storage2 loc(2.30345,48.86243) capacity(9401) AuctionJob
[ NORMAL  ]  ##   Simulation at step 303
[ NORMAL  ]  ##   Simulation at step 304
[ NORMAL  ]  ##   Simulation at step 305
[ NORMAL  ]  ##   Simulation at step 306
[ NORMAL  ]  ##   Simulation at step 307
[ NORMAL  ]  ##   Simulation at step 308
[ NORMAL  ]  ##   Simulation at step 309
[ NORMAL  ]  ##   New job: : 1x item6, 1x item7 reward(152) 310-394 storage0 loc(2.30026,48.8242) capacity(10271) Job
[ NORMAL  ]  ##   Simulation at step 310
[ NORMAL  ]  ##   New job: : 2x item6, 4x item8, 2x item9 reward(396) 311-403 storage2 loc(2.30345,48.86243) capacity(9401) Job
[ NORMAL  ]  ##   Simulation at step 311
[ NORMAL  ]  ##   New job: : 4x item7, 2x item8 reward(250) 312-370 storage3 loc(2.40691,48.86627) capacity(9797) Job
[ NORMAL  ]  ##   Simulation at step 312
[ NORMAL  ]  ##   Simulation at step 313
[ NORMAL  ]  ##   New job: : 1x item10, 1x item6, 1x item8, 1x item5, 1x item9 reward(280) 314-404 storage0 loc(2.30026,48.8242) capacity(10271) Job
[ NORMAL  ]  ##   Simulation at step 314
[ NORMAL  ]  ##   Simulation at step 315
[ NORMAL  ]  ##   Simulation at step 316
[ NORMAL  ]  ##   New job: : 1x item10, 2x item6, 1x item7, 4x item8, 2x item9 reward(471) 317-413 storage3 loc(2.40691,48.86627) capacity(9797) Job
[ NORMAL  ]  ##   Simulation at step 317
[ NORMAL  ]  ##   New job: : 2x item10, 1x item7 reward(228) 318-380 storage0 loc(2.30026,48.8242) capacity(10271) AuctionJob
[ NORMAL  ]  ##   Simulation at step 318
[ NORMAL  ]  ##   New job: : 4x item10, 1x item7, 1x item8, 1x item5, 1x item9 reward(464) 319-394 storage1 loc(2.3717,48.82745) capacity(11049) Mission
[ NORMAL  ]  ##   New job: : 4x item10, 1x item7, 1x item8, 1x item5, 1x item9 reward(464) 319-394 storage1 loc(2.3717,48.82745) capacity(11049) Mission
[ NORMAL  ]  ##   Simulation at step 319
[ NORMAL  ]  ##   Simulation at step 320
[ NORMAL  ]  ##   Simulation at step 321
[ NORMAL  ]  ##   Simulation at step 322
[ NORMAL  ]  ##   Simulation at step 323
[ NORMAL  ]  ##   New job: : 2x item10, 2x item7, 1x item5, 3x item9 reward(521) 324-413 storage1 loc(2.3717,48.82745) capacity(11049) AuctionJob
[ NORMAL  ]  ##   New job: : 2x item6, 1x item7, 3x item8, 1x item9 reward(338) 324-377 storage2 loc(2.30345,48.86243) capacity(9401) Job
[ NORMAL  ]  ##   Simulation at step 324
[ NORMAL  ]  ##   New job: : 1x item6, 1x item5, 2x item9 reward(340) 325-383 storage0 loc(2.30026,48.8242) capacity(10271) AuctionJob
[ NORMAL  ]  ##   Simulation at step 325
[ NORMAL  ]  ##   Simulation at step 326
[ NORMAL  ]  ##   Simulation at step 327
[ NORMAL  ]  ##   Simulation at step 328
[ NORMAL  ]  ##   Simulation at step 329
[ NORMAL  ]  ##   Simulation at step 330
[ NORMAL  ]  ##   Simulation at step 331
[ NORMAL  ]  ##   Simulation at step 332
[ NORMAL  ]  ##   Simulation at step 333
[ NORMAL  ]  ##   Simulation at step 334
[ NORMAL  ]  ##   New job: : 1x item10, 3x item7, 1x item8 reward(250) 335-393 storage2 loc(2.30345,48.86243) capacity(9401) Job
[ NORMAL  ]  ##   Simulation at step 335
[ NORMAL  ]  ##   Simulation at step 336
[ NORMAL  ]  ##   New job: : 1x item6, 1x item8, 1x item5 reward(162) 337-392 storage0 loc(2.30026,48.8242) capacity(10271) Job
[ NORMAL  ]  ##   Simulation at step 337
[ NORMAL  ]  ##   Simulation at step 338
[ NORMAL  ]  ##   Simulation at step 339
[ NORMAL  ]  ##   New job: : 1x item10, 1x item6, 1x item7, 2x item8, 1x item5 reward(266) 340-413 storage3 loc(2.40691,48.86627) capacity(9797) AuctionJob
[ NORMAL  ]  ##   Simulation at step 340
[ NORMAL  ]  ##   Simulation at step 341
[ NORMAL  ]  ##   New job: : 1x item10, 3x item6, 2x item7, 1x item5, 3x item9 reward(568) 342-415 storage2 loc(2.30345,48.86243) capacity(9401) Job
[ NORMAL  ]  ##   Simulation at step 342
[ NORMAL  ]  ##   Simulation at step 343
[ NORMAL  ]  ##   Simulation at step 344
[ NORMAL  ]  ##   Simulation at step 345
[ NORMAL  ]  ##   New job: : 1x item10, 1x item7, 1x item9 reward(295) 346-415 storage2 loc(2.30345,48.86243) capacity(9401) Job
[ NORMAL  ]  ##   Simulation at step 346
[ NORMAL  ]  ##   Simulation at step 347
[ NORMAL  ]  ##   New job: : 1x item10, 1x item6, 1x item7, 1x item8 reward(206) 348-427 storage0 loc(2.30026,48.8242) capacity(10271) Job
[ NORMAL  ]  ##   Simulation at step 348
[ NORMAL  ]  ##   New job: : 3x item10, 3x item7, 2x item5 reward(325) 349-413 storage1 loc(2.3717,48.82745) capacity(11049) Job
[ NORMAL  ]  ##   Simulation at step 349
[ NORMAL  ]  ##   Simulation at step 350
[ NORMAL  ]  ##   Simulation at step 351
[ NORMAL  ]  ##   Simulation at step 352
[ NORMAL  ]  ##   Simulation at step 353
[ NORMAL  ]  ##   Simulation at step 354
[ NORMAL  ]  ##   New job: : 2x item10, 1x item6, 1x item7, 1x item9 reward(338) 355-412 storage0 loc(2.30026,48.8242) capacity(10271) Job
[ NORMAL  ]  ##   Simulation at step 355
[ NORMAL  ]  ##   Simulation at step 356
[ NORMAL  ]  ##   Simulation at step 357
[ NORMAL  ]  ##   Simulation at step 358
[ NORMAL  ]  ##   Simulation at step 359
[ NORMAL  ]  ##   Simulation at step 360
