[ NORMAL  ]  ##   Please press ENTER to start the tournament.
[ NORMAL  ]  ##   got authentication: username=agentB14 password=1 address=127.0.0.1
[ NORMAL  ]  ##   got authentication: username=agentA1 password=1 address=127.0.0.1
[ NORMAL  ]  ##   got authentication: username=agentB20 password=1 address=127.0.0.1
[ NORMAL  ]  ##   got authentication: username=agentB2 password=1 address=127.0.0.1
[ NORMAL  ]  ##   got authentication: username=agentA19 password=1 address=127.0.0.1
[ NORMAL  ]  ##   got authentication: username=agentA18 password=1 address=127.0.0.1
[ NORMAL  ]  ##   got authentication: username=agentB25 password=1 address=127.0.0.1
[ NORMAL  ]  ##   got authentication: username=agentB21 password=1 address=127.0.0.1
[ NORMAL  ]  ##   got authentication: username=agentA12 password=1 address=127.0.0.1
[ NORMAL  ]  ##   got authentication: username=agentB17 password=1 address=127.0.0.1
[ NORMAL  ]  ##   got authentication: username=agentB1 password=1 address=127.0.0.1
[ NORMAL  ]  ##   got authentication: username=agentA17 password=1 address=127.0.0.1
[ NORMAL  ]  ##   got authentication: username=agentB32 password=1 address=127.0.0.1
[ NORMAL  ]  ##   got authentication: username=agentB22 password=1 address=127.0.0.1
[ NORMAL  ]  ##   got authentication: username=agentB19 password=1 address=127.0.0.1
[ NORMAL  ]  ##   got authentication: username=agentB29 password=1 address=127.0.0.1
[ NORMAL  ]  ##   got authentication: username=agentB28 password=1 address=127.0.0.1
[ NORMAL  ]  ##   got authentication: username=agentB13 password=1 address=127.0.0.1
[ NORMAL  ]  ##   got authentication: username=agentB18 password=1 address=127.0.0.1
[ NORMAL  ]  ##   got authentication: username=agentB31 password=1 address=127.0.0.1
[ NORMAL  ]  ##   got authentication: username=agentB34 password=1 address=127.0.0.1
[ NORMAL  ]  ##   got authentication: username=agentB12 password=1 address=127.0.0.1
[ NORMAL  ]  ##   got authentication: username=agentB6 password=1 address=127.0.0.1
[ NORMAL  ]  ##   got authentication: username=agentB9 password=1 address=127.0.0.1
[ NORMAL  ]  ##   got authentication: username=agentA34 password=1 address=127.0.0.1
[ NORMAL  ]  ##   got authentication: username=agentA2 password=1 address=127.0.0.1
[ NORMAL  ]  ##   got authentication: username=agentA16 password=1 address=127.0.0.1
[ NORMAL  ]  ##   got authentication: username=agentB10 password=1 address=127.0.0.1
[ NORMAL  ]  ##   got authentication: username=agentB4 password=1 address=127.0.0.1
[ NORMAL  ]  ##   got authentication: username=agentA14 password=1 address=127.0.0.1
[ NORMAL  ]  ##   got authentication: username=agentB16 password=1 address=127.0.0.1
[ NORMAL  ]  ##   got authentication: username=agentB8 password=1 address=127.0.0.1
[ NORMAL  ]  ##   got authentication: username=agentB11 password=1 address=127.0.0.1
[ NORMAL  ]  ##   got authentication: username=agentA13 password=1 address=127.0.0.1
[ NORMAL  ]  ##   got authentication: username=agentB5 password=1 address=127.0.0.1
[ NORMAL  ]  ##   got authentication: username=agentB33 password=1 address=127.0.0.1
[ NORMAL  ]  ##   got authentication: username=agentB3 password=1 address=127.0.0.1
[ NORMAL  ]  ##   got authentication: username=agentB23 password=1 address=127.0.0.1
[ NORMAL  ]  ##   got authentication: username=agentB30 password=1 address=127.0.0.1
[ NORMAL  ]  ##   got authentication: username=agentB27 password=1 address=127.0.0.1
[ NORMAL  ]  ##   got authentication: username=agentB24 password=1 address=127.0.0.1
[ NORMAL  ]  ##   got authentication: username=agentB15 password=1 address=127.0.0.1
[ NORMAL  ]  ##   got authentication: username=agentB7 password=1 address=127.0.0.1
[ NORMAL  ]  ##   got authentication: username=agentB26 password=1 address=127.0.0.1
[ NORMAL  ]  ##   got authentication: username=agentA31 password=1 address=127.0.0.1
[ NORMAL  ]  ##   got authentication: username=agentA30 password=1 address=127.0.0.1
[ NORMAL  ]  ##   got authentication: username=agentA10 password=1 address=127.0.0.1
[ NORMAL  ]  ##   got authentication: username=agentA15 password=1 address=127.0.0.1
[ NORMAL  ]  ##   got authentication: username=agentA32 password=1 address=127.0.0.1
[ NORMAL  ]  ##   got authentication: username=agentA11 password=1 address=127.0.0.1
[ NORMAL  ]  ##   got authentication: username=agentA33 password=1 address=127.0.0.1
[ NORMAL  ]  ##   got authentication: username=agentA7 password=1 address=127.0.0.1
[ NORMAL  ]  ##   got authentication: username=agentA6 password=1 address=127.0.0.1
[ NORMAL  ]  ##   got authentication: username=agentA8 password=1 address=127.0.0.1
[ NORMAL  ]  ##   got authentication: username=agentA5 password=1 address=127.0.0.1
[ NORMAL  ]  ##   got authentication: username=agentA3 password=1 address=127.0.0.1
[ NORMAL  ]  ##   got authentication: username=agentA9 password=1 address=127.0.0.1
[ NORMAL  ]  ##   got authentication: username=agentA27 password=1 address=127.0.0.1
[ NORMAL  ]  ##   got authentication: username=agentA26 password=1 address=127.0.0.1
[ NORMAL  ]  ##   got authentication: username=agentA4 password=1 address=127.0.0.1
[ NORMAL  ]  ##   got authentication: username=agentA28 password=1 address=127.0.0.1
[ NORMAL  ]  ##   got authentication: username=agentA21 password=1 address=127.0.0.1
[ NORMAL  ]  ##   got authentication: username=agentA23 password=1 address=127.0.0.1
[ NORMAL  ]  ##   got authentication: username=agentA22 password=1 address=127.0.0.1
[ NORMAL  ]  ##   got authentication: username=agentA20 password=1 address=127.0.0.1
[ NORMAL  ]  ##   got authentication: username=agentA29 password=1 address=127.0.0.1
[ NORMAL  ]  ##   got authentication: username=agentA24 password=1 address=127.0.0.1
[ NORMAL  ]  ##   got authentication: username=agentA25 password=1 address=127.0.0.1
[ NORMAL  ]  ##   Configuring random seed: 18
[ NORMAL  ]  ##   Configuring facilities quadSize: 0.04
[ NORMAL  ]  ##   Configuring facilities charging station density: 0.9
[ NORMAL  ]  ##   Configuring facilities charging station rateMin: 20
[ NORMAL  ]  ##   Configuring facilities charging station rateMax: 40
[ NORMAL  ]  ##   Configuring facilities shop density: 0.8
[ NORMAL  ]  ##   Config: tradeModMin set to 1
[ NORMAL  ]  ##   Config: tradeModMax set to 4
[ NORMAL  ]  ##   Configuring facilities dump density: 0.6
[ NORMAL  ]  ##   Configuring facilities workshops density: 0.6
[ NORMAL  ]  ##   Configuring facilities storage density: 0.8
[ NORMAL  ]  ##   Configuring facilities storage capacityMin: 7500
[ NORMAL  ]  ##   Configuring facilities storage capacityMax: 15000
[ NORMAL  ]  ##   Configuring facilities resource node density: 0.7
[ NORMAL  ]  ##   Config: thresholdMin set to 10
[ NORMAL  ]  ##   Config: thresholdMax set to 20
[ NORMAL  ]  ##   Config: wellTypesMin set to 2
[ NORMAL  ]  ##   Config: wellTypesMax set to 5
[ NORMAL  ]  ##   Config: baseEfficiencyMin set to 1
[ NORMAL  ]  ##   Config: baseEfficiencyMax set to 5
[ NORMAL  ]  ##   Config: efficiencyIncreaseMin set to 1
[ NORMAL  ]  ##   Config: efficiencyIncreaseMax set to 5
[ NORMAL  ]  ##   Config: baseIntegrityMin set to 50
[ NORMAL  ]  ##   Config: baseIntegrityMax set to 100
[ NORMAL  ]  ##   Config: costFactor set to 100
[ NORMAL  ]  ##   Configuring items levelDecreaseMin: 1
[ NORMAL  ]  ##   Configuring items levelDecreaseMax: 2
[ NORMAL  ]  ##   Configuring items graphDepthMin: 3
[ NORMAL  ]  ##   Configuring items graphDepthMax: 4
[ NORMAL  ]  ##   Configuring items resourcesMin: 4
[ NORMAL  ]  ##   Configuring items resourcesMax: 6
[ NORMAL  ]  ##   Config: volMin set to 5
[ NORMAL  ]  ##   Config: volMax set to 10
[ NORMAL  ]  ##   Config: partsMin set to 2
[ NORMAL  ]  ##   Config: partsMax set to 8
[ NORMAL  ]  ##   Config: jobProbability set to 0.2
[ NORMAL  ]  ##   Config: auctionProbability set to 0.1
[ NORMAL  ]  ##   Config: missionProbability set to 0.01
[ NORMAL  ]  ##   Config: jobDurationMin set to 50
[ NORMAL  ]  ##   Config: jobDurationMax set to 100
[ NORMAL  ]  ##   Config: rewardModMin set to 100
[ NORMAL  ]  ##   Config: rewardModMax set to 200
[ NORMAL  ]  ##   Config: rewardScale set to 5
[ NORMAL  ]  ##   Config: itemCountMin set to 2
[ NORMAL  ]  ##   Config: itemCountMax set to 10
[ NORMAL  ]  ##   Config: auctionTime set to 5
[ NORMAL  ]  ##   Configuring simulation id: 2018-SampleSimulation
[ NORMAL  ]  ##   Configuring scenario map: paris
[ NORMAL  ]  ##   Configuring scenario seedCapital: 5000
[ NORMAL  ]  ##   Configuring scenario minLon: 2.26
[ NORMAL  ]  ##   Configuring scenario maxLon: 2.41
[ NORMAL  ]  ##   Configuring scenario minLat: 48.82
[ NORMAL  ]  ##   Configuring scenario maxLat: 48.9
[ NORMAL  ]  ##   Configuring scenario proximity: 5
[ NORMAL  ]  ##   Configuring scenario cellSize: 200
[ NORMAL  ]  ##   Configuring scenario centerLat: 48.8424
[ NORMAL  ]  ##   Configuring scenario centerLon: 2.3209
[ NORMAL  ]  ##   Configuring random fail probability: 1
[ NORMAL  ]  ##   Configuring cost for goto: 1
[ NORMAL  ]  ##   Configuring recharge rate: 0.3
[ NORMAL  ]  ##   item0: vol(7), val(0)
[ NORMAL  ]  ##   item1: vol(5), val(0)
[ NORMAL  ]  ##   item2: vol(9), val(0)
[ NORMAL  ]  ##   item3: vol(7), val(0)
[ NORMAL  ]  ##   item4: vol(5), val(0)
[ NORMAL  ]  ##   item5: vol(5), val(2)
[ NORMAL  ]  ##   item6: vol(5), val(5)
[ NORMAL  ]  ##   item7: vol(5), val(5)
[ NORMAL  ]  ##   item8: vol(10), val(2)
[ NORMAL  ]  ##   item9: vol(6), val(13)
[ NORMAL  ]  ##   item10: vol(7), val(8)
[ ERROR  ]  ##   GH: Connection between locations not found
[ NORMAL  ]  ##   Created facility: chargingStation0 loc(2.28473,48.83015) rate(22)
[ NORMAL  ]  ##   Created facility: chargingStation1 loc(2.31813,48.85317) rate(33)
[ NORMAL  ]  ##   Created facility: chargingStation2 loc(2.3726,48.85742) rate(24)
[ NORMAL  ]  ##   Created facility: chargingStation3 loc(2.39448,48.84793) rate(33)
[ NORMAL  ]  ##   Created facility: chargingStation4 loc(2.28371,48.87003) rate(27)
[ NORMAL  ]  ##   Created facility: chargingStation5 loc(2.34642,48.88577) rate(35)
[ NORMAL  ]  ##   Created facility: shop0 loc(2.31271,48.84675) tradeMod(3)
[ NORMAL  ]  ##   Created facility: shop1 loc(2.35044,48.83829) tradeMod(3)
[ NORMAL  ]  ##   Created facility: shop2 loc(2.40201,48.85095) tradeMod(1)
[ NORMAL  ]  ##   Created facility: shop3 loc(2.27393,48.87675) tradeMod(1)
[ NORMAL  ]  ##   Created facility: shop4 loc(2.30934,48.88958) tradeMod(2)
[ NORMAL  ]  ##   Created facility: shop5 loc(2.37592,48.86151) tradeMod(4)
[ NORMAL  ]  ##   Created facility: shop6 loc(2.39246,48.86342) tradeMod(3)
[ NORMAL  ]  ##   Created facility: dump0 loc(2.32361,48.85587)
[ NORMAL  ]  ##   Created facility: dump1 loc(2.32883,48.88682)
[ NORMAL  ]  ##   Created facility: dump2 loc(2.40587,48.87214)
[ NORMAL  ]  ##   Created facility: workshop0 loc(2.28949,48.82453)
[ NORMAL  ]  ##   Created facility: workshop1 loc(2.31017,48.82456)
[ NORMAL  ]  ##   Created facility: workshop2 loc(2.38397,48.83966)
[ NORMAL  ]  ##   Created facility: workshop3 loc(2.40692,48.89408)
[ NORMAL  ]  ##   Created facility: storage0 loc(2.30026,48.8242) capacity(10271)
[ NORMAL  ]  ##   Created facility: storage1 loc(2.3717,48.82745) capacity(11049)
[ NORMAL  ]  ##   Created facility: storage2 loc(2.30345,48.86243) capacity(9401)
[ NORMAL  ]  ##   Created facility: storage3 loc(2.40691,48.86627) capacity(9797)
[ NORMAL  ]  ##   Created facility: node0 loc(2.28052,48.82229)
[ NORMAL  ]  ##   Created facility: node1 loc(2.28618,48.88471)
[ NORMAL  ]  ##   Created facility: node2 loc(2.28021,48.82903)
[ NORMAL  ]  ##   Created facility: node3 loc(2.32476,48.86256)
[ NORMAL  ]  ##   Created facility: node4 loc(2.33733,48.83519)
[ NORMAL  ]  ##   Created facility: node5 loc(2.29516,48.85633)
[ NORMAL  ]  ##   Created facility: node6 loc(2.31371,48.84778)
[ NORMAL  ]  ##   Created facility: node7 loc(2.40798,48.83675)
[ NORMAL  ]  ##   Created facility: node8 loc(2.27757,48.89868)
[ NORMAL  ]  ##   Created facility: node9 loc(2.30791,48.89597)
[ NORMAL  ]  ##   Created facility: node10 loc(2.34388,48.8651)
[ NORMAL  ]  ##   wellType0: eff(4), int(73), cost(600)
[ NORMAL  ]  ##   wellType1: eff(8), int(65), cost(1082)
[ NORMAL  ]  ##   wellType2: eff(11), int(96), cost(1431)
[ NORMAL  ]  ##   wellType3: eff(12), int(87), cost(1546)
[ NORMAL  ]  ##   wellType4: eff(17), int(71), cost(2112)
[ NORMAL  ]  ##   Simulation at step 0
[ NORMAL  ]  ##   New job: : 1x item6, 2x item7, 3x item9 reward(392) 1-77 storage0 loc(2.30026,48.8242) capacity(10271) Job
[ NORMAL  ]  ##   No valid action available in time for agent agentA21.
[ NORMAL  ]  ##   No valid action available in time for agent agentA23.
[ NORMAL  ]  ##   No valid action available in time for agent agentB13.
[ NORMAL  ]  ##   No valid action available in time for agent agentA27.
[ NORMAL  ]  ##   No valid action available in time for agent agentA3.
[ NORMAL  ]  ##   No valid action available in time for agent agentA18.
[ NORMAL  ]  ##   No valid action available in time for agent agentA8.
[ NORMAL  ]  ##   No valid action available in time for agent agentB33.
[ NORMAL  ]  ##   No valid action available in time for agent agentA12.
[ NORMAL  ]  ##   No valid action available in time for agent agentB17.
[ NORMAL  ]  ##   No valid action available in time for agent agentB14.
[ NORMAL  ]  ##   No valid action available in time for agent agentA7.
[ NORMAL  ]  ##   No valid action available in time for agent agentA11.
[ NORMAL  ]  ##   No valid action available in time for agent agentA6.
[ NORMAL  ]  ##   No valid action available in time for agent agentB6.
[ NORMAL  ]  ##   No valid action available in time for agent agentB1.
[ NORMAL  ]  ##   No valid action available in time for agent agentA17.
[ NORMAL  ]  ##   No valid action available in time for agent agentA22.
[ NORMAL  ]  ##   No valid action available in time for agent agentA29.
[ NORMAL  ]  ##   No valid action available in time for agent agentA10.
[ NORMAL  ]  ##   No valid action available in time for agent agentB23.
[ NORMAL  ]  ##   No valid action available in time for agent agentA14.
[ NORMAL  ]  ##   No valid action available in time for agent agentB4.
[ NORMAL  ]  ##   No valid action available in time for agent agentB16.
[ NORMAL  ]  ##   No valid action available in time for agent agentA30.
[ NORMAL  ]  ##   No valid action available in time for agent agentB11.
[ NORMAL  ]  ##   No valid action available in time for agent agentA15.
[ NORMAL  ]  ##   No valid action available in time for agent agentB19.
[ NORMAL  ]  ##   No valid action available in time for agent agentB34.
[ NORMAL  ]  ##   No valid action available in time for agent agentB21.
[ NORMAL  ]  ##   No valid action available in time for agent agentB24.
[ NORMAL  ]  ##   No valid action available in time for agent agentB31.
[ NORMAL  ]  ##   No valid action available in time for agent agentB7.
[ NORMAL  ]  ##   No valid action available in time for agent agentA19.
[ NORMAL  ]  ##   No valid action available in time for agent agentA5.
[ NORMAL  ]  ##   No valid action available in time for agent agentA9.
[ NORMAL  ]  ##   No valid action available in time for agent agentB20.
[ NORMAL  ]  ##   No valid action available in time for agent agentB5.
[ NORMAL  ]  ##   No valid action available in time for agent agentB25.
[ NORMAL  ]  ##   No valid action available in time for agent agentB10.
[ NORMAL  ]  ##   No valid action available in time for agent agentB26.
[ NORMAL  ]  ##   No valid action available in time for agent agentB28.
[ NORMAL  ]  ##   No valid action available in time for agent agentA31.
[ NORMAL  ]  ##   No valid action available in time for agent agentA34.
[ NORMAL  ]  ##   No valid action available in time for agent agentB32.
[ NORMAL  ]  ##   No valid action available in time for agent agentB9.
[ NORMAL  ]  ##   No valid action available in time for agent agentB18.
[ NORMAL  ]  ##   No valid action available in time for agent agentA13.
[ NORMAL  ]  ##   No valid action available in time for agent agentB15.
[ NORMAL  ]  ##   No valid action available in time for agent agentA24.
[ NORMAL  ]  ##   No valid action available in time for agent agentB8.
[ NORMAL  ]  ##   No valid action available in time for agent agentA28.
[ NORMAL  ]  ##   No valid action available in time for agent agentB12.
[ NORMAL  ]  ##   No valid action available in time for agent agentB27.
[ NORMAL  ]  ##   No valid action available in time for agent agentA32.
[ NORMAL  ]  ##   No valid action available in time for agent agentA26.
[ NORMAL  ]  ##   No valid action available in time for agent agentA16.
[ NORMAL  ]  ##   No valid action available in time for agent agentA33.
[ NORMAL  ]  ##   No valid action available in time for agent agentA20.
[ NORMAL  ]  ##   No valid action available in time for agent agentA1.
[ NORMAL  ]  ##   No valid action available in time for agent agentB29.
[ NORMAL  ]  ##   No valid action available in time for agent agentB22.
[ NORMAL  ]  ##   No valid action available in time for agent agentB3.
[ NORMAL  ]  ##   No valid action available in time for agent agentB30.
[ NORMAL  ]  ##   No valid action available in time for agent agentA2.
[ NORMAL  ]  ##   No valid action available in time for agent agentA25.
[ NORMAL  ]  ##   No valid action available in time for agent agentB2.
[ NORMAL  ]  ##   Simulation at step 1
[ NORMAL  ]  ##   No valid action available in time for agent agentA21.
[ NORMAL  ]  ##   No valid action available in time for agent agentA3.
[ NORMAL  ]  ##   No valid action available in time for agent agentB11.
[ NORMAL  ]  ##   No valid action available in time for agent agentA11.
[ NORMAL  ]  ##   No valid action available in time for agent agentA20.
[ NORMAL  ]  ##   No valid action available in time for agent agentA10.
[ NORMAL  ]  ##   No valid action available in time for agent agentA18.
[ NORMAL  ]  ##   No valid action available in time for agent agentB15.
[ NORMAL  ]  ##   No valid action available in time for agent agentA7.
[ NORMAL  ]  ##   No valid action available in time for agent agentA30.
[ NORMAL  ]  ##   No valid action available in time for agent agentA27.
[ NORMAL  ]  ##   No valid action available in time for agent agentB14.
[ NORMAL  ]  ##   No valid action available in time for agent agentA15.
[ NORMAL  ]  ##   No valid action available in time for agent agentB4.
[ NORMAL  ]  ##   No valid action available in time for agent agentB9.
[ NORMAL  ]  ##   No valid action available in time for agent agentB2.
[ NORMAL  ]  ##   No valid action available in time for agent agentB13.
[ NORMAL  ]  ##   No valid action available in time for agent agentB6.
[ NORMAL  ]  ##   No valid action available in time for agent agentB16.
[ NORMAL  ]  ##   No valid action available in time for agent agentB18.
[ NORMAL  ]  ##   No valid action available in time for agent agentA25.
[ NORMAL  ]  ##   No valid action available in time for agent agentB20.
[ NORMAL  ]  ##   No valid action available in time for agent agentA9.
[ NORMAL  ]  ##   No valid action available in time for agent agentB33.
[ NORMAL  ]  ##   No valid action available in time for agent agentB26.
[ NORMAL  ]  ##   No valid action available in time for agent agentB12.
[ NORMAL  ]  ##   No valid action available in time for agent agentB19.
[ NORMAL  ]  ##   No valid action available in time for agent agentA12.
[ NORMAL  ]  ##   No valid action available in time for agent agentA22.
[ NORMAL  ]  ##   No valid action available in time for agent agentA13.
[ NORMAL  ]  ##   No valid action available in time for agent agentB10.
[ NORMAL  ]  ##   No valid action available in time for agent agentB28.
[ NORMAL  ]  ##   No valid action available in time for agent agentB27.
[ NORMAL  ]  ##   No valid action available in time for agent agentA23.
[ NORMAL  ]  ##   No valid action available in time for agent agentA31.
[ NORMAL  ]  ##   No valid action available in time for agent agentA24.
[ NORMAL  ]  ##   No valid action available in time for agent agentA5.
[ NORMAL  ]  ##   No valid action available in time for agent agentA34.
[ NORMAL  ]  ##   No valid action available in time for agent agentB8.
[ NORMAL  ]  ##   No valid action available in time for agent agentA33.
[ NORMAL  ]  ##   No valid action available in time for agent agentB25.
[ NORMAL  ]  ##   No valid action available in time for agent agentB30.
[ NORMAL  ]  ##   No valid action available in time for agent agentA14.
[ NORMAL  ]  ##   No valid action available in time for agent agentA32.
[ NORMAL  ]  ##   No valid action available in time for agent agentB23.
[ NORMAL  ]  ##   No valid action available in time for agent agentB22.
[ NORMAL  ]  ##   No valid action available in time for agent agentB17.
[ NORMAL  ]  ##   No valid action available in time for agent agentA29.
[ NORMAL  ]  ##   No valid action available in time for agent agentA16.
[ NORMAL  ]  ##   No valid action available in time for agent agentA1.
[ NORMAL  ]  ##   No valid action available in time for agent agentA2.
[ NORMAL  ]  ##   No valid action available in time for agent agentA8.
[ NORMAL  ]  ##   No valid action available in time for agent agentB3.
[ NORMAL  ]  ##   No valid action available in time for agent agentB34.
[ NORMAL  ]  ##   No valid action available in time for agent agentA17.
[ NORMAL  ]  ##   No valid action available in time for agent agentA28.
[ NORMAL  ]  ##   No valid action available in time for agent agentB21.
[ NORMAL  ]  ##   No valid action available in time for agent agentA6.
[ NORMAL  ]  ##   No valid action available in time for agent agentB32.
[ NORMAL  ]  ##   No valid action available in time for agent agentA26.
[ NORMAL  ]  ##   No valid action available in time for agent agentA19.
[ NORMAL  ]  ##   No valid action available in time for agent agentB29.
[ NORMAL  ]  ##   No valid action available in time for agent agentB7.
[ NORMAL  ]  ##   No valid action available in time for agent agentB1.
[ NORMAL  ]  ##   No valid action available in time for agent agentB24.
[ NORMAL  ]  ##   No valid action available in time for agent agentB5.
[ NORMAL  ]  ##   No valid action available in time for agent agentB31.
[ NORMAL  ]  ##   Simulation at step 2
[ NORMAL  ]  ##   No valid action available in time for agent agentA16.
[ NORMAL  ]  ##   No valid action available in time for agent agentA24.
[ NORMAL  ]  ##   No valid action available in time for agent agentA19.
[ NORMAL  ]  ##   No valid action available in time for agent agentA3.
[ NORMAL  ]  ##   No valid action available in time for agent agentA7.
[ NORMAL  ]  ##   No valid action available in time for agent agentA21.
[ NORMAL  ]  ##   No valid action available in time for agent agentA29.
[ NORMAL  ]  ##   No valid action available in time for agent agentA8.
[ NORMAL  ]  ##   No valid action available in time for agent agentA20.
[ NORMAL  ]  ##   No valid action available in time for agent agentA34.
[ NORMAL  ]  ##   No valid action available in time for agent agentA33.
[ NORMAL  ]  ##   No valid action available in time for agent agentA22.
[ NORMAL  ]  ##   No valid action available in time for agent agentA14.
[ NORMAL  ]  ##   No valid action available in time for agent agentA1.
[ NORMAL  ]  ##   No valid action available in time for agent agentA25.
[ NORMAL  ]  ##   No valid action available in time for agent agentA32.
[ NORMAL  ]  ##   No valid action available in time for agent agentB34.
[ NORMAL  ]  ##   No valid action available in time for agent agentA2.
[ NORMAL  ]  ##   No valid action available in time for agent agentA5.
[ NORMAL  ]  ##   No valid action available in time for agent agentB22.
[ NORMAL  ]  ##   No valid action available in time for agent agentB11.
[ NORMAL  ]  ##   No valid action available in time for agent agentA30.
[ NORMAL  ]  ##   No valid action available in time for agent agentB7.
[ NORMAL  ]  ##   No valid action available in time for agent agentA15.
[ NORMAL  ]  ##   No valid action available in time for agent agentB31.
[ NORMAL  ]  ##   No valid action available in time for agent agentB14.
[ NORMAL  ]  ##   No valid action available in time for agent agentA23.
[ NORMAL  ]  ##   No valid action available in time for agent agentB28.
[ NORMAL  ]  ##   No valid action available in time for agent agentB10.
[ NORMAL  ]  ##   No valid action available in time for agent agentB21.
[ NORMAL  ]  ##   No valid action available in time for agent agentB13.
[ NORMAL  ]  ##   No valid action available in time for agent agentB33.
[ NORMAL  ]  ##   No valid action available in time for agent agentA18.
[ NORMAL  ]  ##   No valid action available in time for agent agentB32.
[ NORMAL  ]  ##   No valid action available in time for agent agentA31.
[ NORMAL  ]  ##   No valid action available in time for agent agentB2.
[ NORMAL  ]  ##   No valid action available in time for agent agentB8.
[ NORMAL  ]  ##   No valid action available in time for agent agentB18.
[ NORMAL  ]  ##   No valid action available in time for agent agentB4.
[ NORMAL  ]  ##   No valid action available in time for agent agentB17.
[ NORMAL  ]  ##   No valid action available in time for agent agentB20.
[ NORMAL  ]  ##   No valid action available in time for agent agentA13.
[ NORMAL  ]  ##   No valid action available in time for agent agentA9.
[ NORMAL  ]  ##   No valid action available in time for agent agentA11.
[ NORMAL  ]  ##   No valid action available in time for agent agentB27.
[ NORMAL  ]  ##   No valid action available in time for agent agentB16.
[ NORMAL  ]  ##   No valid action available in time for agent agentB12.
[ NORMAL  ]  ##   No valid action available in time for agent agentB29.
[ NORMAL  ]  ##   No valid action available in time for agent agentB3.
[ NORMAL  ]  ##   No valid action available in time for agent agentB15.
[ NORMAL  ]  ##   No valid action available in time for agent agentB24.
[ NORMAL  ]  ##   No valid action available in time for agent agentA17.
[ NORMAL  ]  ##   No valid action available in time for agent agentB5.
[ NORMAL  ]  ##   No valid action available in time for agent agentA28.
[ NORMAL  ]  ##   No valid action available in time for agent agentA10.
[ NORMAL  ]  ##   No valid action available in time for agent agentA27.
[ NORMAL  ]  ##   No valid action available in time for agent agentB6.
[ NORMAL  ]  ##   No valid action available in time for agent agentB26.
[ NORMAL  ]  ##   No valid action available in time for agent agentB19.
[ NORMAL  ]  ##   No valid action available in time for agent agentA12.
[ NORMAL  ]  ##   No valid action available in time for agent agentB25.
[ NORMAL  ]  ##   No valid action available in time for agent agentA26.
[ NORMAL  ]  ##   No valid action available in time for agent agentA6.
[ NORMAL  ]  ##   No valid action available in time for agent agentB1.
[ NORMAL  ]  ##   No valid action available in time for agent agentB9.
[ NORMAL  ]  ##   No valid action available in time for agent agentB30.
[ NORMAL  ]  ##   No valid action available in time for agent agentB23.
[ NORMAL  ]  ##   Simulation at step 3
[ NORMAL  ]  ##   No valid action available in time for agent agentA20.
[ NORMAL  ]  ##   No valid action available in time for agent agentA21.
[ NORMAL  ]  ##   No valid action available in time for agent agentA25.
[ NORMAL  ]  ##   No valid action available in time for agent agentA32.
[ NORMAL  ]  ##   No valid action available in time for agent agentA23.
[ NORMAL  ]  ##   No valid action available in time for agent agentA22.
[ NORMAL  ]  ##   No valid action available in time for agent agentB8.
[ NORMAL  ]  ##   No valid action available in time for agent agentA18.
[ NORMAL  ]  ##   No valid action available in time for agent agentA12.
[ NORMAL  ]  ##   No valid action available in time for agent agentB31.
[ NORMAL  ]  ##   No valid action available in time for agent agentB33.
[ NORMAL  ]  ##   No valid action available in time for agent agentB9.
[ NORMAL  ]  ##   No valid action available in time for agent agentA5.
[ NORMAL  ]  ##   No valid action available in time for agent agentA10.
[ NORMAL  ]  ##   No valid action available in time for agent agentA6.
[ NORMAL  ]  ##   No valid action available in time for agent agentA19.
[ NORMAL  ]  ##   No valid action available in time for agent agentA8.
[ NORMAL  ]  ##   No valid action available in time for agent agentB34.
[ NORMAL  ]  ##   No valid action available in time for agent agentA26.
[ NORMAL  ]  ##   No valid action available in time for agent agentA15.
[ NORMAL  ]  ##   No valid action available in time for agent agentA11.
[ NORMAL  ]  ##   No valid action available in time for agent agentA16.
[ NORMAL  ]  ##   No valid action available in time for agent agentA28.
[ NORMAL  ]  ##   No valid action available in time for agent agentB7.
[ NORMAL  ]  ##   No valid action available in time for agent agentA7.
[ NORMAL  ]  ##   No valid action available in time for agent agentA2.
[ NORMAL  ]  ##   No valid action available in time for agent agentB1.
[ NORMAL  ]  ##   No valid action available in time for agent agentA29.
[ NORMAL  ]  ##   No valid action available in time for agent agentB23.
[ NORMAL  ]  ##   No valid action available in time for agent agentB24.
[ NORMAL  ]  ##   No valid action available in time for agent agentB17.
[ NORMAL  ]  ##   No valid action available in time for agent agentB27.
[ NORMAL  ]  ##   No valid action available in time for agent agentB16.
[ NORMAL  ]  ##   No valid action available in time for agent agentB25.
[ NORMAL  ]  ##   No valid action available in time for agent agentA14.
[ NORMAL  ]  ##   No valid action available in time for agent agentB26.
[ NORMAL  ]  ##   No valid action available in time for agent agentA31.
[ NORMAL  ]  ##   No valid action available in time for agent agentA1.
[ NORMAL  ]  ##   No valid action available in time for agent agentB11.
[ NORMAL  ]  ##   No valid action available in time for agent agentB6.
[ NORMAL  ]  ##   No valid action available in time for agent agentB3.
[ NORMAL  ]  ##   No valid action available in time for agent agentB13.
[ NORMAL  ]  ##   No valid action available in time for agent agentA13.
[ NORMAL  ]  ##   No valid action available in time for agent agentB29.
[ NORMAL  ]  ##   No valid action available in time for agent agentB20.
[ NORMAL  ]  ##   No valid action available in time for agent agentA34.
[ NORMAL  ]  ##   No valid action available in time for agent agentB28.
[ NORMAL  ]  ##   No valid action available in time for agent agentB12.
[ NORMAL  ]  ##   No valid action available in time for agent agentB18.
[ NORMAL  ]  ##   No valid action available in time for agent agentB15.
[ NORMAL  ]  ##   No valid action available in time for agent agentA9.
[ NORMAL  ]  ##   No valid action available in time for agent agentA33.
[ NORMAL  ]  ##   No valid action available in time for agent agentB5.
[ NORMAL  ]  ##   No valid action available in time for agent agentA24.
[ NORMAL  ]  ##   No valid action available in time for agent agentB22.
[ NORMAL  ]  ##   No valid action available in time for agent agentB2.
[ NORMAL  ]  ##   No valid action available in time for agent agentB10.
[ NORMAL  ]  ##   No valid action available in time for agent agentB19.
[ NORMAL  ]  ##   No valid action available in time for agent agentB32.
[ NORMAL  ]  ##   No valid action available in time for agent agentA30.
[ NORMAL  ]  ##   No valid action available in time for agent agentA27.
[ NORMAL  ]  ##   No valid action available in time for agent agentB30.
[ NORMAL  ]  ##   No valid action available in time for agent agentA3.
[ NORMAL  ]  ##   No valid action available in time for agent agentB14.
[ NORMAL  ]  ##   No valid action available in time for agent agentB4.
[ NORMAL  ]  ##   No valid action available in time for agent agentB21.
[ NORMAL  ]  ##   No valid action available in time for agent agentA17.
[ NORMAL  ]  ##   Simulation at step 4
[ NORMAL  ]  ##   New job: : 1x item6, 2x item7, 5x item9 reward(517) 5-94 storage1 loc(2.3717,48.82745) capacity(11049) AuctionJob
[ NORMAL  ]  ##   No valid action available in time for agent agentA3.
[ NORMAL  ]  ##   No valid action available in time for agent agentB10.
[ NORMAL  ]  ##   No valid action available in time for agent agentB11.
[ NORMAL  ]  ##   No valid action available in time for agent agentB19.
[ NORMAL  ]  ##   No valid action available in time for agent agentA20.
[ NORMAL  ]  ##   No valid action available in time for agent agentA28.
[ NORMAL  ]  ##   No valid action available in time for agent agentA9.
[ NORMAL  ]  ##   No valid action available in time for agent agentA12.
[ NORMAL  ]  ##   No valid action available in time for agent agentA23.
[ NORMAL  ]  ##   No valid action available in time for agent agentB6.
[ NORMAL  ]  ##   No valid action available in time for agent agentA14.
[ NORMAL  ]  ##   No valid action available in time for agent agentA22.
[ NORMAL  ]  ##   No valid action available in time for agent agentA17.
[ NORMAL  ]  ##   No valid action available in time for agent agentA21.
[ NORMAL  ]  ##   No valid action available in time for agent agentA7.
[ NORMAL  ]  ##   No valid action available in time for agent agentA27.
[ NORMAL  ]  ##   No valid action available in time for agent agentB24.
[ NORMAL  ]  ##   No valid action available in time for agent agentA16.
[ NORMAL  ]  ##   No valid action available in time for agent agentA32.
[ NORMAL  ]  ##   No valid action available in time for agent agentA18.
[ NORMAL  ]  ##   No valid action available in time for agent agentA30.
[ NORMAL  ]  ##   No valid action available in time for agent agentA31.
[ NORMAL  ]  ##   No valid action available in time for agent agentA1.
[ NORMAL  ]  ##   No valid action available in time for agent agentA15.
[ NORMAL  ]  ##   No valid action available in time for agent agentA11.
[ NORMAL  ]  ##   No valid action available in time for agent agentB12.
[ NORMAL  ]  ##   No valid action available in time for agent agentA24.
[ NORMAL  ]  ##   No valid action available in time for agent agentB7.
[ NORMAL  ]  ##   No valid action available in time for agent agentB31.
[ NORMAL  ]  ##   No valid action available in time for agent agentB8.
[ NORMAL  ]  ##   No valid action available in time for agent agentB22.
[ NORMAL  ]  ##   No valid action available in time for agent agentB30.
[ NORMAL  ]  ##   No valid action available in time for agent agentB29.
[ NORMAL  ]  ##   No valid action available in time for agent agentB23.
[ NORMAL  ]  ##   No valid action available in time for agent agentB5.
[ NORMAL  ]  ##   No valid action available in time for agent agentA6.
[ NORMAL  ]  ##   No valid action available in time for agent agentB3.
[ NORMAL  ]  ##   No valid action available in time for agent agentB34.
[ NORMAL  ]  ##   No valid action available in time for agent agentB17.
[ NORMAL  ]  ##   No valid action available in time for agent agentB28.
[ NORMAL  ]  ##   No valid action available in time for agent agentA2.
[ NORMAL  ]  ##   No valid action available in time for agent agentB20.
[ NORMAL  ]  ##   No valid action available in time for agent agentB2.
[ NORMAL  ]  ##   No valid action available in time for agent agentB26.
[ NORMAL  ]  ##   No valid action available in time for agent agentA33.
[ NORMAL  ]  ##   No valid action available in time for agent agentB16.
[ NORMAL  ]  ##   No valid action available in time for agent agentA26.
[ NORMAL  ]  ##   No valid action available in time for agent agentA29.
[ NORMAL  ]  ##   No valid action available in time for agent agentA13.
[ NORMAL  ]  ##   No valid action available in time for agent agentB32.
[ NORMAL  ]  ##   No valid action available in time for agent agentB27.
[ NORMAL  ]  ##   No valid action available in time for agent agentB25.
[ NORMAL  ]  ##   No valid action available in time for agent agentA19.
[ NORMAL  ]  ##   No valid action available in time for agent agentB33.
[ NORMAL  ]  ##   No valid action available in time for agent agentA25.
[ NORMAL  ]  ##   No valid action available in time for agent agentB1.
[ NORMAL  ]  ##   No valid action available in time for agent agentB15.
[ NORMAL  ]  ##   No valid action available in time for agent agentB18.
[ NORMAL  ]  ##   No valid action available in time for agent agentA8.
[ NORMAL  ]  ##   No valid action available in time for agent agentA10.
[ NORMAL  ]  ##   No valid action available in time for agent agentB9.
[ NORMAL  ]  ##   No valid action available in time for agent agentB13.
[ NORMAL  ]  ##   No valid action available in time for agent agentB14.
[ NORMAL  ]  ##   No valid action available in time for agent agentB21.
[ NORMAL  ]  ##   No valid action available in time for agent agentA5.
[ NORMAL  ]  ##   No valid action available in time for agent agentA34.
[ NORMAL  ]  ##   No valid action available in time for agent agentB4.
[ NORMAL  ]  ##   Simulation at step 5
[ NORMAL  ]  ##   New job: : 2x item5, 1x item10, 4x item8, 1x item7 reward(297) 6-88 storage0 loc(2.30026,48.8242) capacity(10271) AuctionJob
[ NORMAL  ]  ##   No valid action available in time for agent agentB30.
[ NORMAL  ]  ##   No valid action available in time for agent agentA2.
[ NORMAL  ]  ##   No valid action available in time for agent agentB2.
[ NORMAL  ]  ##   No valid action available in time for agent agentA23.
[ NORMAL  ]  ##   No valid action available in time for agent agentA3.
[ NORMAL  ]  ##   No valid action available in time for agent agentB9.
[ NORMAL  ]  ##   No valid action available in time for agent agentA20.
[ NORMAL  ]  ##   No valid action available in time for agent agentA31.
[ NORMAL  ]  ##   No valid action available in time for agent agentA24.
[ NORMAL  ]  ##   No valid action available in time for agent agentA22.
[ NORMAL  ]  ##   No valid action available in time for agent agentA16.
[ NORMAL  ]  ##   No valid action available in time for agent agentA28.
[ NORMAL  ]  ##   No valid action available in time for agent agentA7.
[ NORMAL  ]  ##   No valid action available in time for agent agentA6.
[ NORMAL  ]  ##   No valid action available in time for agent agentA8.
[ NORMAL  ]  ##   No valid action available in time for agent agentB27.
[ NORMAL  ]  ##   No valid action available in time for agent agentB17.
[ NORMAL  ]  ##   No valid action available in time for agent agentB28.
[ NORMAL  ]  ##   No valid action available in time for agent agentA17.
[ NORMAL  ]  ##   No valid action available in time for agent agentA19.
[ NORMAL  ]  ##   No valid action available in time for agent agentB23.
[ NORMAL  ]  ##   No valid action available in time for agent agentA25.
[ NORMAL  ]  ##   No valid action available in time for agent agentA15.
[ NORMAL  ]  ##   No valid action available in time for agent agentB13.
[ NORMAL  ]  ##   No valid action available in time for agent agentA5.
[ NORMAL  ]  ##   No valid action available in time for agent agentA18.
[ NORMAL  ]  ##   No valid action available in time for agent agentA11.
[ NORMAL  ]  ##   No valid action available in time for agent agentB34.
[ NORMAL  ]  ##   No valid action available in time for agent agentB8.
[ NORMAL  ]  ##   No valid action available in time for agent agentA21.
[ NORMAL  ]  ##   No valid action available in time for agent agentA32.
[ NORMAL  ]  ##   No valid action available in time for agent agentA12.
[ NORMAL  ]  ##   No valid action available in time for agent agentB18.
[ NORMAL  ]  ##   No valid action available in time for agent agentB20.
[ NORMAL  ]  ##   No valid action available in time for agent agentB25.
[ NORMAL  ]  ##   No valid action available in time for agent agentA9.
[ NORMAL  ]  ##   No valid action available in time for agent agentA27.
[ NORMAL  ]  ##   No valid action available in time for agent agentB16.
[ NORMAL  ]  ##   No valid action available in time for agent agentA1.
[ NORMAL  ]  ##   No valid action available in time for agent agentA10.
[ NORMAL  ]  ##   No valid action available in time for agent agentB5.
[ NORMAL  ]  ##   No valid action available in time for agent agentB33.
[ NORMAL  ]  ##   No valid action available in time for agent agentA29.
[ NORMAL  ]  ##   No valid action available in time for agent agentB29.
[ NORMAL  ]  ##   No valid action available in time for agent agentB15.
[ NORMAL  ]  ##   No valid action available in time for agent agentB10.
[ NORMAL  ]  ##   No valid action available in time for agent agentB24.
[ NORMAL  ]  ##   No valid action available in time for agent agentA26.
[ NORMAL  ]  ##   No valid action available in time for agent agentA30.
[ NORMAL  ]  ##   No valid action available in time for agent agentA14.
[ NORMAL  ]  ##   No valid action available in time for agent agentB6.
[ NORMAL  ]  ##   No valid action available in time for agent agentB26.
[ NORMAL  ]  ##   No valid action available in time for agent agentB14.
[ NORMAL  ]  ##   No valid action available in time for agent agentB11.
[ NORMAL  ]  ##   No valid action available in time for agent agentB1.
[ NORMAL  ]  ##   No valid action available in time for agent agentB12.
[ NORMAL  ]  ##   No valid action available in time for agent agentB7.
[ NORMAL  ]  ##   No valid action available in time for agent agentB32.
[ NORMAL  ]  ##   No valid action available in time for agent agentB3.
[ NORMAL  ]  ##   No valid action available in time for agent agentB21.
[ NORMAL  ]  ##   No valid action available in time for agent agentA13.
[ NORMAL  ]  ##   No valid action available in time for agent agentA33.
[ NORMAL  ]  ##   No valid action available in time for agent agentA34.
[ NORMAL  ]  ##   No valid action available in time for agent agentB4.
[ NORMAL  ]  ##   No valid action available in time for agent agentB22.
[ NORMAL  ]  ##   No valid action available in time for agent agentB19.
[ NORMAL  ]  ##   No valid action available in time for agent agentB31.
[ NORMAL  ]  ##   Simulation at step 6
[ NORMAL  ]  ##   No valid action available in time for agent agentA5.
[ NORMAL  ]  ##   No valid action available in time for agent agentA9.
[ NORMAL  ]  ##   No valid action available in time for agent agentA22.
[ NORMAL  ]  ##   No valid action available in time for agent agentA3.
[ NORMAL  ]  ##   No valid action available in time for agent agentA25.
[ NORMAL  ]  ##   No valid action available in time for agent agentA29.
[ NORMAL  ]  ##   No valid action available in time for agent agentA31.
[ NORMAL  ]  ##   No valid action available in time for agent agentA1.
[ NORMAL  ]  ##   No valid action available in time for agent agentA28.
[ NORMAL  ]  ##   No valid action available in time for agent agentA18.
[ NORMAL  ]  ##   No valid action available in time for agent agentB13.
[ NORMAL  ]  ##   No valid action available in time for agent agentB1.
[ NORMAL  ]  ##   No valid action available in time for agent agentA2.
[ NORMAL  ]  ##   No valid action available in time for agent agentA6.
[ NORMAL  ]  ##   No valid action available in time for agent agentB8.
[ NORMAL  ]  ##   No valid action available in time for agent agentA23.
[ NORMAL  ]  ##   No valid action available in time for agent agentA16.
[ NORMAL  ]  ##   No valid action available in time for agent agentA13.
[ NORMAL  ]  ##   No valid action available in time for agent agentB18.
[ NORMAL  ]  ##   No valid action available in time for agent agentA14.
[ NORMAL  ]  ##   No valid action available in time for agent agentA8.
[ NORMAL  ]  ##   No valid action available in time for agent agentB10.
[ NORMAL  ]  ##   No valid action available in time for agent agentA27.
[ NORMAL  ]  ##   No valid action available in time for agent agentA19.
[ NORMAL  ]  ##   No valid action available in time for agent agentB3.
[ NORMAL  ]  ##   No valid action available in time for agent agentA24.
[ NORMAL  ]  ##   No valid action available in time for agent agentA32.
[ NORMAL  ]  ##   No valid action available in time for agent agentA20.
[ NORMAL  ]  ##   No valid action available in time for agent agentA21.
[ NORMAL  ]  ##   No valid action available in time for agent agentB32.
[ NORMAL  ]  ##   No valid action available in time for agent agentB25.
[ NORMAL  ]  ##   No valid action available in time for agent agentB2.
[ NORMAL  ]  ##   No valid action available in time for agent agentB11.
[ NORMAL  ]  ##   No valid action available in time for agent agentB16.
[ NORMAL  ]  ##   No valid action available in time for agent agentB9.
[ NORMAL  ]  ##   No valid action available in time for agent agentB7.
[ NORMAL  ]  ##   No valid action available in time for agent agentA11.
[ NORMAL  ]  ##   No valid action available in time for agent agentB29.
[ NORMAL  ]  ##   No valid action available in time for agent agentA12.
[ NORMAL  ]  ##   No valid action available in time for agent agentB27.
[ NORMAL  ]  ##   No valid action available in time for agent agentB22.
[ NORMAL  ]  ##   No valid action available in time for agent agentB20.
[ NORMAL  ]  ##   No valid action available in time for agent agentA34.
[ NORMAL  ]  ##   No valid action available in time for agent agentB15.
[ NORMAL  ]  ##   No valid action available in time for agent agentA15.
[ NORMAL  ]  ##   No valid action available in time for agent agentB14.
[ NORMAL  ]  ##   No valid action available in time for agent agentA10.
[ NORMAL  ]  ##   No valid action available in time for agent agentA33.
[ NORMAL  ]  ##   No valid action available in time for agent agentB21.
[ NORMAL  ]  ##   No valid action available in time for agent agentA26.
[ NORMAL  ]  ##   No valid action available in time for agent agentB19.
[ NORMAL  ]  ##   No valid action available in time for agent agentB12.
[ NORMAL  ]  ##   No valid action available in time for agent agentB4.
[ NORMAL  ]  ##   No valid action available in time for agent agentB17.
[ NORMAL  ]  ##   No valid action available in time for agent agentB30.
[ NORMAL  ]  ##   No valid action available in time for agent agentB24.
[ NORMAL  ]  ##   No valid action available in time for agent agentB34.
[ NORMAL  ]  ##   No valid action available in time for agent agentA30.
[ NORMAL  ]  ##   No valid action available in time for agent agentB6.
[ NORMAL  ]  ##   No valid action available in time for agent agentB26.
[ NORMAL  ]  ##   No valid action available in time for agent agentA7.
[ NORMAL  ]  ##   No valid action available in time for agent agentB23.
[ NORMAL  ]  ##   No valid action available in time for agent agentB31.
[ NORMAL  ]  ##   No valid action available in time for agent agentB28.
[ NORMAL  ]  ##   No valid action available in time for agent agentB5.
[ NORMAL  ]  ##   No valid action available in time for agent agentB33.
[ NORMAL  ]  ##   No valid action available in time for agent agentA17.
[ NORMAL  ]  ##   Simulation at step 7
[ NORMAL  ]  ##   No valid action available in time for agent agentA20.
[ NORMAL  ]  ##   No valid action available in time for agent agentA21.
[ NORMAL  ]  ##   No valid action available in time for agent agentA31.
[ NORMAL  ]  ##   No valid action available in time for agent agentA22.
[ NORMAL  ]  ##   No valid action available in time for agent agentA23.
[ NORMAL  ]  ##   No valid action available in time for agent agentA19.
[ NORMAL  ]  ##   No valid action available in time for agent agentA15.
[ NORMAL  ]  ##   No valid action available in time for agent agentA25.
[ NORMAL  ]  ##   No valid action available in time for agent agentA27.
[ NORMAL  ]  ##   No valid action available in time for agent agentA16.
[ NORMAL  ]  ##   No valid action available in time for agent agentB11.
[ NORMAL  ]  ##   No valid action available in time for agent agentA1.
[ NORMAL  ]  ##   No valid action available in time for agent agentA7.
[ NORMAL  ]  ##   No valid action available in time for agent agentA26.
[ NORMAL  ]  ##   No valid action available in time for agent agentA2.
[ NORMAL  ]  ##   No valid action available in time for agent agentA3.
[ NORMAL  ]  ##   No valid action available in time for agent agentB4.
[ NORMAL  ]  ##   No valid action available in time for agent agentB31.
[ NORMAL  ]  ##   No valid action available in time for agent agentA17.
[ NORMAL  ]  ##   No valid action available in time for agent agentB23.
[ NORMAL  ]  ##   No valid action available in time for agent agentB9.
[ NORMAL  ]  ##   No valid action available in time for agent agentB3.
[ NORMAL  ]  ##   No valid action available in time for agent agentA29.
[ NORMAL  ]  ##   No valid action available in time for agent agentA8.
[ NORMAL  ]  ##   No valid action available in time for agent agentA18.
[ NORMAL  ]  ##   No valid action available in time for agent agentB29.
[ NORMAL  ]  ##   No valid action available in time for agent agentB7.
[ NORMAL  ]  ##   No valid action available in time for agent agentA13.
[ NORMAL  ]  ##   No valid action available in time for agent agentA6.
[ NORMAL  ]  ##   No valid action available in time for agent agentA9.
[ NORMAL  ]  ##   No valid action available in time for agent agentB18.
[ NORMAL  ]  ##   No valid action available in time for agent agentA28.
[ NORMAL  ]  ##   No valid action available in time for agent agentA24.
[ NORMAL  ]  ##   No valid action available in time for agent agentB12.
[ NORMAL  ]  ##   No valid action available in time for agent agentA14.
[ NORMAL  ]  ##   No valid action available in time for agent agentA11.
[ NORMAL  ]  ##   No valid action available in time for agent agentA30.
[ NORMAL  ]  ##   No valid action available in time for agent agentA34.
[ NORMAL  ]  ##   No valid action available in time for agent agentB24.
[ NORMAL  ]  ##   No valid action available in time for agent agentB6.
[ NORMAL  ]  ##   No valid action available in time for agent agentB25.
[ NORMAL  ]  ##   No valid action available in time for agent agentB2.
[ NORMAL  ]  ##   No valid action available in time for agent agentB16.
[ NORMAL  ]  ##   No valid action available in time for agent agentB28.
[ NORMAL  ]  ##   No valid action available in time for agent agentB13.
[ NORMAL  ]  ##   No valid action available in time for agent agentA12.
[ NORMAL  ]  ##   No valid action available in time for agent agentA5.
[ NORMAL  ]  ##   No valid action available in time for agent agentB1.
[ NORMAL  ]  ##   No valid action available in time for agent agentA33.
[ NORMAL  ]  ##   No valid action available in time for agent agentB26.
[ NORMAL  ]  ##   No valid action available in time for agent agentB15.
[ NORMAL  ]  ##   No valid action available in time for agent agentB27.
[ NORMAL  ]  ##   No valid action available in time for agent agentB14.
[ NORMAL  ]  ##   No valid action available in time for agent agentB22.
[ NORMAL  ]  ##   No valid action available in time for agent agentB17.
[ NORMAL  ]  ##   No valid action available in time for agent agentB10.
[ NORMAL  ]  ##   No valid action available in time for agent agentB32.
[ NORMAL  ]  ##   No valid action available in time for agent agentB8.
[ NORMAL  ]  ##   No valid action available in time for agent agentB5.
[ NORMAL  ]  ##   No valid action available in time for agent agentB30.
[ NORMAL  ]  ##   No valid action available in time for agent agentB33.
[ NORMAL  ]  ##   No valid action available in time for agent agentB19.
[ NORMAL  ]  ##   No valid action available in time for agent agentB21.
[ NORMAL  ]  ##   No valid action available in time for agent agentA32.
[ NORMAL  ]  ##   No valid action available in time for agent agentA10.
[ NORMAL  ]  ##   No valid action available in time for agent agentB20.
[ NORMAL  ]  ##   No valid action available in time for agent agentB34.
[ NORMAL  ]  ##   Simulation at step 8
[ NORMAL  ]  ##   No valid action available in time for agent agentA15.
[ NORMAL  ]  ##   No valid action available in time for agent agentA25.
[ NORMAL  ]  ##   No valid action available in time for agent agentA29.
[ NORMAL  ]  ##   No valid action available in time for agent agentA22.
[ NORMAL  ]  ##   No valid action available in time for agent agentA2.
[ NORMAL  ]  ##   No valid action available in time for agent agentB27.
[ NORMAL  ]  ##   No valid action available in time for agent agentB11.
[ NORMAL  ]  ##   No valid action available in time for agent agentA16.
[ NORMAL  ]  ##   No valid action available in time for agent agentA34.
[ NORMAL  ]  ##   No valid action available in time for agent agentB15.
[ NORMAL  ]  ##   No valid action available in time for agent agentB1.
[ NORMAL  ]  ##   No valid action available in time for agent agentB25.
[ NORMAL  ]  ##   No valid action available in time for agent agentB12.
[ NORMAL  ]  ##   No valid action available in time for agent agentB3.
[ NORMAL  ]  ##   No valid action available in time for agent agentA23.
[ NORMAL  ]  ##   No valid action available in time for agent agentA11.
[ NORMAL  ]  ##   No valid action available in time for agent agentA33.
[ NORMAL  ]  ##   No valid action available in time for agent agentB29.
[ NORMAL  ]  ##   No valid action available in time for agent agentB5.
[ NORMAL  ]  ##   No valid action available in time for agent agentA20.
[ NORMAL  ]  ##   No valid action available in time for agent agentB17.
[ NORMAL  ]  ##   No valid action available in time for agent agentB34.
[ NORMAL  ]  ##   No valid action available in time for agent agentB16.
[ NORMAL  ]  ##   No valid action available in time for agent agentA6.
[ NORMAL  ]  ##   No valid action available in time for agent agentA3.
[ NORMAL  ]  ##   No valid action available in time for agent agentA19.
[ NORMAL  ]  ##   No valid action available in time for agent agentB32.
[ NORMAL  ]  ##   No valid action available in time for agent agentB8.
[ NORMAL  ]  ##   No valid action available in time for agent agentA32.
[ NORMAL  ]  ##   No valid action available in time for agent agentB9.
[ NORMAL  ]  ##   No valid action available in time for agent agentA13.
[ NORMAL  ]  ##   No valid action available in time for agent agentB28.
[ NORMAL  ]  ##   No valid action available in time for agent agentB19.
[ NORMAL  ]  ##   No valid action available in time for agent agentA9.
[ NORMAL  ]  ##   No valid action available in time for agent agentB10.
[ NORMAL  ]  ##   No valid action available in time for agent agentB6.
[ NORMAL  ]  ##   No valid action available in time for agent agentB33.
[ NORMAL  ]  ##   No valid action available in time for agent agentA12.
[ NORMAL  ]  ##   No valid action available in time for agent agentA17.
[ NORMAL  ]  ##   No valid action available in time for agent agentB2.
[ NORMAL  ]  ##   No valid action available in time for agent agentB14.
[ NORMAL  ]  ##   No valid action available in time for agent agentB7.
[ NORMAL  ]  ##   No valid action available in time for agent agentB13.
[ NORMAL  ]  ##   No valid action available in time for agent agentA28.
[ NORMAL  ]  ##   No valid action available in time for agent agentB30.
[ NORMAL  ]  ##   No valid action available in time for agent agentB21.
[ NORMAL  ]  ##   No valid action available in time for agent agentA21.
[ NORMAL  ]  ##   No valid action available in time for agent agentA8.
[ NORMAL  ]  ##   No valid action available in time for agent agentB26.
[ NORMAL  ]  ##   No valid action available in time for agent agentB23.
[ NORMAL  ]  ##   No valid action available in time for agent agentB18.
[ NORMAL  ]  ##   No valid action available in time for agent agentB22.
[ NORMAL  ]  ##   No valid action available in time for agent agentA26.
[ NORMAL  ]  ##   No valid action available in time for agent agentA5.
[ NORMAL  ]  ##   No valid action available in time for agent agentA31.
[ NORMAL  ]  ##   No valid action available in time for agent agentB4.
[ NORMAL  ]  ##   No valid action available in time for agent agentA30.
[ NORMAL  ]  ##   No valid action available in time for agent agentA27.
[ NORMAL  ]  ##   No valid action available in time for agent agentA24.
[ NORMAL  ]  ##   No valid action available in time for agent agentB20.
[ NORMAL  ]  ##   No valid action available in time for agent agentA18.
[ NORMAL  ]  ##   No valid action available in time for agent agentA7.
[ NORMAL  ]  ##   No valid action available in time for agent agentB24.
[ NORMAL  ]  ##   No valid action available in time for agent agentA10.
[ NORMAL  ]  ##   No valid action available in time for agent agentA1.
[ NORMAL  ]  ##   No valid action available in time for agent agentB31.
[ NORMAL  ]  ##   No valid action available in time for agent agentA14.
[ NORMAL  ]  ##   Simulation at step 9
[ NORMAL  ]  ##   No valid action available in time for agent agentB5.
[ NORMAL  ]  ##   No valid action available in time for agent agentA33.
[ NORMAL  ]  ##   No valid action available in time for agent agentA24.
[ NORMAL  ]  ##   No valid action available in time for agent agentA6.
[ NORMAL  ]  ##   No valid action available in time for agent agentA20.
[ NORMAL  ]  ##   No valid action available in time for agent agentA5.
[ NORMAL  ]  ##   No valid action available in time for agent agentA7.
[ NORMAL  ]  ##   No valid action available in time for agent agentA22.
[ NORMAL  ]  ##   No valid action available in time for agent agentA16.
[ NORMAL  ]  ##   No valid action available in time for agent agentB1.
[ NORMAL  ]  ##   No valid action available in time for agent agentA15.
[ NORMAL  ]  ##   No valid action available in time for agent agentA1.
[ NORMAL  ]  ##   No valid action available in time for agent agentA2.
[ NORMAL  ]  ##   No valid action available in time for agent agentB33.
[ NORMAL  ]  ##   No valid action available in time for agent agentB21.
[ NORMAL  ]  ##   No valid action available in time for agent agentA19.
[ NORMAL  ]  ##   No valid action available in time for agent agentB10.
[ NORMAL  ]  ##   No valid action available in time for agent agentA17.
[ NORMAL  ]  ##   No valid action available in time for agent agentA21.
[ NORMAL  ]  ##   No valid action available in time for agent agentB6.
[ NORMAL  ]  ##   No valid action available in time for agent agentA25.
[ NORMAL  ]  ##   No valid action available in time for agent agentA27.
[ NORMAL  ]  ##   No valid action available in time for agent agentB15.
[ NORMAL  ]  ##   No valid action available in time for agent agentB2.
[ NORMAL  ]  ##   No valid action available in time for agent agentB24.
[ NORMAL  ]  ##   No valid action available in time for agent agentB4.
[ NORMAL  ]  ##   No valid action available in time for agent agentB8.
[ NORMAL  ]  ##   No valid action available in time for agent agentB7.
[ NORMAL  ]  ##   No valid action available in time for agent agentB28.
[ NORMAL  ]  ##   No valid action available in time for agent agentA9.
[ NORMAL  ]  ##   No valid action available in time for agent agentA18.
[ NORMAL  ]  ##   No valid action available in time for agent agentA3.
[ NORMAL  ]  ##   No valid action available in time for agent agentB23.
[ NORMAL  ]  ##   No valid action available in time for agent agentB16.
[ NORMAL  ]  ##   No valid action available in time for agent agentB11.
[ NORMAL  ]  ##   No valid action available in time for agent agentB12.
[ NORMAL  ]  ##   No valid action available in time for agent agentA10.
[ NORMAL  ]  ##   No valid action available in time for agent agentB26.
[ NORMAL  ]  ##   No valid action available in time for agent agentA31.
[ NORMAL  ]  ##   No valid action available in time for agent agentA23.
[ NORMAL  ]  ##   No valid action available in time for agent agentB27.
[ NORMAL  ]  ##   No valid action available in time for agent agentA32.
[ NORMAL  ]  ##   No valid action available in time for agent agentA30.
[ NORMAL  ]  ##   No valid action available in time for agent agentB29.
[ NORMAL  ]  ##   No valid action available in time for agent agentA34.
[ NORMAL  ]  ##   No valid action available in time for agent agentA29.
[ NORMAL  ]  ##   No valid action available in time for agent agentB13.
[ NORMAL  ]  ##   No valid action available in time for agent agentB34.
[ NORMAL  ]  ##   No valid action available in time for agent agentA12.
[ NORMAL  ]  ##   No valid action available in time for agent agentA8.
[ NORMAL  ]  ##   No valid action available in time for agent agentB20.
[ NORMAL  ]  ##   No valid action available in time for agent agentB3.
[ NORMAL  ]  ##   No valid action available in time for agent agentA11.
[ NORMAL  ]  ##   No valid action available in time for agent agentB32.
[ NORMAL  ]  ##   No valid action available in time for agent agentB18.
[ NORMAL  ]  ##   No valid action available in time for agent agentB22.
[ NORMAL  ]  ##   No valid action available in time for agent agentB9.
[ NORMAL  ]  ##   No valid action available in time for agent agentB14.
[ NORMAL  ]  ##   No valid action available in time for agent agentA13.
[ NORMAL  ]  ##   No valid action available in time for agent agentA28.
[ NORMAL  ]  ##   No valid action available in time for agent agentA26.
[ NORMAL  ]  ##   No valid action available in time for agent agentB19.
[ NORMAL  ]  ##   No valid action available in time for agent agentB25.
[ NORMAL  ]  ##   No valid action available in time for agent agentB30.
[ NORMAL  ]  ##   No valid action available in time for agent agentA14.
[ NORMAL  ]  ##   No valid action available in time for agent agentB31.
[ NORMAL  ]  ##   No valid action available in time for agent agentB17.
[ NORMAL  ]  ##   Simulation at step 10
[ NORMAL  ]  ##   No valid action available in time for agent agentA20.
[ NORMAL  ]  ##   No valid action available in time for agent agentA21.
[ NORMAL  ]  ##   No valid action available in time for agent agentA3.
[ NORMAL  ]  ##   No valid action available in time for agent agentA18.
[ NORMAL  ]  ##   No valid action available in time for agent agentA16.
[ NORMAL  ]  ##   No valid action available in time for agent agentA24.
[ NORMAL  ]  ##   No valid action available in time for agent agentA6.
[ NORMAL  ]  ##   No valid action available in time for agent agentA31.
[ NORMAL  ]  ##   No valid action available in time for agent agentA5.
[ NORMAL  ]  ##   No valid action available in time for agent agentA23.
[ NORMAL  ]  ##   No valid action available in time for agent agentA30.
[ NORMAL  ]  ##   No valid action available in time for agent agentA19.
[ NORMAL  ]  ##   No valid action available in time for agent agentA7.
[ NORMAL  ]  ##   No valid action available in time for agent agentB16.
[ NORMAL  ]  ##   No valid action available in time for agent agentB8.
[ NORMAL  ]  ##   No valid action available in time for agent agentA2.
[ NORMAL  ]  ##   No valid action available in time for agent agentA22.
[ NORMAL  ]  ##   No valid action available in time for agent agentA15.
[ NORMAL  ]  ##   No valid action available in time for agent agentA25.
[ NORMAL  ]  ##   No valid action available in time for agent agentB5.
[ NORMAL  ]  ##   No valid action available in time for agent agentB10.
[ NORMAL  ]  ##   No valid action available in time for agent agentA34.
[ NORMAL  ]  ##   No valid action available in time for agent agentB7.
[ NORMAL  ]  ##   No valid action available in time for agent agentA29.
[ NORMAL  ]  ##   No valid action available in time for agent agentB31.
[ NORMAL  ]  ##   No valid action available in time for agent agentB24.
[ NORMAL  ]  ##   No valid action available in time for agent agentA12.
[ NORMAL  ]  ##   No valid action available in time for agent agentB6.
[ NORMAL  ]  ##   No valid action available in time for agent agentB32.
[ NORMAL  ]  ##   No valid action available in time for agent agentA9.
[ NORMAL  ]  ##   No valid action available in time for agent agentB4.
[ NORMAL  ]  ##   No valid action available in time for agent agentB28.
[ NORMAL  ]  ##   No valid action available in time for agent agentB20.
[ NORMAL  ]  ##   No valid action available in time for agent agentB34.
[ NORMAL  ]  ##   No valid action available in time for agent agentB17.
[ NORMAL  ]  ##   No valid action available in time for agent agentB3.
[ NORMAL  ]  ##   No valid action available in time for agent agentB27.
[ NORMAL  ]  ##   No valid action available in time for agent agentB22.
[ NORMAL  ]  ##   No valid action available in time for agent agentA13.
[ NORMAL  ]  ##   No valid action available in time for agent agentB18.
[ NORMAL  ]  ##   No valid action available in time for agent agentB2.
[ NORMAL  ]  ##   No valid action available in time for agent agentA10.
[ NORMAL  ]  ##   No valid action available in time for agent agentB12.
[ NORMAL  ]  ##   No valid action available in time for agent agentB29.
[ NORMAL  ]  ##   No valid action available in time for agent agentB19.
[ NORMAL  ]  ##   No valid action available in time for agent agentB15.
[ NORMAL  ]  ##   No valid action available in time for agent agentA28.
[ NORMAL  ]  ##   No valid action available in time for agent agentA1.
[ NORMAL  ]  ##   No valid action available in time for agent agentA14.
[ NORMAL  ]  ##   No valid action available in time for agent agentA8.
[ NORMAL  ]  ##   No valid action available in time for agent agentB1.
[ NORMAL  ]  ##   No valid action available in time for agent agentB33.
[ NORMAL  ]  ##   No valid action available in time for agent agentB23.
[ NORMAL  ]  ##   No valid action available in time for agent agentA11.
[ NORMAL  ]  ##   No valid action available in time for agent agentB9.
[ NORMAL  ]  ##   No valid action available in time for agent agentB13.
[ NORMAL  ]  ##   No valid action available in time for agent agentB26.
[ NORMAL  ]  ##   No valid action available in time for agent agentA33.
[ NORMAL  ]  ##   No valid action available in time for agent agentB30.
[ NORMAL  ]  ##   No valid action available in time for agent agentA17.
[ NORMAL  ]  ##   No valid action available in time for agent agentB11.
[ NORMAL  ]  ##   No valid action available in time for agent agentA26.
[ NORMAL  ]  ##   No valid action available in time for agent agentA32.
[ NORMAL  ]  ##   No valid action available in time for agent agentB25.
[ NORMAL  ]  ##   No valid action available in time for agent agentA27.
[ NORMAL  ]  ##   No valid action available in time for agent agentB21.
[ NORMAL  ]  ##   No valid action available in time for agent agentB14.
[ NORMAL  ]  ##   Simulation at step 11
[ NORMAL  ]  ##   New job: : 1x item5, 2x item8, 1x item7, 3x item9 reward(401) 12-71 storage1 loc(2.3717,48.82745) capacity(11049) Job
[ NORMAL  ]  ##   No valid action available in time for agent agentA22.
[ NORMAL  ]  ##   No valid action available in time for agent agentA1.
[ NORMAL  ]  ##   No valid action available in time for agent agentB23.
[ NORMAL  ]  ##   No valid action available in time for agent agentA16.
[ NORMAL  ]  ##   No valid action available in time for agent agentA8.
[ NORMAL  ]  ##   No valid action available in time for agent agentA20.
[ NORMAL  ]  ##   No valid action available in time for agent agentB26.
[ NORMAL  ]  ##   No valid action available in time for agent agentA21.
[ NORMAL  ]  ##   No valid action available in time for agent agentB11.
[ NORMAL  ]  ##   No valid action available in time for agent agentA32.
[ NORMAL  ]  ##   No valid action available in time for agent agentB32.
[ NORMAL  ]  ##   No valid action available in time for agent agentA25.
[ NORMAL  ]  ##   No valid action available in time for agent agentA24.
[ NORMAL  ]  ##   No valid action available in time for agent agentB30.
[ NORMAL  ]  ##   No valid action available in time for agent agentB27.
[ NORMAL  ]  ##   No valid action available in time for agent agentA15.
[ NORMAL  ]  ##   No valid action available in time for agent agentA30.
[ NORMAL  ]  ##   No valid action available in time for agent agentA33.
[ NORMAL  ]  ##   No valid action available in time for agent agentA6.
[ NORMAL  ]  ##   No valid action available in time for agent agentB21.
[ NORMAL  ]  ##   No valid action available in time for agent agentB14.
[ NORMAL  ]  ##   No valid action available in time for agent agentB9.
[ NORMAL  ]  ##   No valid action available in time for agent agentA18.
[ NORMAL  ]  ##   No valid action available in time for agent agentA2.
[ NORMAL  ]  ##   No valid action available in time for agent agentA23.
[ NORMAL  ]  ##   No valid action available in time for agent agentB1.
[ NORMAL  ]  ##   No valid action available in time for agent agentB8.
[ NORMAL  ]  ##   No valid action available in time for agent agentA19.
[ NORMAL  ]  ##   No valid action available in time for agent agentB19.
[ NORMAL  ]  ##   No valid action available in time for agent agentA10.
[ NORMAL  ]  ##   No valid action available in time for agent agentB4.
[ NORMAL  ]  ##   No valid action available in time for agent agentA26.
[ NORMAL  ]  ##   No valid action available in time for agent agentA5.
[ NORMAL  ]  ##   No valid action available in time for agent agentB5.
[ NORMAL  ]  ##   No valid action available in time for agent agentB18.
[ NORMAL  ]  ##   No valid action available in time for agent agentB20.
[ NORMAL  ]  ##   No valid action available in time for agent agentB17.
[ NORMAL  ]  ##   No valid action available in time for agent agentB15.
[ NORMAL  ]  ##   No valid action available in time for agent agentA14.
[ NORMAL  ]  ##   No valid action available in time for agent agentB33.
[ NORMAL  ]  ##   No valid action available in time for agent agentA29.
[ NORMAL  ]  ##   No valid action available in time for agent agentB2.
[ NORMAL  ]  ##   No valid action available in time for agent agentA34.
[ NORMAL  ]  ##   No valid action available in time for agent agentB10.
[ NORMAL  ]  ##   No valid action available in time for agent agentA28.
[ NORMAL  ]  ##   No valid action available in time for agent agentA3.
[ NORMAL  ]  ##   No valid action available in time for agent agentA9.
[ NORMAL  ]  ##   No valid action available in time for agent agentB34.
[ NORMAL  ]  ##   No valid action available in time for agent agentA12.
[ NORMAL  ]  ##   No valid action available in time for agent agentB28.
[ NORMAL  ]  ##   No valid action available in time for agent agentB3.
[ NORMAL  ]  ##   No valid action available in time for agent agentA27.
[ NORMAL  ]  ##   No valid action available in time for agent agentA7.
[ NORMAL  ]  ##   No valid action available in time for agent agentB13.
[ NORMAL  ]  ##   No valid action available in time for agent agentA31.
[ NORMAL  ]  ##   No valid action available in time for agent agentB22.
[ NORMAL  ]  ##   No valid action available in time for agent agentB12.
[ NORMAL  ]  ##   No valid action available in time for agent agentA13.
[ NORMAL  ]  ##   No valid action available in time for agent agentA11.
[ NORMAL  ]  ##   No valid action available in time for agent agentB16.
[ NORMAL  ]  ##   No valid action available in time for agent agentB7.
[ NORMAL  ]  ##   No valid action available in time for agent agentB31.
[ NORMAL  ]  ##   No valid action available in time for agent agentB6.
[ NORMAL  ]  ##   No valid action available in time for agent agentB24.
[ NORMAL  ]  ##   No valid action available in time for agent agentB25.
[ NORMAL  ]  ##   No valid action available in time for agent agentA17.
[ NORMAL  ]  ##   No valid action available in time for agent agentB29.
[ NORMAL  ]  ##   Simulation at step 12
[ NORMAL  ]  ##   New job: : 1x item6, 1x item5, 2x item10, 4x item7, 2x item9 reward(471) 13-82 storage2 loc(2.30345,48.86243) capacity(9401) Job
[ NORMAL  ]  ##   No valid action available in time for agent agentA21.
[ NORMAL  ]  ##   No valid action available in time for agent agentA20.
[ NORMAL  ]  ##   No valid action available in time for agent agentA31.
[ NORMAL  ]  ##   No valid action available in time for agent agentA27.
[ NORMAL  ]  ##   No valid action available in time for agent agentB11.
[ NORMAL  ]  ##   No valid action available in time for agent agentA7.
[ NORMAL  ]  ##   No valid action available in time for agent agentA24.
[ NORMAL  ]  ##   No valid action available in time for agent agentA23.
[ NORMAL  ]  ##   No valid action available in time for agent agentB30.
[ NORMAL  ]  ##   No valid action available in time for agent agentB13.
[ NORMAL  ]  ##   No valid action available in time for agent agentA15.
[ NORMAL  ]  ##   No valid action available in time for agent agentA22.
[ NORMAL  ]  ##   No valid action available in time for agent agentA29.
[ NORMAL  ]  ##   No valid action available in time for agent agentB33.
[ NORMAL  ]  ##   No valid action available in time for agent agentB2.
[ NORMAL  ]  ##   No valid action available in time for agent agentA30.
[ NORMAL  ]  ##   No valid action available in time for agent agentB5.
[ NORMAL  ]  ##   No valid action available in time for agent agentB9.
[ NORMAL  ]  ##   No valid action available in time for agent agentA32.
[ NORMAL  ]  ##   No valid action available in time for agent agentB34.
[ NORMAL  ]  ##   No valid action available in time for agent agentA6.
[ NORMAL  ]  ##   No valid action available in time for agent agentB14.
[ NORMAL  ]  ##   No valid action available in time for agent agentA9.
[ NORMAL  ]  ##   No valid action available in time for agent agentA3.
[ NORMAL  ]  ##   No valid action available in time for agent agentA1.
[ NORMAL  ]  ##   No valid action available in time for agent agentB27.
[ NORMAL  ]  ##   No valid action available in time for agent agentA11.
[ NORMAL  ]  ##   No valid action available in time for agent agentA18.
[ NORMAL  ]  ##   No valid action available in time for agent agentA26.
[ NORMAL  ]  ##   No valid action available in time for agent agentB7.
[ NORMAL  ]  ##   No valid action available in time for agent agentB4.
[ NORMAL  ]  ##   No valid action available in time for agent agentB3.
[ NORMAL  ]  ##   No valid action available in time for agent agentA25.
[ NORMAL  ]  ##   No valid action available in time for agent agentB10.
[ NORMAL  ]  ##   No valid action available in time for agent agentA28.
[ NORMAL  ]  ##   No valid action available in time for agent agentB8.
[ NORMAL  ]  ##   No valid action available in time for agent agentB18.
[ NORMAL  ]  ##   No valid action available in time for agent agentB17.
[ NORMAL  ]  ##   No valid action available in time for agent agentB15.
[ NORMAL  ]  ##   No valid action available in time for agent agentA13.
[ NORMAL  ]  ##   No valid action available in time for agent agentB26.
[ NORMAL  ]  ##   No valid action available in time for agent agentA8.
[ NORMAL  ]  ##   No valid action available in time for agent agentB16.
[ NORMAL  ]  ##   No valid action available in time for agent agentB32.
[ NORMAL  ]  ##   No valid action available in time for agent agentA33.
[ NORMAL  ]  ##   No valid action available in time for agent agentB31.
[ NORMAL  ]  ##   No valid action available in time for agent agentA14.
[ NORMAL  ]  ##   No valid action available in time for agent agentB22.
[ NORMAL  ]  ##   No valid action available in time for agent agentB12.
[ NORMAL  ]  ##   No valid action available in time for agent agentA12.
[ NORMAL  ]  ##   No valid action available in time for agent agentB1.
[ NORMAL  ]  ##   No valid action available in time for agent agentB29.
[ NORMAL  ]  ##   No valid action available in time for agent agentB24.
[ NORMAL  ]  ##   No valid action available in time for agent agentA2.
[ NORMAL  ]  ##   No valid action available in time for agent agentB20.
[ NORMAL  ]  ##   No valid action available in time for agent agentA17.
[ NORMAL  ]  ##   No valid action available in time for agent agentB19.
[ NORMAL  ]  ##   No valid action available in time for agent agentB21.
[ NORMAL  ]  ##   No valid action available in time for agent agentA34.
[ NORMAL  ]  ##   No valid action available in time for agent agentA5.
[ NORMAL  ]  ##   No valid action available in time for agent agentB6.
[ NORMAL  ]  ##   No valid action available in time for agent agentB23.
[ NORMAL  ]  ##   No valid action available in time for agent agentA16.
[ NORMAL  ]  ##   No valid action available in time for agent agentA10.
[ NORMAL  ]  ##   No valid action available in time for agent agentB25.
[ NORMAL  ]  ##   No valid action available in time for agent agentB28.
[ NORMAL  ]  ##   No valid action available in time for agent agentA19.
[ NORMAL  ]  ##   Simulation at step 13
[ NORMAL  ]  ##   No valid action available in time for agent agentA24.
[ NORMAL  ]  ##   No valid action available in time for agent agentA16.
[ NORMAL  ]  ##   No valid action available in time for agent agentA23.
[ NORMAL  ]  ##   No valid action available in time for agent agentB33.
[ NORMAL  ]  ##   No valid action available in time for agent agentB28.
[ NORMAL  ]  ##   No valid action available in time for agent agentA21.
[ NORMAL  ]  ##   No valid action available in time for agent agentB6.
[ NORMAL  ]  ##   No valid action available in time for agent agentA18.
[ NORMAL  ]  ##   No valid action available in time for agent agentA28.
[ NORMAL  ]  ##   No valid action available in time for agent agentA25.
[ NORMAL  ]  ##   No valid action available in time for agent agentA30.
[ NORMAL  ]  ##   No valid action available in time for agent agentB21.
[ NORMAL  ]  ##   No valid action available in time for agent agentB29.
[ NORMAL  ]  ##   No valid action available in time for agent agentB14.
[ NORMAL  ]  ##   No valid action available in time for agent agentB13.
[ NORMAL  ]  ##   No valid action available in time for agent agentA6.
[ NORMAL  ]  ##   No valid action available in time for agent agentA20.
[ NORMAL  ]  ##   No valid action available in time for agent agentA19.
[ NORMAL  ]  ##   No valid action available in time for agent agentA2.
[ NORMAL  ]  ##   No valid action available in time for agent agentB26.
[ NORMAL  ]  ##   No valid action available in time for agent agentA17.
[ NORMAL  ]  ##   No valid action available in time for agent agentA1.
[ NORMAL  ]  ##   No valid action available in time for agent agentA7.
[ NORMAL  ]  ##   No valid action available in time for agent agentB8.
[ NORMAL  ]  ##   No valid action available in time for agent agentB7.
[ NORMAL  ]  ##   No valid action available in time for agent agentB15.
[ NORMAL  ]  ##   No valid action available in time for agent agentA32.
[ NORMAL  ]  ##   No valid action available in time for agent agentA14.
[ NORMAL  ]  ##   No valid action available in time for agent agentA9.
[ NORMAL  ]  ##   No valid action available in time for agent agentB22.
[ NORMAL  ]  ##   No valid action available in time for agent agentB11.
[ NORMAL  ]  ##   No valid action available in time for agent agentB32.
[ NORMAL  ]  ##   No valid action available in time for agent agentB5.
[ NORMAL  ]  ##   No valid action available in time for agent agentA5.
[ NORMAL  ]  ##   No valid action available in time for agent agentA29.
[ NORMAL  ]  ##   No valid action available in time for agent agentA12.
[ NORMAL  ]  ##   No valid action available in time for agent agentB3.
[ NORMAL  ]  ##   No valid action available in time for agent agentB4.
[ NORMAL  ]  ##   No valid action available in time for agent agentA33.
[ NORMAL  ]  ##   No valid action available in time for agent agentB19.
[ NORMAL  ]  ##   No valid action available in time for agent agentA11.
[ NORMAL  ]  ##   No valid action available in time for agent agentB34.
[ NORMAL  ]  ##   No valid action available in time for agent agentB9.
[ NORMAL  ]  ##   No valid action available in time for agent agentB31.
[ NORMAL  ]  ##   No valid action available in time for agent agentB17.
[ NORMAL  ]  ##   No valid action available in time for agent agentB12.
[ NORMAL  ]  ##   No valid action available in time for agent agentB2.
[ NORMAL  ]  ##   No valid action available in time for agent agentB23.
[ NORMAL  ]  ##   No valid action available in time for agent agentA31.
[ NORMAL  ]  ##   No valid action available in time for agent agentA13.
[ NORMAL  ]  ##   No valid action available in time for agent agentB1.
[ NORMAL  ]  ##   No valid action available in time for agent agentB27.
[ NORMAL  ]  ##   No valid action available in time for agent agentA3.
[ NORMAL  ]  ##   No valid action available in time for agent agentB30.
[ NORMAL  ]  ##   No valid action available in time for agent agentB24.
[ NORMAL  ]  ##   No valid action available in time for agent agentB20.
[ NORMAL  ]  ##   No valid action available in time for agent agentA26.
[ NORMAL  ]  ##   No valid action available in time for agent agentA15.
[ NORMAL  ]  ##   No valid action available in time for agent agentA27.
[ NORMAL  ]  ##   No valid action available in time for agent agentA22.
[ NORMAL  ]  ##   No valid action available in time for agent agentA10.
[ NORMAL  ]  ##   No valid action available in time for agent agentB10.
[ NORMAL  ]  ##   No valid action available in time for agent agentA34.
[ NORMAL  ]  ##   No valid action available in time for agent agentB16.
[ NORMAL  ]  ##   No valid action available in time for agent agentB18.
[ NORMAL  ]  ##   No valid action available in time for agent agentB25.
[ NORMAL  ]  ##   No valid action available in time for agent agentA8.
[ NORMAL  ]  ##   Simulation at step 14
[ NORMAL  ]  ##   No valid action available in time for agent agentA24.
[ NORMAL  ]  ##   No valid action available in time for agent agentA20.
[ NORMAL  ]  ##   No valid action available in time for agent agentA21.
[ NORMAL  ]  ##   No valid action available in time for agent agentA2.
[ NORMAL  ]  ##   No valid action available in time for agent agentA7.
[ NORMAL  ]  ##   No valid action available in time for agent agentA15.
[ NORMAL  ]  ##   No valid action available in time for agent agentA18.
[ NORMAL  ]  ##   No valid action available in time for agent agentB18.
[ NORMAL  ]  ##   No valid action available in time for agent agentA28.
[ NORMAL  ]  ##   No valid action available in time for agent agentA23.
[ NORMAL  ]  ##   No valid action available in time for agent agentB14.
[ NORMAL  ]  ##   No valid action available in time for agent agentB8.
[ NORMAL  ]  ##   No valid action available in time for agent agentA25.
[ NORMAL  ]  ##   No valid action available in time for agent agentB13.
[ NORMAL  ]  ##   No valid action available in time for agent agentA6.
[ NORMAL  ]  ##   No valid action available in time for agent agentB31.
[ NORMAL  ]  ##   No valid action available in time for agent agentB10.
[ NORMAL  ]  ##   No valid action available in time for agent agentB29.
[ NORMAL  ]  ##   No valid action available in time for agent agentB9.
[ NORMAL  ]  ##   No valid action available in time for agent agentB2.
[ NORMAL  ]  ##   No valid action available in time for agent agentB6.
[ NORMAL  ]  ##   No valid action available in time for agent agentA17.
[ NORMAL  ]  ##   No valid action available in time for agent agentA3.
[ NORMAL  ]  ##   No valid action available in time for agent agentA29.
[ NORMAL  ]  ##   No valid action available in time for agent agentA22.
[ NORMAL  ]  ##   No valid action available in time for agent agentA34.
[ NORMAL  ]  ##   No valid action available in time for agent agentA5.
[ NORMAL  ]  ##   No valid action available in time for agent agentA10.
[ NORMAL  ]  ##   No valid action available in time for agent agentA31.
[ NORMAL  ]  ##   No valid action available in time for agent agentB32.
[ NORMAL  ]  ##   No valid action available in time for agent agentA11.
[ NORMAL  ]  ##   No valid action available in time for agent agentB24.
[ NORMAL  ]  ##   No valid action available in time for agent agentA30.
[ NORMAL  ]  ##   No valid action available in time for agent agentB16.
[ NORMAL  ]  ##   No valid action available in time for agent agentA9.
[ NORMAL  ]  ##   No valid action available in time for agent agentA1.
[ NORMAL  ]  ##   No valid action available in time for agent agentB27.
[ NORMAL  ]  ##   No valid action available in time for agent agentA27.
[ NORMAL  ]  ##   No valid action available in time for agent agentB33.
[ NORMAL  ]  ##   No valid action available in time for agent agentB30.
[ NORMAL  ]  ##   No valid action available in time for agent agentA19.
[ NORMAL  ]  ##   No valid action available in time for agent agentB3.
[ NORMAL  ]  ##   No valid action available in time for agent agentB25.
[ NORMAL  ]  ##   No valid action available in time for agent agentB17.
[ NORMAL  ]  ##   No valid action available in time for agent agentA8.
[ NORMAL  ]  ##   No valid action available in time for agent agentB26.
[ NORMAL  ]  ##   No valid action available in time for agent agentB7.
[ NORMAL  ]  ##   No valid action available in time for agent agentB28.
[ NORMAL  ]  ##   No valid action available in time for agent agentB21.
[ NORMAL  ]  ##   No valid action available in time for agent agentB4.
[ NORMAL  ]  ##   No valid action available in time for agent agentB12.
[ NORMAL  ]  ##   No valid action available in time for agent agentB19.
[ NORMAL  ]  ##   No valid action available in time for agent agentB15.
[ NORMAL  ]  ##   No valid action available in time for agent agentA14.
[ NORMAL  ]  ##   No valid action available in time for agent agentB20.
[ NORMAL  ]  ##   No valid action available in time for agent agentA12.
[ NORMAL  ]  ##   No valid action available in time for agent agentB34.
[ NORMAL  ]  ##   No valid action available in time for agent agentB11.
[ NORMAL  ]  ##   No valid action available in time for agent agentA26.
[ NORMAL  ]  ##   No valid action available in time for agent agentB23.
[ NORMAL  ]  ##   No valid action available in time for agent agentB1.
[ NORMAL  ]  ##   No valid action available in time for agent agentB22.
[ NORMAL  ]  ##   No valid action available in time for agent agentA33.
[ NORMAL  ]  ##   No valid action available in time for agent agentA13.
[ NORMAL  ]  ##   No valid action available in time for agent agentA32.
[ NORMAL  ]  ##   No valid action available in time for agent agentA16.
[ NORMAL  ]  ##   No valid action available in time for agent agentB5.
[ NORMAL  ]  ##   Simulation at step 15
[ NORMAL  ]  ##   No valid action available in time for agent agentA22.
[ NORMAL  ]  ##   No valid action available in time for agent agentB26.
[ NORMAL  ]  ##   No valid action available in time for agent agentB34.
[ NORMAL  ]  ##   No valid action available in time for agent agentA32.
[ NORMAL  ]  ##   No valid action available in time for agent agentA8.
[ NORMAL  ]  ##   No valid action available in time for agent agentA20.
[ NORMAL  ]  ##   No valid action available in time for agent agentA27.
[ NORMAL  ]  ##   No valid action available in time for agent agentB4.
[ NORMAL  ]  ##   No valid action available in time for agent agentA2.
[ NORMAL  ]  ##   No valid action available in time for agent agentB13.
[ NORMAL  ]  ##   No valid action available in time for agent agentA3.
[ NORMAL  ]  ##   No valid action available in time for agent agentB9.
[ NORMAL  ]  ##   No valid action available in time for agent agentB18.
[ NORMAL  ]  ##   No valid action available in time for agent agentA34.
[ NORMAL  ]  ##   No valid action available in time for agent agentA30.
[ NORMAL  ]  ##   No valid action available in time for agent agentA25.
[ NORMAL  ]  ##   No valid action available in time for agent agentB27.
[ NORMAL  ]  ##   No valid action available in time for agent agentA7.
[ NORMAL  ]  ##   No valid action available in time for agent agentA15.
[ NORMAL  ]  ##   No valid action available in time for agent agentB10.
[ NORMAL  ]  ##   No valid action available in time for agent agentA23.
[ NORMAL  ]  ##   No valid action available in time for agent agentB7.
[ NORMAL  ]  ##   No valid action available in time for agent agentB5.
[ NORMAL  ]  ##   No valid action available in time for agent agentB8.
[ NORMAL  ]  ##   No valid action available in time for agent agentA33.
[ NORMAL  ]  ##   No valid action available in time for agent agentA12.
[ NORMAL  ]  ##   No valid action available in time for agent agentB21.
[ NORMAL  ]  ##   No valid action available in time for agent agentB14.
[ NORMAL  ]  ##   No valid action available in time for agent agentA14.
[ NORMAL  ]  ##   No valid action available in time for agent agentA21.
[ NORMAL  ]  ##   No valid action available in time for agent agentB31.
[ NORMAL  ]  ##   No valid action available in time for agent agentB11.
[ NORMAL  ]  ##   No valid action available in time for agent agentA11.
[ NORMAL  ]  ##   No valid action available in time for agent agentA5.
[ NORMAL  ]  ##   No valid action available in time for agent agentB28.
[ NORMAL  ]  ##   No valid action available in time for agent agentA10.
[ NORMAL  ]  ##   No valid action available in time for agent agentB24.
[ NORMAL  ]  ##   No valid action available in time for agent agentB1.
[ NORMAL  ]  ##   No valid action available in time for agent agentB23.
[ NORMAL  ]  ##   No valid action available in time for agent agentB16.
[ NORMAL  ]  ##   No valid action available in time for agent agentA16.
[ NORMAL  ]  ##   No valid action available in time for agent agentB20.
[ NORMAL  ]  ##   No valid action available in time for agent agentB32.
[ NORMAL  ]  ##   No valid action available in time for agent agentB6.
[ NORMAL  ]  ##   No valid action available in time for agent agentA18.
[ NORMAL  ]  ##   No valid action available in time for agent agentB12.
[ NORMAL  ]  ##   No valid action available in time for agent agentB25.
[ NORMAL  ]  ##   No valid action available in time for agent agentA31.
[ NORMAL  ]  ##   No valid action available in time for agent agentA24.
[ NORMAL  ]  ##   No valid action available in time for agent agentA28.
[ NORMAL  ]  ##   No valid action available in time for agent agentB3.
[ NORMAL  ]  ##   No valid action available in time for agent agentA1.
[ NORMAL  ]  ##   No valid action available in time for agent agentA9.
[ NORMAL  ]  ##   No valid action available in time for agent agentB2.
[ NORMAL  ]  ##   No valid action available in time for agent agentB17.
[ NORMAL  ]  ##   No valid action available in time for agent agentA19.
[ NORMAL  ]  ##   No valid action available in time for agent agentB22.
[ NORMAL  ]  ##   No valid action available in time for agent agentB29.
[ NORMAL  ]  ##   No valid action available in time for agent agentA13.
[ NORMAL  ]  ##   No valid action available in time for agent agentA26.
[ NORMAL  ]  ##   No valid action available in time for agent agentA6.
[ NORMAL  ]  ##   No valid action available in time for agent agentB30.
[ NORMAL  ]  ##   No valid action available in time for agent agentB15.
[ NORMAL  ]  ##   No valid action available in time for agent agentB33.
[ NORMAL  ]  ##   No valid action available in time for agent agentA17.
[ NORMAL  ]  ##   No valid action available in time for agent agentB19.
[ NORMAL  ]  ##   No valid action available in time for agent agentA29.
[ NORMAL  ]  ##   Simulation at step 16
[ NORMAL  ]  ##   New job: : 1x item5, 1x item9 reward(230) 17-87 storage0 loc(2.30026,48.8242) capacity(10271) Job
