[ NORMAL  ]  ##   Please press ENTER to start the tournament.
[ NORMAL  ]  ##   got authentication: username=agentA19 password=1 address=127.0.0.1
[ NORMAL  ]  ##   got authentication: username=agentA16 password=1 address=127.0.0.1
[ NORMAL  ]  ##   got authentication: username=agentA17 password=1 address=127.0.0.1
[ NORMAL  ]  ##   got authentication: username=agentA1 password=1 address=127.0.0.1
[ NORMAL  ]  ##   got authentication: username=agentB14 password=1 address=127.0.0.1
[ NORMAL  ]  ##   got authentication: username=agentB25 password=1 address=127.0.0.1
[ NORMAL  ]  ##   got authentication: username=agentB11 password=1 address=127.0.0.1
[ NORMAL  ]  ##   got authentication: username=agentA34 password=1 address=127.0.0.1
[ NORMAL  ]  ##   got authentication: username=agentB21 password=1 address=127.0.0.1
[ NORMAL  ]  ##   got authentication: username=agentB16 password=1 address=127.0.0.1
[ NORMAL  ]  ##   got authentication: username=agentB7 password=1 address=127.0.0.1
[ NORMAL  ]  ##   got authentication: username=agentB6 password=1 address=127.0.0.1
[ NORMAL  ]  ##   got authentication: username=agentA11 password=1 address=127.0.0.1
[ NORMAL  ]  ##   got authentication: username=agentB4 password=1 address=127.0.0.1
[ NORMAL  ]  ##   got authentication: username=agentB12 password=1 address=127.0.0.1
[ NORMAL  ]  ##   got authentication: username=agentB20 password=1 address=127.0.0.1
[ NORMAL  ]  ##   got authentication: username=agentB18 password=1 address=127.0.0.1
[ NORMAL  ]  ##   got authentication: username=agentA31 password=1 address=127.0.0.1
[ NORMAL  ]  ##   got authentication: username=agentB27 password=1 address=127.0.0.1
[ NORMAL  ]  ##   got authentication: username=agentB26 password=1 address=127.0.0.1
[ NORMAL  ]  ##   got authentication: username=agentB32 password=1 address=127.0.0.1
[ NORMAL  ]  ##   got authentication: username=agentB9 password=1 address=127.0.0.1
[ NORMAL  ]  ##   got authentication: username=agentB23 password=1 address=127.0.0.1
[ NORMAL  ]  ##   got authentication: username=agentA14 password=1 address=127.0.0.1
[ NORMAL  ]  ##   got authentication: username=agentB8 password=1 address=127.0.0.1
[ NORMAL  ]  ##   got authentication: username=agentB28 password=1 address=127.0.0.1
[ NORMAL  ]  ##   got authentication: username=agentB13 password=1 address=127.0.0.1
[ NORMAL  ]  ##   got authentication: username=agentB34 password=1 address=127.0.0.1
[ NORMAL  ]  ##   got authentication: username=agentA33 password=1 address=127.0.0.1
[ NORMAL  ]  ##   got authentication: username=agentB24 password=1 address=127.0.0.1
[ NORMAL  ]  ##   got authentication: username=agentB3 password=1 address=127.0.0.1
[ NORMAL  ]  ##   got authentication: username=agentB5 password=1 address=127.0.0.1
[ NORMAL  ]  ##   got authentication: username=agentA2 password=1 address=127.0.0.1
[ NORMAL  ]  ##   got authentication: username=agentA30 password=1 address=127.0.0.1
[ NORMAL  ]  ##   got authentication: username=agentB29 password=1 address=127.0.0.1
[ NORMAL  ]  ##   got authentication: username=agentA18 password=1 address=127.0.0.1
[ NORMAL  ]  ##   got authentication: username=agentB1 password=1 address=127.0.0.1
[ NORMAL  ]  ##   got authentication: username=agentA32 password=1 address=127.0.0.1
[ NORMAL  ]  ##   got authentication: username=agentA8 password=1 address=127.0.0.1
[ NORMAL  ]  ##   got authentication: username=agentB10 password=1 address=127.0.0.1
[ NORMAL  ]  ##   got authentication: username=agentB30 password=1 address=127.0.0.1
[ NORMAL  ]  ##   got authentication: username=agentB22 password=1 address=127.0.0.1
[ NORMAL  ]  ##   got authentication: username=agentA10 password=1 address=127.0.0.1
[ NORMAL  ]  ##   got authentication: username=agentA15 password=1 address=127.0.0.1
[ NORMAL  ]  ##   got authentication: username=agentA13 password=1 address=127.0.0.1
[ NORMAL  ]  ##   got authentication: username=agentB19 password=1 address=127.0.0.1
[ NORMAL  ]  ##   got authentication: username=agentB33 password=1 address=127.0.0.1
[ NORMAL  ]  ##   got authentication: username=agentB31 password=1 address=127.0.0.1
[ NORMAL  ]  ##   got authentication: username=agentA4 password=1 address=127.0.0.1
[ NORMAL  ]  ##   got authentication: username=agentB15 password=1 address=127.0.0.1
[ NORMAL  ]  ##   got authentication: username=agentB2 password=1 address=127.0.0.1
[ NORMAL  ]  ##   got authentication: username=agentB17 password=1 address=127.0.0.1
[ NORMAL  ]  ##   got authentication: username=agentA12 password=1 address=127.0.0.1
[ NORMAL  ]  ##   got authentication: username=agentA7 password=1 address=127.0.0.1
[ NORMAL  ]  ##   got authentication: username=agentA3 password=1 address=127.0.0.1
[ NORMAL  ]  ##   got authentication: username=agentA9 password=1 address=127.0.0.1
[ NORMAL  ]  ##   got authentication: username=agentA5 password=1 address=127.0.0.1
[ NORMAL  ]  ##   got authentication: username=agentA28 password=1 address=127.0.0.1
[ NORMAL  ]  ##   got authentication: username=agentA27 password=1 address=127.0.0.1
[ NORMAL  ]  ##   got authentication: username=agentA24 password=1 address=127.0.0.1
[ NORMAL  ]  ##   got authentication: username=agentA29 password=1 address=127.0.0.1
[ NORMAL  ]  ##   got authentication: username=agentA23 password=1 address=127.0.0.1
[ NORMAL  ]  ##   got authentication: username=agentA6 password=1 address=127.0.0.1
[ NORMAL  ]  ##   got authentication: username=agentA25 password=1 address=127.0.0.1
[ NORMAL  ]  ##   got authentication: username=agentA22 password=1 address=127.0.0.1
[ NORMAL  ]  ##   got authentication: username=agentA21 password=1 address=127.0.0.1
[ NORMAL  ]  ##   got authentication: username=agentA26 password=1 address=127.0.0.1
[ NORMAL  ]  ##   got authentication: username=agentA20 password=1 address=127.0.0.1
[ NORMAL  ]  ##   Configuring random seed: 18
[ NORMAL  ]  ##   Configuring facilities quadSize: 0.04
[ NORMAL  ]  ##   Configuring facilities charging station density: 0.9
[ NORMAL  ]  ##   Configuring facilities charging station rateMin: 20
[ NORMAL  ]  ##   Configuring facilities charging station rateMax: 40
[ NORMAL  ]  ##   Configuring facilities shop density: 0.8
[ NORMAL  ]  ##   Config: tradeModMin set to 1
[ NORMAL  ]  ##   Config: tradeModMax set to 4
[ NORMAL  ]  ##   Configuring facilities dump density: 0.6
[ NORMAL  ]  ##   Configuring facilities workshops density: 0.6
[ NORMAL  ]  ##   Configuring facilities storage density: 0.8
[ NORMAL  ]  ##   Configuring facilities storage capacityMin: 7500
[ NORMAL  ]  ##   Configuring facilities storage capacityMax: 15000
[ NORMAL  ]  ##   Configuring facilities resource node density: 0.7
[ NORMAL  ]  ##   Config: thresholdMin set to 10
[ NORMAL  ]  ##   Config: thresholdMax set to 20
[ NORMAL  ]  ##   Config: wellTypesMin set to 2
[ NORMAL  ]  ##   Config: wellTypesMax set to 5
[ NORMAL  ]  ##   Config: baseEfficiencyMin set to 1
[ NORMAL  ]  ##   Config: baseEfficiencyMax set to 5
[ NORMAL  ]  ##   Config: efficiencyIncreaseMin set to 1
[ NORMAL  ]  ##   Config: efficiencyIncreaseMax set to 5
[ NORMAL  ]  ##   Config: baseIntegrityMin set to 50
[ NORMAL  ]  ##   Config: baseIntegrityMax set to 100
[ NORMAL  ]  ##   Config: costFactor set to 100
[ NORMAL  ]  ##   Configuring items levelDecreaseMin: 1
[ NORMAL  ]  ##   Configuring items levelDecreaseMax: 2
[ NORMAL  ]  ##   Configuring items graphDepthMin: 3
[ NORMAL  ]  ##   Configuring items graphDepthMax: 4
[ NORMAL  ]  ##   Configuring items resourcesMin: 4
[ NORMAL  ]  ##   Configuring items resourcesMax: 6
[ NORMAL  ]  ##   Config: volMin set to 5
[ NORMAL  ]  ##   Config: volMax set to 10
[ NORMAL  ]  ##   Config: partsMin set to 2
[ NORMAL  ]  ##   Config: partsMax set to 8
[ NORMAL  ]  ##   Config: jobProbability set to 0.2
[ NORMAL  ]  ##   Config: auctionProbability set to 0.1
[ NORMAL  ]  ##   Config: missionProbability set to 0.01
[ NORMAL  ]  ##   Config: jobDurationMin set to 50
[ NORMAL  ]  ##   Config: jobDurationMax set to 100
[ NORMAL  ]  ##   Config: rewardModMin set to 100
[ NORMAL  ]  ##   Config: rewardModMax set to 200
[ NORMAL  ]  ##   Config: rewardScale set to 5
[ NORMAL  ]  ##   Config: itemCountMin set to 2
[ NORMAL  ]  ##   Config: itemCountMax set to 10
[ NORMAL  ]  ##   Config: auctionTime set to 5
[ NORMAL  ]  ##   Configuring simulation id: 2018-SampleSimulation
[ NORMAL  ]  ##   Configuring scenario map: paris
[ NORMAL  ]  ##   Configuring scenario seedCapital: 5000
[ NORMAL  ]  ##   Configuring scenario minLon: 2.26
[ NORMAL  ]  ##   Configuring scenario maxLon: 2.41
[ NORMAL  ]  ##   Configuring scenario minLat: 48.82
[ NORMAL  ]  ##   Configuring scenario maxLat: 48.9
[ NORMAL  ]  ##   Configuring scenario proximity: 5
[ NORMAL  ]  ##   Configuring scenario cellSize: 200
[ NORMAL  ]  ##   Configuring scenario centerLat: 48.8424
[ NORMAL  ]  ##   Configuring scenario centerLon: 2.3209
[ NORMAL  ]  ##   Configuring random fail probability: 1
[ NORMAL  ]  ##   Configuring cost for goto: 1
[ NORMAL  ]  ##   Configuring recharge rate: 0.3
[ NORMAL  ]  ##   item0: vol(7), val(0)
[ NORMAL  ]  ##   item1: vol(5), val(0)
[ NORMAL  ]  ##   item2: vol(9), val(0)
[ NORMAL  ]  ##   item3: vol(7), val(0)
[ NORMAL  ]  ##   item4: vol(5), val(0)
[ NORMAL  ]  ##   item5: vol(5), val(2)
[ NORMAL  ]  ##   item6: vol(5), val(5)
[ NORMAL  ]  ##   item7: vol(5), val(5)
[ NORMAL  ]  ##   item8: vol(10), val(2)
[ NORMAL  ]  ##   item9: vol(6), val(13)
[ NORMAL  ]  ##   item10: vol(7), val(8)
[ ERROR  ]  ##   GH: Connection between locations not found
[ NORMAL  ]  ##   Created facility: chargingStation0 loc(2.28473,48.83015) rate(22)
[ NORMAL  ]  ##   Created facility: chargingStation1 loc(2.31813,48.85317) rate(33)
[ NORMAL  ]  ##   Created facility: chargingStation2 loc(2.3726,48.85742) rate(24)
[ NORMAL  ]  ##   Created facility: chargingStation3 loc(2.39448,48.84793) rate(33)
[ NORMAL  ]  ##   Created facility: chargingStation4 loc(2.28371,48.87003) rate(27)
[ NORMAL  ]  ##   Created facility: chargingStation5 loc(2.34642,48.88577) rate(35)
[ NORMAL  ]  ##   Created facility: shop0 loc(2.31271,48.84675) tradeMod(3)
[ NORMAL  ]  ##   Created facility: shop1 loc(2.35044,48.83829) tradeMod(3)
[ NORMAL  ]  ##   Created facility: shop2 loc(2.40201,48.85095) tradeMod(1)
[ NORMAL  ]  ##   Created facility: shop3 loc(2.27393,48.87675) tradeMod(1)
[ NORMAL  ]  ##   Created facility: shop4 loc(2.30934,48.88958) tradeMod(2)
[ NORMAL  ]  ##   Created facility: shop5 loc(2.37592,48.86151) tradeMod(4)
[ NORMAL  ]  ##   Created facility: shop6 loc(2.39246,48.86342) tradeMod(3)
[ NORMAL  ]  ##   Created facility: dump0 loc(2.32361,48.85587)
[ NORMAL  ]  ##   Created facility: dump1 loc(2.32883,48.88682)
[ NORMAL  ]  ##   Created facility: dump2 loc(2.40587,48.87214)
[ NORMAL  ]  ##   Created facility: workshop0 loc(2.28949,48.82453)
[ NORMAL  ]  ##   Created facility: workshop1 loc(2.31017,48.82456)
[ NORMAL  ]  ##   Created facility: workshop2 loc(2.38397,48.83966)
[ NORMAL  ]  ##   Created facility: workshop3 loc(2.40692,48.89408)
[ NORMAL  ]  ##   Created facility: storage0 loc(2.30026,48.8242) capacity(10271)
[ NORMAL  ]  ##   Created facility: storage1 loc(2.3717,48.82745) capacity(11049)
[ NORMAL  ]  ##   Created facility: storage2 loc(2.30345,48.86243) capacity(9401)
[ NORMAL  ]  ##   Created facility: storage3 loc(2.40691,48.86627) capacity(9797)
[ NORMAL  ]  ##   Created facility: node0 loc(2.28052,48.82229)
[ NORMAL  ]  ##   Created facility: node1 loc(2.28618,48.88471)
[ NORMAL  ]  ##   Created facility: node2 loc(2.28021,48.82903)
[ NORMAL  ]  ##   Created facility: node3 loc(2.32476,48.86256)
[ NORMAL  ]  ##   Created facility: node4 loc(2.33733,48.83519)
[ NORMAL  ]  ##   Created facility: node5 loc(2.29516,48.85633)
[ NORMAL  ]  ##   Created facility: node6 loc(2.31371,48.84778)
[ NORMAL  ]  ##   Created facility: node7 loc(2.40798,48.83675)
[ NORMAL  ]  ##   Created facility: node8 loc(2.27757,48.89868)
[ NORMAL  ]  ##   Created facility: node9 loc(2.30791,48.89597)
[ NORMAL  ]  ##   Created facility: node10 loc(2.34388,48.8651)
[ NORMAL  ]  ##   wellType0: eff(4), int(73), cost(600)
[ NORMAL  ]  ##   wellType1: eff(8), int(65), cost(1082)
[ NORMAL  ]  ##   wellType2: eff(11), int(96), cost(1431)
[ NORMAL  ]  ##   wellType3: eff(12), int(87), cost(1546)
[ NORMAL  ]  ##   wellType4: eff(17), int(71), cost(2112)
[ NORMAL  ]  ##   Simulation at step 0
[ NORMAL  ]  ##   New job: : 1x item6, 2x item7, 3x item9 reward(392) 1-77 storage0 loc(2.30026,48.8242) capacity(10271) Job
[ NORMAL  ]  ##   Simulation at step 1
[ NORMAL  ]  ##   Simulation at step 2
[ NORMAL  ]  ##   Simulation at step 3
[ NORMAL  ]  ##   Simulation at step 4
[ NORMAL  ]  ##   New job: : 1x item6, 2x item7, 5x item9 reward(517) 5-94 storage1 loc(2.3717,48.82745) capacity(11049) AuctionJob
[ NORMAL  ]  ##   Simulation at step 5
[ NORMAL  ]  ##   New job: : 2x item5, 4x item8, 1x item10, 1x item7 reward(297) 6-88 storage0 loc(2.30026,48.8242) capacity(10271) AuctionJob
[ NORMAL  ]  ##   Simulation at step 6
[ NORMAL  ]  ##   Simulation at step 7
[ NORMAL  ]  ##   Simulation at step 8
[ NORMAL  ]  ##   Simulation at step 9
[ NORMAL  ]  ##   Simulation at step 10
[ NORMAL  ]  ##   Simulation at step 11
[ NORMAL  ]  ##   New job: : 1x item5, 2x item8, 1x item7, 3x item9 reward(401) 12-71 storage1 loc(2.3717,48.82745) capacity(11049) Job
[ NORMAL  ]  ##   Simulation at step 12
[ NORMAL  ]  ##   New job: : 1x item5, 2x item10, 1x item6, 4x item7, 2x item9 reward(471) 13-82 storage2 loc(2.30345,48.86243) capacity(9401) Job
[ NORMAL  ]  ##   Simulation at step 13
[ NORMAL  ]  ##   Simulation at step 14
[ NORMAL  ]  ##   Simulation at step 15
[ NORMAL  ]  ##   Simulation at step 16
[ NORMAL  ]  ##   New job: : 1x item5, 1x item9 reward(230) 17-87 storage0 loc(2.30026,48.8242) capacity(10271) Job
[ NORMAL  ]  ##   Simulation at step 17
[ NORMAL  ]  ##   New job: : 1x item6, 1x item7 reward(222) 18-94 storage1 loc(2.3717,48.82745) capacity(11049) AuctionJob
[ NORMAL  ]  ##   Simulation at step 18
[ NORMAL  ]  ##   Simulation at step 19
[ NORMAL  ]  ##   Simulation at step 20
[ NORMAL  ]  ##   Simulation at step 21
[ NORMAL  ]  ##   Simulation at step 22
[ NORMAL  ]  ##   New job: : 1x item5, 2x item8, 1x item10, 1x item6, 1x item7, 2x item9 reward(442) 23-117 storage2 loc(2.30345,48.86243) capacity(9401) AuctionJob
[ NORMAL  ]  ##   Simulation at step 23
[ NORMAL  ]  ##   Simulation at step 24
[ NORMAL  ]  ##   Simulation at step 25
[ NORMAL  ]  ##   Simulation at step 26
[ NORMAL  ]  ##   Simulation at step 27
[ NORMAL  ]  ##   New job: : 2x item5, 1x item8, 1x item10, 1x item6, 1x item7, 3x item9 reward(469) 28-94 storage0 loc(2.30026,48.8242) capacity(10271) Job
[ NORMAL  ]  ##   New job: : 1x item5, 1x item8, 1x item7 reward(180) 28-84 storage3 loc(2.40691,48.86627) capacity(9797) AuctionJob
[ NORMAL  ]  ##   Simulation at step 28
[ NORMAL  ]  ##   Simulation at step 29
[ NORMAL  ]  ##   New job: : 1x item10, 2x item6, 4x item9 reward(484) 30-127 storage2 loc(2.30345,48.86243) capacity(9401) Job
[ NORMAL  ]  ##   Simulation at step 30
[ NORMAL  ]  ##   Simulation at step 31
[ NORMAL  ]  ##   New job: : 2x item8, 2x item9 reward(278) 32-110 storage1 loc(2.3717,48.82745) capacity(11049) Job
[ NORMAL  ]  ##   Simulation at step 32
[ NORMAL  ]  ##   New job: : 1x item5, 2x item8, 1x item10, 3x item6, 2x item7 reward(317) 33-107 storage0 loc(2.30026,48.8242) capacity(10271) Mission
[ NORMAL  ]  ##   New job: : 1x item5, 2x item8, 1x item10, 3x item6, 2x item7 reward(317) 33-107 storage0 loc(2.30026,48.8242) capacity(10271) Mission
[ NORMAL  ]  ##   New job: : 1x item5, 2x item8, 2x item10, 2x item9 reward(392) 33-116 storage2 loc(2.30345,48.86243) capacity(9401) Job
[ NORMAL  ]  ##   Simulation at step 33
[ NORMAL  ]  ##   Simulation at step 34
[ NORMAL  ]  ##   New job: : 1x item5, 2x item7, 2x item9 reward(329) 35-123 storage3 loc(2.40691,48.86627) capacity(9797) AuctionJob
[ NORMAL  ]  ##   Simulation at step 35
[ NORMAL  ]  ##   New job: : 1x item8, 1x item10, 1x item9 reward(304) 36-102 storage1 loc(2.3717,48.82745) capacity(11049) Job
[ NORMAL  ]  ##   Simulation at step 36
[ NORMAL  ]  ##   Simulation at step 37
[ NORMAL  ]  ##   Simulation at step 38
[ NORMAL  ]  ##   New job: : 1x item8, 2x item10, 3x item6, 2x item7, 2x item9 reward(517) 39-96 storage3 loc(2.40691,48.86627) capacity(9797) Job
[ NORMAL  ]  ##   Simulation at step 39
[ NORMAL  ]  ##   New job: : 1x item5, 1x item8, 1x item7, 1x item9 reward(226) 40-104 storage1 loc(2.3717,48.82745) capacity(11049) Job
[ NORMAL  ]  ##   Simulation at step 40
[ NORMAL  ]  ##   Simulation at step 41
[ NORMAL  ]  ##   Simulation at step 42
[ NORMAL  ]  ##   Simulation at step 43
[ NORMAL  ]  ##   New job: : 1x item8, 1x item10, 4x item6, 2x item7, 1x item9 reward(384) 44-139 storage1 loc(2.3717,48.82745) capacity(11049) AuctionJob
[ NORMAL  ]  ##   New job: : 2x item5, 2x item8, 1x item7, 1x item9 reward(256) 44-138 storage2 loc(2.30345,48.86243) capacity(9401) Job
[ NORMAL  ]  ##   Simulation at step 44
[ NORMAL  ]  ##   New job: : 1x item8, 1x item7 reward(207) 45-140 storage1 loc(2.3717,48.82745) capacity(11049) Job
[ NORMAL  ]  ##   Simulation at step 45
[ NORMAL  ]  ##   Simulation at step 46
[ NORMAL  ]  ##   New job: : 1x item5, 1x item8, 2x item10, 2x item6, 1x item7, 1x item9 reward(365) 47-117 storage1 loc(2.3717,48.82745) capacity(11049) Job
[ NORMAL  ]  ##   Simulation at step 47
[ NORMAL  ]  ##   Simulation at step 48
[ NORMAL  ]  ##   Simulation at step 49
[ NORMAL  ]  ##   Simulation at step 50
[ NORMAL  ]  ##   Simulation at step 51
[ NORMAL  ]  ##   Simulation at step 52
[ NORMAL  ]  ##   Simulation at step 53
[ NORMAL  ]  ##   New job: : 4x item5, 1x item10, 2x item6, 2x item9 reward(376) 54-129 storage2 loc(2.30345,48.86243) capacity(9401) AuctionJob
[ NORMAL  ]  ##   Simulation at step 54
[ NORMAL  ]  ##   Simulation at step 55
[ NORMAL  ]  ##   Simulation at step 56
[ NORMAL  ]  ##   Simulation at step 57
[ NORMAL  ]  ##   Simulation at step 58
[ NORMAL  ]  ##   Simulation at step 59
[ NORMAL  ]  ##   Simulation at step 60
[ NORMAL  ]  ##   New job: : 2x item5, 3x item10, 2x item7, 1x item9 reward(392) 61-116 storage2 loc(2.30345,48.86243) capacity(9401) Job
[ NORMAL  ]  ##   Simulation at step 61
[ NORMAL  ]  ##   Simulation at step 62
[ NORMAL  ]  ##   Simulation at step 63
[ NORMAL  ]  ##   Simulation at step 64
[ NORMAL  ]  ##   Simulation at step 65
[ NORMAL  ]  ##   New job: : 2x item5, 1x item8, 1x item7 reward(221) 66-143 storage3 loc(2.40691,48.86627) capacity(9797) Job
[ NORMAL  ]  ##   Simulation at step 66
[ NORMAL  ]  ##   Simulation at step 67
[ NORMAL  ]  ##   Simulation at step 68
[ NORMAL  ]  ##   Simulation at step 69
[ NORMAL  ]  ##   Simulation at step 70
[ NORMAL  ]  ##   Simulation at step 71
[ NORMAL  ]  ##   Simulation at step 72
[ NORMAL  ]  ##   Simulation at step 73
[ NORMAL  ]  ##   Simulation at step 74
[ NORMAL  ]  ##   New job: : 1x item5, 1x item8 reward(203) 75-145 storage2 loc(2.30345,48.86243) capacity(9401) Job
[ NORMAL  ]  ##   Simulation at step 75
[ NORMAL  ]  ##   Simulation at step 76
[ NORMAL  ]  ##   Simulation at step 77
[ NORMAL  ]  ##   New job: : 1x item8, 1x item10 reward(181) 78-171 storage0 loc(2.30026,48.8242) capacity(10271) AuctionJob
[ NORMAL  ]  ##   Simulation at step 78
[ NORMAL  ]  ##   New job: : 1x item5, 1x item8, 1x item6, 1x item7 reward(185) 79-165 storage0 loc(2.30026,48.8242) capacity(10271) Job
[ NORMAL  ]  ##   Simulation at step 79
[ NORMAL  ]  ##   Simulation at step 80
[ NORMAL  ]  ##   Simulation at step 81
[ NORMAL  ]  ##   Simulation at step 82
[ NORMAL  ]  ##   Simulation at step 83
[ NORMAL  ]  ##   Simulation at step 84
[ NORMAL  ]  ##   New job: : 2x item5, 1x item10 reward(194) 85-164 storage3 loc(2.40691,48.86627) capacity(9797) Job
[ NORMAL  ]  ##   Simulation at step 85
[ NORMAL  ]  ##   Simulation at step 86
[ NORMAL  ]  ##   Simulation at step 87
[ NORMAL  ]  ##   Simulation at step 88
[ NORMAL  ]  ##   New job: : 1x item5, 1x item8, 1x item9 reward(190) 89-178 storage2 loc(2.30345,48.86243) capacity(9401) Job
[ NORMAL  ]  ##   Simulation at step 89
[ NORMAL  ]  ##   New job: : 1x item8, 3x item6, 3x item7, 3x item9 reward(504) 90-179 storage0 loc(2.30026,48.8242) capacity(10271) AuctionJob
[ NORMAL  ]  ##   Simulation at step 90
[ NORMAL  ]  ##   Simulation at step 91
[ NORMAL  ]  ##   Simulation at step 92
[ NORMAL  ]  ##   Simulation at step 93
[ NORMAL  ]  ##   New job: : 1x item8, 1x item10 reward(177) 94-190 storage1 loc(2.3717,48.82745) capacity(11049) Job
[ NORMAL  ]  ##   Simulation at step 94
[ NORMAL  ]  ##   Simulation at step 95
[ NORMAL  ]  ##   Simulation at step 96
[ NORMAL  ]  ##   New job: : 1x item8, 2x item10 reward(215) 97-178 storage0 loc(2.30026,48.8242) capacity(10271) Job
[ NORMAL  ]  ##   Simulation at step 97
[ NORMAL  ]  ##   Simulation at step 98
[ NORMAL  ]  ##   Simulation at step 99
[ NORMAL  ]  ##   Simulation at step 100
[ NORMAL  ]  ##   Simulation at step 101
[ NORMAL  ]  ##   Simulation at step 102
[ NORMAL  ]  ##   Simulation at step 103
[ NORMAL  ]  ##   Simulation at step 104
[ NORMAL  ]  ##   Simulation at step 105
[ NORMAL  ]  ##   New job: : 2x item5, 1x item8, 1x item6, 2x item7, 1x item9 reward(324) 106-177 storage1 loc(2.3717,48.82745) capacity(11049) AuctionJob
[ NORMAL  ]  ##   Simulation at step 106
[ NORMAL  ]  ##   Simulation at step 107
[ NORMAL  ]  ##   Simulation at step 108
[ NORMAL  ]  ##   Simulation at step 109
[ NORMAL  ]  ##   Simulation at step 110
[ NORMAL  ]  ##   Simulation at step 111
[ NORMAL  ]  ##   New job: : 1x item5, 2x item6, 2x item9 reward(309) 112-170 storage1 loc(2.3717,48.82745) capacity(11049) Job
[ NORMAL  ]  ##   Simulation at step 112
[ NORMAL  ]  ##   Simulation at step 113
[ NORMAL  ]  ##   Simulation at step 114
[ NORMAL  ]  ##   Simulation at step 115
[ NORMAL  ]  ##   New job: : 1x item8, 2x item7, 1x item9 reward(322) 116-167 storage1 loc(2.3717,48.82745) capacity(11049) Job
[ NORMAL  ]  ##   Simulation at step 116
[ NORMAL  ]  ##   Simulation at step 117
[ NORMAL  ]  ##   New job: : 2x item10, 2x item7 reward(255) 118-195 storage2 loc(2.30345,48.86243) capacity(9401) Job
[ NORMAL  ]  ##   Simulation at step 118
[ NORMAL  ]  ##   Simulation at step 119
[ NORMAL  ]  ##   Simulation at step 120
[ NORMAL  ]  ##   Simulation at step 121
[ NORMAL  ]  ##   Simulation at step 122
[ NORMAL  ]  ##   Simulation at step 123
[ NORMAL  ]  ##   Simulation at step 124
[ NORMAL  ]  ##   Simulation at step 125
[ NORMAL  ]  ##   Simulation at step 126
[ NORMAL  ]  ##   Simulation at step 127
[ NORMAL  ]  ##   Simulation at step 128
[ NORMAL  ]  ##   New job: : 1x item8, 2x item7 reward(173) 129-222 storage2 loc(2.30345,48.86243) capacity(9401) Job
[ NORMAL  ]  ##   Simulation at step 129
[ NORMAL  ]  ##   Simulation at step 130
[ NORMAL  ]  ##   New job: : 1x item8, 1x item10, 1x item6 reward(252) 131-210 storage1 loc(2.3717,48.82745) capacity(11049) Job
[ NORMAL  ]  ##   Simulation at step 131
[ NORMAL  ]  ##   New job: : 1x item5, 2x item8, 2x item10, 1x item6, 3x item7, 1x item9 reward(399) 132-197 storage3 loc(2.40691,48.86627) capacity(9797) Job
[ NORMAL  ]  ##   Simulation at step 132
[ NORMAL  ]  ##   New job: : 1x item8, 1x item6, 1x item9 reward(226) 133-185 storage0 loc(2.30026,48.8242) capacity(10271) Job
[ NORMAL  ]  ##   Simulation at step 133
[ NORMAL  ]  ##   Simulation at step 134
[ NORMAL  ]  ##   New job: : 1x item8, 1x item10, 1x item6, 1x item9 reward(320) 135-199 storage3 loc(2.40691,48.86627) capacity(9797) Job
[ NORMAL  ]  ##   Simulation at step 135
[ NORMAL  ]  ##   Simulation at step 136
[ NORMAL  ]  ##   New job: : 2x item5, 2x item8, 3x item10, 2x item6, 1x item7 reward(394) 137-211 storage1 loc(2.3717,48.82745) capacity(11049) Job
[ NORMAL  ]  ##   New job: : 2x item8, 1x item7, 1x item9 reward(279) 137-229 storage3 loc(2.40691,48.86627) capacity(9797) AuctionJob
[ NORMAL  ]  ##   Simulation at step 137
[ NORMAL  ]  ##   New job: : 1x item5, 2x item8, 2x item10, 1x item7 reward(237) 138-231 storage0 loc(2.30026,48.8242) capacity(10271) Job
[ NORMAL  ]  ##   Simulation at step 138
[ NORMAL  ]  ##   Simulation at step 139
[ NORMAL  ]  ##   Simulation at step 140
[ NORMAL  ]  ##   Simulation at step 141
[ NORMAL  ]  ##   Simulation at step 142
[ NORMAL  ]  ##   Simulation at step 143
[ NORMAL  ]  ##   Simulation at step 144
[ NORMAL  ]  ##   Simulation at step 145
[ NORMAL  ]  ##   Simulation at step 146
[ NORMAL  ]  ##   Simulation at step 147
[ NORMAL  ]  ##   Simulation at step 148
[ NORMAL  ]  ##   Simulation at step 149
[ NORMAL  ]  ##   Simulation at step 150
[ NORMAL  ]  ##   Simulation at step 151
[ NORMAL  ]  ##   Simulation at step 152
[ NORMAL  ]  ##   Simulation at step 153
[ NORMAL  ]  ##   Simulation at step 154
[ NORMAL  ]  ##   Simulation at step 155
[ NORMAL  ]  ##   Simulation at step 156
[ NORMAL  ]  ##   Simulation at step 157
[ NORMAL  ]  ##   Simulation at step 158
[ NORMAL  ]  ##   New job: : 2x item5, 2x item10, 1x item6 reward(320) 159-234 storage3 loc(2.40691,48.86627) capacity(9797) Job
[ NORMAL  ]  ##   Simulation at step 159
[ NORMAL  ]  ##   Simulation at step 160
[ NORMAL  ]  ##   Simulation at step 161
[ NORMAL  ]  ##   New job: : 1x item5, 1x item8 reward(209) 162-247 storage2 loc(2.30345,48.86243) capacity(9401) Job
[ NORMAL  ]  ##   Simulation at step 162
[ NORMAL  ]  ##   Simulation at step 163
[ NORMAL  ]  ##   New job: : 4x item8, 1x item6, 4x item9 reward(475) 164-226 storage1 loc(2.3717,48.82745) capacity(11049) Job
[ NORMAL  ]  ##   Simulation at step 164
[ NORMAL  ]  ##   Simulation at step 165
[ NORMAL  ]  ##   New job: : 1x item7, 2x item9 reward(274) 166-241 storage1 loc(2.3717,48.82745) capacity(11049) Job
[ NORMAL  ]  ##   Simulation at step 166
[ NORMAL  ]  ##   Simulation at step 167
[ NORMAL  ]  ##   Simulation at step 168
[ NORMAL  ]  ##   Simulation at step 169
[ NORMAL  ]  ##   New job: : 1x item5, 1x item8, 1x item9 reward(191) 170-258 storage1 loc(2.3717,48.82745) capacity(11049) Job
[ NORMAL  ]  ##   New job: : 2x item5, 1x item8, 3x item6, 2x item7 reward(351) 170-237 storage1 loc(2.3717,48.82745) capacity(11049) AuctionJob
[ NORMAL  ]  ##   Simulation at step 170
[ NORMAL  ]  ##   New job: : 1x item5, 1x item8, 2x item10, 2x item6, 1x item9 reward(414) 171-225 storage2 loc(2.30345,48.86243) capacity(9401) Job
[ NORMAL  ]  ##   Simulation at step 171
[ NORMAL  ]  ##   Simulation at step 172
[ NORMAL  ]  ##   New job: : 1x item5, 4x item10, 2x item6, 1x item7, 1x item9 reward(502) 173-224 storage1 loc(2.3717,48.82745) capacity(11049) Job
[ NORMAL  ]  ##   Simulation at step 173
[ NORMAL  ]  ##   New job: : 1x item7, 3x item9 reward(417) 174-270 storage1 loc(2.3717,48.82745) capacity(11049) Job
[ NORMAL  ]  ##   Simulation at step 174
[ NORMAL  ]  ##   New job: : 1x item8, 1x item7 reward(229) 175-245 storage1 loc(2.3717,48.82745) capacity(11049) Job
[ NORMAL  ]  ##   Simulation at step 175
[ NORMAL  ]  ##   Simulation at step 176
[ NORMAL  ]  ##   New job: : 1x item5, 2x item10, 1x item6 reward(309) 177-263 storage0 loc(2.30026,48.8242) capacity(10271) Job
[ NORMAL  ]  ##   Simulation at step 177
[ NORMAL  ]  ##   New job: : 3x item5, 2x item8, 1x item6, 1x item7 reward(242) 178-259 storage2 loc(2.30345,48.86243) capacity(9401) Job
[ NORMAL  ]  ##   Simulation at step 178
[ NORMAL  ]  ##   Simulation at step 179
[ NORMAL  ]  ##   Simulation at step 180
[ NORMAL  ]  ##   Simulation at step 181
[ NORMAL  ]  ##   Simulation at step 182
[ NORMAL  ]  ##   Simulation at step 183
[ NORMAL  ]  ##   Simulation at step 184
[ NORMAL  ]  ##   New job: : 3x item8, 1x item10, 1x item7, 1x item9 reward(347) 185-255 storage2 loc(2.30345,48.86243) capacity(9401) AuctionJob
[ NORMAL  ]  ##   New job: : 1x item5, 2x item10, 1x item6, 1x item7 reward(332) 185-281 storage1 loc(2.3717,48.82745) capacity(11049) Job
[ NORMAL  ]  ##   Simulation at step 185
[ NORMAL  ]  ##   Simulation at step 186
[ NORMAL  ]  ##   Simulation at step 187
[ NORMAL  ]  ##   Simulation at step 188
[ NORMAL  ]  ##   Simulation at step 189
[ NORMAL  ]  ##   Simulation at step 190
[ NORMAL  ]  ##   New job: : 3x item5, 2x item8, 1x item10, 1x item6, 3x item9 reward(491) 191-244 storage1 loc(2.3717,48.82745) capacity(11049) AuctionJob
[ NORMAL  ]  ##   Simulation at step 191
[ NORMAL  ]  ##   Simulation at step 192
[ NORMAL  ]  ##   New job: : 1x item5, 1x item8, 3x item10, 2x item6, 2x item7 reward(429) 193-257 storage2 loc(2.30345,48.86243) capacity(9401) AuctionJob
[ NORMAL  ]  ##   Simulation at step 193
[ NORMAL  ]  ##   Simulation at step 194
[ NORMAL  ]  ##   New job: : 1x item5, 1x item7 reward(168) 195-287 storage2 loc(2.30345,48.86243) capacity(9401) Job
[ NORMAL  ]  ##   Simulation at step 195
[ NORMAL  ]  ##   Simulation at step 196
[ NORMAL  ]  ##   Simulation at step 197
[ NORMAL  ]  ##   Simulation at step 198
[ NORMAL  ]  ##   Simulation at step 199
[ NORMAL  ]  ##   Simulation at step 200
[ NORMAL  ]  ##   Simulation at step 201
[ NORMAL  ]  ##   Simulation at step 202
[ NORMAL  ]  ##   Simulation at step 203
[ NORMAL  ]  ##   Simulation at step 204
[ NORMAL  ]  ##   Simulation at step 205
[ NORMAL  ]  ##   Simulation at step 206
[ NORMAL  ]  ##   Simulation at step 207
[ NORMAL  ]  ##   New job: : 3x item5, 1x item8, 1x item10 reward(231) 208-259 storage1 loc(2.3717,48.82745) capacity(11049) Job
[ NORMAL  ]  ##   Simulation at step 208
[ NORMAL  ]  ##   Simulation at step 209
[ NORMAL  ]  ##   New job: : 1x item8, 1x item7 reward(221) 210-265 storage0 loc(2.30026,48.8242) capacity(10271) Job
[ NORMAL  ]  ##   Simulation at step 210
[ NORMAL  ]  ##   New job: : 2x item5, 2x item10, 3x item7 reward(306) 211-286 storage0 loc(2.30026,48.8242) capacity(10271) AuctionJob
[ NORMAL  ]  ##   Simulation at step 211
[ NORMAL  ]  ##   Simulation at step 212
[ NORMAL  ]  ##   Simulation at step 213
[ NORMAL  ]  ##   Simulation at step 214
[ NORMAL  ]  ##   Simulation at step 215
[ NORMAL  ]  ##   New job: : 1x item5, 3x item8, 1x item7, 1x item9 reward(230) 216-269 storage2 loc(2.30345,48.86243) capacity(9401) AuctionJob
[ NORMAL  ]  ##   Simulation at step 216
[ NORMAL  ]  ##   Simulation at step 217
[ NORMAL  ]  ##   Simulation at step 218
[ NORMAL  ]  ##   New job: : 1x item8, 1x item10, 1x item6, 1x item7 reward(226) 219-298 storage3 loc(2.40691,48.86627) capacity(9797) AuctionJob
[ NORMAL  ]  ##   Simulation at step 219
[ NORMAL  ]  ##   Simulation at step 220
[ NORMAL  ]  ##   Simulation at step 221
[ NORMAL  ]  ##   Simulation at step 222
[ NORMAL  ]  ##   Simulation at step 223
[ NORMAL  ]  ##   Simulation at step 224
[ NORMAL  ]  ##   Simulation at step 225
[ NORMAL  ]  ##   Simulation at step 226
[ NORMAL  ]  ##   New job: : 2x item7, 2x item9 reward(297) 227-309 storage0 loc(2.30026,48.8242) capacity(10271) Job
[ NORMAL  ]  ##   Simulation at step 227
[ NORMAL  ]  ##   Simulation at step 228
[ NORMAL  ]  ##   New job: : 2x item5, 2x item8, 2x item10, 2x item7, 1x item9 reward(404) 229-297 storage3 loc(2.40691,48.86627) capacity(9797) Job
[ NORMAL  ]  ##   Simulation at step 229
[ NORMAL  ]  ##   New job: : 1x item5, 2x item8, 2x item10, 1x item6, 2x item7, 2x item9 reward(499) 230-327 storage0 loc(2.30026,48.8242) capacity(10271) AuctionJob
[ NORMAL  ]  ##   Simulation at step 230
[ NORMAL  ]  ##   Simulation at step 231
[ NORMAL  ]  ##   New job: : 1x item5, 3x item8, 1x item6, 1x item7 reward(244) 232-282 storage3 loc(2.40691,48.86627) capacity(9797) Job
[ NORMAL  ]  ##   Simulation at step 232
[ NORMAL  ]  ##   Simulation at step 233
[ NORMAL  ]  ##   New job: : 2x item5, 2x item8, 2x item10, 2x item6, 1x item7, 1x item9 reward(450) 234-295 storage2 loc(2.30345,48.86243) capacity(9401) Job
[ NORMAL  ]  ##   Simulation at step 234
[ NORMAL  ]  ##   New job: : 1x item6, 2x item7, 1x item9 reward(267) 235-332 storage3 loc(2.40691,48.86627) capacity(9797) Job
[ NORMAL  ]  ##   Simulation at step 235
[ NORMAL  ]  ##   Simulation at step 236
[ NORMAL  ]  ##   Simulation at step 237
[ NORMAL  ]  ##   Simulation at step 238
[ NORMAL  ]  ##   Simulation at step 239
[ NORMAL  ]  ##   New job: : 2x item5, 2x item10, 1x item6, 2x item7, 2x item9 reward(452) 240-302 storage0 loc(2.30026,48.8242) capacity(10271) Job
[ NORMAL  ]  ##   Simulation at step 240
[ NORMAL  ]  ##   Simulation at step 241
[ NORMAL  ]  ##   Simulation at step 242
[ NORMAL  ]  ##   New job: : 1x item10, 2x item6, 2x item7, 1x item9 reward(343) 243-319 storage1 loc(2.3717,48.82745) capacity(11049) AuctionJob
[ NORMAL  ]  ##   New job: : 1x item10, 1x item6, 2x item7, 2x item9 reward(356) 243-296 storage0 loc(2.30026,48.8242) capacity(10271) Job
[ NORMAL  ]  ##   Simulation at step 243
[ NORMAL  ]  ##   Simulation at step 244
[ NORMAL  ]  ##   New job: : 2x item5 reward(213) 245-319 storage2 loc(2.30345,48.86243) capacity(9401) AuctionJob
[ NORMAL  ]  ##   Simulation at step 245
[ NORMAL  ]  ##   Simulation at step 246
[ NORMAL  ]  ##   Simulation at step 247
[ NORMAL  ]  ##   Simulation at step 248
[ NORMAL  ]  ##   Simulation at step 249
[ NORMAL  ]  ##   New job: : 1x item6, 1x item7 reward(203) 250-343 storage2 loc(2.30345,48.86243) capacity(9401) AuctionJob
[ NORMAL  ]  ##   Simulation at step 250
[ NORMAL  ]  ##   Simulation at step 251
[ NORMAL  ]  ##   Simulation at step 252
[ NORMAL  ]  ##   Simulation at step 253
[ NORMAL  ]  ##   Simulation at step 254
[ NORMAL  ]  ##   Simulation at step 255
[ NORMAL  ]  ##   New job: : 1x item5, 1x item8, 1x item9 reward(244) 256-341 storage2 loc(2.30345,48.86243) capacity(9401) Job
[ NORMAL  ]  ##   New job: : 3x item8, 1x item6 reward(165) 256-313 storage1 loc(2.3717,48.82745) capacity(11049) AuctionJob
[ NORMAL  ]  ##   Simulation at step 256
[ NORMAL  ]  ##   Simulation at step 257
[ NORMAL  ]  ##   Simulation at step 258
[ NORMAL  ]  ##   Simulation at step 259
[ NORMAL  ]  ##   New job: : 1x item5, 2x item8, 2x item10, 1x item7, 1x item9 reward(359) 260-332 storage1 loc(2.3717,48.82745) capacity(11049) Job
[ NORMAL  ]  ##   Simulation at step 260
[ NORMAL  ]  ##   Simulation at step 261
[ NORMAL  ]  ##   Simulation at step 262
[ NORMAL  ]  ##   Simulation at step 263
[ NORMAL  ]  ##   Simulation at step 264
[ NORMAL  ]  ##   New job: : 2x item6, 1x item9 reward(261) 265-343 storage3 loc(2.40691,48.86627) capacity(9797) Job
[ NORMAL  ]  ##   Simulation at step 265
[ NORMAL  ]  ##   Simulation at step 266
[ NORMAL  ]  ##   New job: : 2x item5, 1x item8, 1x item10, 1x item6, 2x item7, 2x item9 reward(469) 267-321 storage1 loc(2.3717,48.82745) capacity(11049) AuctionJob
[ NORMAL  ]  ##   Simulation at step 267
[ NORMAL  ]  ##   Simulation at step 268
[ NORMAL  ]  ##   Simulation at step 269
[ NORMAL  ]  ##   Simulation at step 270
[ NORMAL  ]  ##   Simulation at step 271
[ NORMAL  ]  ##   Simulation at step 272
[ NORMAL  ]  ##   Simulation at step 273
[ NORMAL  ]  ##   Simulation at step 274
[ NORMAL  ]  ##   New job: : 1x item5, 1x item8, 1x item6, 1x item7 reward(170) 275-352 storage3 loc(2.40691,48.86627) capacity(9797) AuctionJob
[ NORMAL  ]  ##   Simulation at step 275
[ NORMAL  ]  ##   Simulation at step 276
[ NORMAL  ]  ##   New job: : 1x item5, 1x item8, 2x item7 reward(242) 277-373 storage3 loc(2.40691,48.86627) capacity(9797) Job
[ NORMAL  ]  ##   Simulation at step 277
[ NORMAL  ]  ##   Simulation at step 278
[ NORMAL  ]  ##   Simulation at step 279
[ NORMAL  ]  ##   New job: : 1x item5, 2x item10, 2x item6, 1x item9 reward(334) 280-340 storage1 loc(2.3717,48.82745) capacity(11049) Job
[ NORMAL  ]  ##   New job: : 3x item10, 1x item7 reward(293) 280-337 storage2 loc(2.30345,48.86243) capacity(9401) AuctionJob
[ NORMAL  ]  ##   Simulation at step 280
[ NORMAL  ]  ##   Simulation at step 281
[ NORMAL  ]  ##   Simulation at step 282
[ NORMAL  ]  ##   Simulation at step 283
[ NORMAL  ]  ##   Simulation at step 284
[ NORMAL  ]  ##   Simulation at step 285
[ NORMAL  ]  ##   Simulation at step 286
[ NORMAL  ]  ##   Simulation at step 287
[ NORMAL  ]  ##   Simulation at step 288
[ NORMAL  ]  ##   Simulation at step 289
[ NORMAL  ]  ##   Simulation at step 290
[ NORMAL  ]  ##   Simulation at step 291
[ NORMAL  ]  ##   New job: : 1x item8, 1x item10, 3x item6, 1x item7 reward(274) 292-378 storage0 loc(2.30026,48.8242) capacity(10271) Job
[ NORMAL  ]  ##   Simulation at step 292
[ NORMAL  ]  ##   Simulation at step 293
[ NORMAL  ]  ##   Simulation at step 294
[ NORMAL  ]  ##   Simulation at step 295
[ NORMAL  ]  ##   Simulation at step 296
[ NORMAL  ]  ##   New job: : 1x item5, 2x item8, 2x item7 reward(211) 297-368 storage2 loc(2.30345,48.86243) capacity(9401) Job
[ NORMAL  ]  ##   Simulation at step 297
[ NORMAL  ]  ##   Simulation at step 298
[ NORMAL  ]  ##   Simulation at step 299
[ NORMAL  ]  ##   New job: : 1x item8, 4x item10, 1x item6, 2x item7, 2x item9 reward(574) 300-394 storage1 loc(2.3717,48.82745) capacity(11049) Job
[ NORMAL  ]  ##   Simulation at step 300
[ NORMAL  ]  ##   Simulation at step 301
[ NORMAL  ]  ##   New job: : 1x item5, 2x item6, 1x item7 reward(240) 302-399 storage3 loc(2.40691,48.86627) capacity(9797) Job
[ NORMAL  ]  ##   Simulation at step 302
[ NORMAL  ]  ##   New job: : 1x item5, 1x item8, 1x item10, 1x item6, 1x item7, 2x item9 reward(378) 303-389 storage0 loc(2.30026,48.8242) capacity(10271) Job
[ NORMAL  ]  ##   Simulation at step 303
[ NORMAL  ]  ##   Simulation at step 304
[ NORMAL  ]  ##   New job: : 2x item5, 2x item6, 1x item9 reward(304) 305-393 storage1 loc(2.3717,48.82745) capacity(11049) Job
[ NORMAL  ]  ##   New job: : 2x item5, 1x item10, 2x item6, 1x item9 reward(314) 305-356 storage1 loc(2.3717,48.82745) capacity(11049) AuctionJob
[ NORMAL  ]  ##   Simulation at step 305
[ NORMAL  ]  ##   Simulation at step 306
[ NORMAL  ]  ##   Simulation at step 307
[ NORMAL  ]  ##   New job: : 1x item5, 1x item8, 1x item10, 1x item6, 2x item7, 3x item9 reward(525) 308-402 storage3 loc(2.40691,48.86627) capacity(9797) Job
[ NORMAL  ]  ##   Simulation at step 308
[ NORMAL  ]  ##   Simulation at step 309
[ NORMAL  ]  ##   New job: : 2x item5, 1x item6, 2x item9 reward(341) 310-393 storage2 loc(2.30345,48.86243) capacity(9401) Job
[ NORMAL  ]  ##   Simulation at step 310
[ NORMAL  ]  ##   Simulation at step 311
[ NORMAL  ]  ##   Simulation at step 312
[ NORMAL  ]  ##   Simulation at step 313
[ NORMAL  ]  ##   Simulation at step 314
[ NORMAL  ]  ##   Simulation at step 315
[ NORMAL  ]  ##   Simulation at step 316
[ NORMAL  ]  ##   New job: : 1x item5, 3x item8, 1x item10, 1x item7 reward(269) 317-387 storage2 loc(2.30345,48.86243) capacity(9401) AuctionJob
[ NORMAL  ]  ##   New job: : 1x item5, 2x item8, 1x item10, 3x item6, 2x item7, 1x item9 reward(412) 317-386 storage3 loc(2.40691,48.86627) capacity(9797) Job
[ NORMAL  ]  ##   Simulation at step 317
[ NORMAL  ]  ##   Simulation at step 318
[ NORMAL  ]  ##   Simulation at step 319
[ NORMAL  ]  ##   Simulation at step 320
[ NORMAL  ]  ##   Simulation at step 321
[ NORMAL  ]  ##   New job: : 1x item5, 1x item10 reward(154) 322-419 storage3 loc(2.40691,48.86627) capacity(9797) Mission
[ NORMAL  ]  ##   New job: : 1x item8, 1x item10, 1x item6, 2x item7 reward(240) 322-376 storage0 loc(2.30026,48.8242) capacity(10271) Job
[ NORMAL  ]  ##   New job: : 1x item5, 1x item10 reward(154) 322-419 storage3 loc(2.40691,48.86627) capacity(9797) Mission
[ NORMAL  ]  ##   Simulation at step 322
[ NORMAL  ]  ##   Simulation at step 323
[ NORMAL  ]  ##   New job: : 1x item8, 1x item10 reward(150) 324-397 storage1 loc(2.3717,48.82745) capacity(11049) AuctionJob
[ NORMAL  ]  ##   Simulation at step 324
[ NORMAL  ]  ##   New job: : 3x item5, 1x item8, 2x item10, 2x item9 reward(432) 325-400 storage3 loc(2.40691,48.86627) capacity(9797) Job
[ NORMAL  ]  ##   Simulation at step 325
[ NORMAL  ]  ##   Simulation at step 326
[ NORMAL  ]  ##   New job: : 1x item5, 2x item10, 1x item6 reward(266) 327-406 storage1 loc(2.3717,48.82745) capacity(11049) Job
[ NORMAL  ]  ##   Simulation at step 327
[ NORMAL  ]  ##   Simulation at step 328
[ NORMAL  ]  ##   Simulation at step 329
[ NORMAL  ]  ##   Simulation at step 330
[ NORMAL  ]  ##   Simulation at step 331
[ NORMAL  ]  ##   Simulation at step 332
[ NORMAL  ]  ##   New job: : 2x item6 reward(173) 333-409 storage2 loc(2.30345,48.86243) capacity(9401) Job
[ NORMAL  ]  ##   Simulation at step 333
[ NORMAL  ]  ##   Simulation at step 334
[ NORMAL  ]  ##   New job: : 2x item10, 1x item6 reward(254) 335-421 storage2 loc(2.30345,48.86243) capacity(9401) Job
[ NORMAL  ]  ##   Simulation at step 335
[ NORMAL  ]  ##   Simulation at step 336
[ NORMAL  ]  ##   Simulation at step 337
[ NORMAL  ]  ##   Simulation at step 338
[ NORMAL  ]  ##   Simulation at step 339
[ NORMAL  ]  ##   New job: : 1x item5, 1x item6, 1x item7, 2x item9 reward(320) 340-407 storage3 loc(2.40691,48.86627) capacity(9797) Job
[ NORMAL  ]  ##   New job: : 1x item5, 2x item8, 1x item10, 2x item7 reward(301) 340-421 storage3 loc(2.40691,48.86627) capacity(9797) AuctionJob
[ NORMAL  ]  ##   Simulation at step 340
[ NORMAL  ]  ##   New job: : 1x item5, 1x item8, 2x item10, 1x item6, 1x item7, 1x item9 reward(331) 341-411 storage1 loc(2.3717,48.82745) capacity(11049) Job
[ NORMAL  ]  ##   Simulation at step 341
[ NORMAL  ]  ##   Simulation at step 342
[ NORMAL  ]  ##   Simulation at step 343
[ NORMAL  ]  ##   Simulation at step 344
[ NORMAL  ]  ##   Simulation at step 345
[ NORMAL  ]  ##   Simulation at step 346
[ NORMAL  ]  ##   Simulation at step 347
[ NORMAL  ]  ##   Simulation at step 348
[ NORMAL  ]  ##   New job: : 2x item5, 1x item8, 1x item7, 1x item9 reward(234) 349-427 storage3 loc(2.40691,48.86627) capacity(9797) Job
[ NORMAL  ]  ##   Simulation at step 349
[ NORMAL  ]  ##   Simulation at step 350
[ NORMAL  ]  ##   New job: : 3x item6, 1x item7, 1x item9 reward(296) 351-417 storage0 loc(2.30026,48.8242) capacity(10271) Job
[ NORMAL  ]  ##   New job: : 5x item5, 1x item8, 2x item10, 1x item7, 1x item9 reward(398) 351-412 storage1 loc(2.3717,48.82745) capacity(11049) AuctionJob
[ NORMAL  ]  ##   Simulation at step 351
[ NORMAL  ]  ##   Simulation at step 352
[ NORMAL  ]  ##   New job: : 2x item7, 1x item9 reward(220) 353-445 storage0 loc(2.30026,48.8242) capacity(10271) Job
[ NORMAL  ]  ##   Simulation at step 353
[ NORMAL  ]  ##   Simulation at step 354
[ NORMAL  ]  ##   Simulation at step 355
[ NORMAL  ]  ##   Simulation at step 356
[ NORMAL  ]  ##   Simulation at step 357
[ NORMAL  ]  ##   Simulation at step 358
[ NORMAL  ]  ##   Simulation at step 359
[ NORMAL  ]  ##   New job: : 1x item10, 2x item6, 3x item9 reward(406) 360-419 storage2 loc(2.30345,48.86243) capacity(9401) Job
[ NORMAL  ]  ##   Simulation at step 360
[ NORMAL  ]  ##   Simulation at step 361
[ NORMAL  ]  ##   Simulation at step 362
[ NORMAL  ]  ##   Simulation at step 363
[ NORMAL  ]  ##   Simulation at step 364
[ NORMAL  ]  ##   Simulation at step 365
[ NORMAL  ]  ##   New job: : 2x item5, 3x item8, 1x item10, 1x item6, 1x item7, 2x item9 reward(447) 366-464 storage0 loc(2.30026,48.8242) capacity(10271) Job
[ NORMAL  ]  ##   Simulation at step 366
[ NORMAL  ]  ##   Simulation at step 367
[ NORMAL  ]  ##   Simulation at step 368
[ NORMAL  ]  ##   Simulation at step 369
[ NORMAL  ]  ##   New job: : 2x item5, 3x item10, 2x item6, 1x item7, 1x item9 reward(428) 370-426 storage1 loc(2.3717,48.82745) capacity(11049) Job
[ NORMAL  ]  ##   Simulation at step 370
[ NORMAL  ]  ##   Simulation at step 371
[ NORMAL  ]  ##   New job: : 2x item10, 1x item6, 1x item9 reward(306) 372-457 storage3 loc(2.40691,48.86627) capacity(9797) AuctionJob
[ NORMAL  ]  ##   Simulation at step 372
[ NORMAL  ]  ##   Simulation at step 373
[ NORMAL  ]  ##   Simulation at step 374
[ NORMAL  ]  ##   Simulation at step 375
[ NORMAL  ]  ##   New job: : 2x item5, 1x item8, 2x item10, 1x item6, 1x item7, 2x item9 reward(449) 376-449 storage0 loc(2.30026,48.8242) capacity(10271) Job
[ NORMAL  ]  ##   Simulation at step 376
[ NORMAL  ]  ##   Simulation at step 377
[ NORMAL  ]  ##   New job: : 1x item5, 1x item8, 2x item10, 2x item7, 3x item9 reward(452) 378-463 storage0 loc(2.30026,48.8242) capacity(10271) Job
[ NORMAL  ]  ##   Simulation at step 378
[ NORMAL  ]  ##   New job: : 1x item5, 2x item10, 2x item7, 2x item9 reward(458) 379-432 storage0 loc(2.30026,48.8242) capacity(10271) Job
[ NORMAL  ]  ##   Simulation at step 379
[ NORMAL  ]  ##   Simulation at step 380
[ NORMAL  ]  ##   Simulation at step 381
[ NORMAL  ]  ##   Simulation at step 382
[ NORMAL  ]  ##   Simulation at step 383
[ NORMAL  ]  ##   New job: : 2x item8, 3x item10, 1x item6, 1x item7, 2x item9 reward(423) 384-469 storage2 loc(2.30345,48.86243) capacity(9401) Job
[ NORMAL  ]  ##   Simulation at step 384
[ NORMAL  ]  ##   Simulation at step 385
[ NORMAL  ]  ##   New job: : 1x item5, 1x item8, 5x item10, 1x item9 reward(465) 386-475 storage2 loc(2.30345,48.86243) capacity(9401) AuctionJob
[ NORMAL  ]  ##   New job: : 1x item5, 1x item8, 2x item10 reward(218) 386-465 storage1 loc(2.3717,48.82745) capacity(11049) Job
[ NORMAL  ]  ##   Simulation at step 386
[ NORMAL  ]  ##   Simulation at step 387
[ NORMAL  ]  ##   Simulation at step 388
[ NORMAL  ]  ##   Simulation at step 389
[ NORMAL  ]  ##   Simulation at step 390
[ NORMAL  ]  ##   New job: : 1x item5, 2x item10, 1x item7, 2x item9 reward(413) 391-445 storage0 loc(2.30026,48.8242) capacity(10271) Job
[ NORMAL  ]  ##   Simulation at step 391
[ NORMAL  ]  ##   New job: : 3x item5, 2x item10, 1x item9 reward(279) 392-445 storage0 loc(2.30026,48.8242) capacity(10271) AuctionJob
[ NORMAL  ]  ##   Simulation at step 392
[ NORMAL  ]  ##   Simulation at step 393
[ NORMAL  ]  ##   Simulation at step 394
[ NORMAL  ]  ##   Simulation at step 395
[ NORMAL  ]  ##   Simulation at step 396
[ NORMAL  ]  ##   New job: : 1x item6, 1x item7, 1x item9 reward(281) 397-471 storage0 loc(2.30026,48.8242) capacity(10271) Job
[ NORMAL  ]  ##   Simulation at step 397
[ NORMAL  ]  ##   Simulation at step 398
[ NORMAL  ]  ##   Simulation at step 399
[ NORMAL  ]  ##   Simulation at step 400
[ NORMAL  ]  ##   Simulation at step 401
[ NORMAL  ]  ##   Simulation at step 402
[ NORMAL  ]  ##   New job: : 1x item8, 2x item6, 2x item7, 2x item9 reward(409) 403-498 storage0 loc(2.30026,48.8242) capacity(10271) Job
[ NORMAL  ]  ##   Simulation at step 403
[ NORMAL  ]  ##   New job: : 4x item5, 1x item8, 1x item10, 2x item6, 2x item7 reward(325) 404-462 storage3 loc(2.40691,48.86627) capacity(9797) AuctionJob
[ NORMAL  ]  ##   No valid action available in time for agent agentA1.
[ NORMAL  ]  ##   Simulation at step 404
[ NORMAL  ]  ##   Simulation at step 405
[ NORMAL  ]  ##   Simulation at step 406
[ NORMAL  ]  ##   New job: : 1x item8, 1x item10, 1x item6 reward(275) 407-466 storage2 loc(2.30345,48.86243) capacity(9401) Job
[ NORMAL  ]  ##   Simulation at step 407
[ NORMAL  ]  ##   Simulation at step 408
[ NORMAL  ]  ##   Simulation at step 409
[ NORMAL  ]  ##   Simulation at step 410
[ NORMAL  ]  ##   Simulation at step 411
[ NORMAL  ]  ##   New job: : 2x item10, 1x item6, 1x item7 reward(244) 412-511 storage3 loc(2.40691,48.86627) capacity(9797) Job
[ NORMAL  ]  ##   Simulation at step 412
[ NORMAL  ]  ##   New job: : 1x item10, 1x item6, 1x item7 reward(238) 413-506 storage3 loc(2.40691,48.86627) capacity(9797) Job
[ NORMAL  ]  ##   Simulation at step 413
[ NORMAL  ]  ##   Simulation at step 414
[ NORMAL  ]  ##   Simulation at step 415
[ NORMAL  ]  ##   Simulation at step 416
[ NORMAL  ]  ##   New job: : 1x item10, 1x item7 reward(182) 417-481 storage2 loc(2.30345,48.86243) capacity(9401) Job
[ NORMAL  ]  ##   New job: : 4x item5, 1x item8, 2x item10, 1x item7, 2x item9 reward(425) 417-499 storage2 loc(2.30345,48.86243) capacity(9401) AuctionJob
[ NORMAL  ]  ##   Simulation at step 417
[ NORMAL  ]  ##   Simulation at step 418
[ NORMAL  ]  ##   Simulation at step 419
[ NORMAL  ]  ##   New job: : 1x item5, 1x item8, 1x item10, 1x item6, 2x item7, 1x item9 reward(366) 420-495 storage0 loc(2.30026,48.8242) capacity(10271) Job
[ NORMAL  ]  ##   Simulation at step 420
[ NORMAL  ]  ##   Simulation at step 421
[ NORMAL  ]  ##   Simulation at step 422
[ NORMAL  ]  ##   Simulation at step 423
[ NORMAL  ]  ##   Simulation at step 424
[ NORMAL  ]  ##   Simulation at step 425
[ NORMAL  ]  ##   Simulation at step 426
[ NORMAL  ]  ##   Simulation at step 427
[ NORMAL  ]  ##   Simulation at step 428
[ NORMAL  ]  ##   Simulation at step 429
[ NORMAL  ]  ##   Simulation at step 430
[ NORMAL  ]  ##   Simulation at step 431
[ NORMAL  ]  ##   New job: : 2x item6, 1x item7, 2x item9 reward(331) 432-497 storage3 loc(2.40691,48.86627) capacity(9797) Job
[ NORMAL  ]  ##   Simulation at step 432
[ NORMAL  ]  ##   Simulation at step 433
[ NORMAL  ]  ##   Simulation at step 434
[ NORMAL  ]  ##   Simulation at step 435
[ NORMAL  ]  ##   Simulation at step 436
[ NORMAL  ]  ##   New job: : 1x item5, 2x item8, 1x item10, 4x item6, 1x item7 reward(348) 437-527 storage0 loc(2.30026,48.8242) capacity(10271) AuctionJob
[ NORMAL  ]  ##   Simulation at step 437
[ NORMAL  ]  ##   Simulation at step 438
[ NORMAL  ]  ##   Simulation at step 439
[ NORMAL  ]  ##   New job: : 1x item6, 1x item7 reward(161) 440-519 storage3 loc(2.40691,48.86627) capacity(9797) AuctionJob
[ NORMAL  ]  ##   Simulation at step 440
[ NORMAL  ]  ##   New job: : 1x item5, 2x item8, 1x item10, 2x item6, 1x item9 reward(378) 441-525 storage3 loc(2.40691,48.86627) capacity(9797) Job
[ NORMAL  ]  ##   New job: : 3x item5, 2x item10, 2x item7 reward(324) 441-503 storage1 loc(2.3717,48.82745) capacity(11049) AuctionJob
[ NORMAL  ]  ##   Simulation at step 441
[ NORMAL  ]  ##   Simulation at step 442
[ NORMAL  ]  ##   Simulation at step 443
[ NORMAL  ]  ##   Simulation at step 444
[ NORMAL  ]  ##   Simulation at step 445
[ NORMAL  ]  ##   Simulation at step 446
[ NORMAL  ]  ##   Simulation at step 447
[ NORMAL  ]  ##   New job: : 1x item8, 1x item10, 2x item7 reward(210) 448-544 storage0 loc(2.30026,48.8242) capacity(10271) Job
[ NORMAL  ]  ##   Simulation at step 448
[ NORMAL  ]  ##   Simulation at step 449
[ NORMAL  ]  ##   Simulation at step 450
[ NORMAL  ]  ##   Simulation at step 451
[ NORMAL  ]  ##   Simulation at step 452
[ NORMAL  ]  ##   Simulation at step 453
[ NORMAL  ]  ##   New job: : 1x item5, 2x item6, 1x item9 reward(298) 454-516 storage2 loc(2.30345,48.86243) capacity(9401) Job
[ NORMAL  ]  ##   Simulation at step 454
[ NORMAL  ]  ##   New job: : 1x item5, 1x item6, 2x item9 reward(266) 455-551 storage2 loc(2.30345,48.86243) capacity(9401) AuctionJob
[ NORMAL  ]  ##   Simulation at step 455
[ NORMAL  ]  ##   New job: : 1x item8, 1x item10, 3x item9 reward(431) 456-513 storage3 loc(2.40691,48.86627) capacity(9797) Job
[ NORMAL  ]  ##   Simulation at step 456
[ NORMAL  ]  ##   Simulation at step 457
[ NORMAL  ]  ##   New job: : 2x item8, 1x item9 reward(269) 458-545 storage0 loc(2.30026,48.8242) capacity(10271) Job
[ NORMAL  ]  ##   Simulation at step 458
[ NORMAL  ]  ##   Simulation at step 459
[ NORMAL  ]  ##   Simulation at step 460
[ NORMAL  ]  ##   New job: : 2x item5, 1x item10, 2x item7, 1x item9 reward(296) 461-530 storage2 loc(2.30345,48.86243) capacity(9401) AuctionJob
[ NORMAL  ]  ##   Simulation at step 461
[ NORMAL  ]  ##   Simulation at step 462
[ NORMAL  ]  ##   New job: : 2x item5, 2x item6, 3x item9 reward(463) 463-541 storage3 loc(2.40691,48.86627) capacity(9797) Job
[ NORMAL  ]  ##   Simulation at step 463
[ NORMAL  ]  ##   Simulation at step 464
[ NORMAL  ]  ##   Simulation at step 465
[ NORMAL  ]  ##   Simulation at step 466
[ NORMAL  ]  ##   New job: : 5x item5, 1x item8, 2x item10, 1x item6, 1x item7 reward(326) 467-547 storage1 loc(2.3717,48.82745) capacity(11049) Job
[ NORMAL  ]  ##   Simulation at step 467
[ NORMAL  ]  ##   New job: : 4x item8, 3x item10, 1x item6, 1x item9 reward(384) 468-537 storage2 loc(2.30345,48.86243) capacity(9401) Job
[ NORMAL  ]  ##   Simulation at step 468
[ NORMAL  ]  ##   Simulation at step 469
[ NORMAL  ]  ##   Simulation at step 470
[ NORMAL  ]  ##   Simulation at step 471
[ NORMAL  ]  ##   Simulation at step 472
[ NORMAL  ]  ##   New job: : 1x item8, 1x item6, 2x item7, 2x item9 reward(379) 473-531 storage3 loc(2.40691,48.86627) capacity(9797) Job
[ NORMAL  ]  ##   Simulation at step 473
[ NORMAL  ]  ##   Simulation at step 474
[ NORMAL  ]  ##   Simulation at step 475
[ NORMAL  ]  ##   New job: : 1x item5, 3x item6, 1x item7, 1x item9 reward(370) 476-556 storage1 loc(2.3717,48.82745) capacity(11049) AuctionJob
[ NORMAL  ]  ##   Simulation at step 476
[ NORMAL  ]  ##   New job: : 1x item5, 1x item8, 1x item10, 1x item6, 2x item7, 2x item9 reward(439) 477-572 storage0 loc(2.30026,48.8242) capacity(10271) Job
[ NORMAL  ]  ##   Simulation at step 477
[ NORMAL  ]  ##   New job: : 1x item5, 2x item10, 2x item9 reward(415) 478-538 storage3 loc(2.40691,48.86627) capacity(9797) Job
[ NORMAL  ]  ##   Simulation at step 478
[ NORMAL  ]  ##   Simulation at step 479
[ NORMAL  ]  ##   Simulation at step 480
[ NORMAL  ]  ##   Simulation at step 481
[ NORMAL  ]  ##   Simulation at step 482
[ NORMAL  ]  ##   Simulation at step 483
[ NORMAL  ]  ##   Simulation at step 484
[ NORMAL  ]  ##   Simulation at step 485
[ NORMAL  ]  ##   New job: : 1x item8, 1x item9 reward(223) 486-543 storage1 loc(2.3717,48.82745) capacity(11049) Job
[ NORMAL  ]  ##   Simulation at step 486
[ NORMAL  ]  ##   Simulation at step 487
[ NORMAL  ]  ##   Simulation at step 488
[ NORMAL  ]  ##   Simulation at step 489
[ NORMAL  ]  ##   New job: : 2x item8, 1x item10, 2x item6, 2x item7, 1x item9 reward(408) 490-588 storage0 loc(2.30026,48.8242) capacity(10271) Job
[ NORMAL  ]  ##   Simulation at step 490
[ NORMAL  ]  ##   New job: : 1x item5, 1x item8, 1x item6, 3x item7 reward(306) 491-553 storage0 loc(2.30026,48.8242) capacity(10271) Job
[ NORMAL  ]  ##   Simulation at step 491
[ NORMAL  ]  ##   New job: : 1x item5, 1x item10, 1x item7 reward(231) 492-543 storage0 loc(2.30026,48.8242) capacity(10271) Job
[ NORMAL  ]  ##   Simulation at step 492
[ NORMAL  ]  ##   Simulation at step 493
[ NORMAL  ]  ##   New job: : 1x item5, 1x item8, 1x item10, 1x item7, 2x item9 reward(372) 494-581 storage0 loc(2.30026,48.8242) capacity(10271) Job
[ NORMAL  ]  ##   Simulation at step 494
[ NORMAL  ]  ##   Simulation at step 495
[ NORMAL  ]  ##   Simulation at step 496
[ NORMAL  ]  ##   New job: : 2x item5, 3x item8, 2x item10, 1x item7, 1x item9 reward(335) 497-547 storage0 loc(2.30026,48.8242) capacity(10271) AuctionJob
[ NORMAL  ]  ##   New job: : 1x item8, 1x item6 reward(228) 497-596 storage3 loc(2.40691,48.86627) capacity(9797) Job
[ NORMAL  ]  ##   Simulation at step 497
[ NORMAL  ]  ##   Simulation at step 498
[ NORMAL  ]  ##   Simulation at step 499
[ NORMAL  ]  ##   Simulation at step 500
[ NORMAL  ]  ##   Simulation at step 501
[ NORMAL  ]  ##   Simulation at step 502
[ NORMAL  ]  ##   Simulation at step 503
[ NORMAL  ]  ##   New job: : 1x item5, 2x item7 reward(205) 504-563 storage2 loc(2.30345,48.86243) capacity(9401) Job
[ NORMAL  ]  ##   Simulation at step 504
[ NORMAL  ]  ##   Simulation at step 505
[ NORMAL  ]  ##   Simulation at step 506
[ NORMAL  ]  ##   Simulation at step 507
[ NORMAL  ]  ##   Simulation at step 508
[ NORMAL  ]  ##   New job: : 1x item10, 3x item6, 3x item7, 1x item9 reward(418) 509-588 storage3 loc(2.40691,48.86627) capacity(9797) Job
[ NORMAL  ]  ##   Simulation at step 509
[ NORMAL  ]  ##   Simulation at step 510
[ NORMAL  ]  ##   Simulation at step 511
[ NORMAL  ]  ##   New job: : 2x item5, 1x item8, 1x item9 reward(232) 512-586 storage2 loc(2.30345,48.86243) capacity(9401) AuctionJob
[ NORMAL  ]  ##   Simulation at step 512
[ NORMAL  ]  ##   New job: : 1x item8, 2x item10, 1x item7, 1x item9 reward(297) 513-587 storage2 loc(2.30345,48.86243) capacity(9401) Job
[ NORMAL  ]  ##   Simulation at step 513
[ NORMAL  ]  ##   Simulation at step 514
[ NORMAL  ]  ##   New job: : 2x item5, 2x item8, 1x item10, 1x item6, 1x item9 reward(274) 515-594 storage2 loc(2.30345,48.86243) capacity(9401) Job
[ NORMAL  ]  ##   Simulation at step 515
[ NORMAL  ]  ##   Simulation at step 516
[ NORMAL  ]  ##   Simulation at step 517
[ NORMAL  ]  ##   Simulation at step 518
[ NORMAL  ]  ##   Simulation at step 519
[ NORMAL  ]  ##   Simulation at step 520
[ NORMAL  ]  ##   New job: : 1x item8, 1x item10, 2x item6, 1x item7, 1x item9 reward(383) 521-589 storage0 loc(2.30026,48.8242) capacity(10271) Job
[ NORMAL  ]  ##   got authentication: username=agentB12 password=1 address=127.0.0.1
[ ERROR  ]  ##   Error receiving document. Stop receiving.
[ NORMAL  ]  ##   got authentication: username=agentB18 password=1 address=127.0.0.1
[ NORMAL  ]  ##   got authentication: username=agentB19 password=1 address=127.0.0.1
[ NORMAL  ]  ##   got authentication: username=agentB13 password=1 address=127.0.0.1
[ NORMAL  ]  ##   got authentication: username=agentB17 password=1 address=127.0.0.1
[ NORMAL  ]  ##   got authentication: username=agentB14 password=1 address=127.0.0.1
[ NORMAL  ]  ##   got authentication: username=agentB20 password=1 address=127.0.0.1
[ NORMAL  ]  ##   got authentication: username=agentB34 password=1 address=127.0.0.1
[ NORMAL  ]  ##   got authentication: username=agentB15 password=1 address=127.0.0.1
[ ERROR  ]  ##   Error receiving document. Stop receiving.
[ ERROR  ]  ##   Error receiving document. Stop receiving.
[ NORMAL  ]  ##   got authentication: username=agentB7 password=1 address=127.0.0.1
[ NORMAL  ]  ##   got authentication: username=agentB24 password=1 address=127.0.0.1
[ NORMAL  ]  ##   got authentication: username=agentB25 password=1 address=127.0.0.1
[ NORMAL  ]  ##   got authentication: username=agentB16 password=1 address=127.0.0.1
[ NORMAL  ]  ##   got authentication: username=agentB11 password=1 address=127.0.0.1
[ NORMAL  ]  ##   got authentication: username=agentB3 password=1 address=127.0.0.1
[ NORMAL  ]  ##   got authentication: username=agentB10 password=1 address=127.0.0.1
[ NORMAL  ]  ##   got authentication: username=agentB23 password=1 address=127.0.0.1
[ ERROR  ]  ##   Error receiving document. Stop receiving.
[ ERROR  ]  ##   Error receiving document. Stop receiving.
[ ERROR  ]  ##   Error receiving document. Stop receiving.
[ ERROR  ]  ##   Error receiving document. Stop receiving.
[ NORMAL  ]  ##   got authentication: username=agentA14 password=1 address=127.0.0.1
[ NORMAL  ]  ##   got authentication: username=agentA17 password=1 address=127.0.0.1
[ NORMAL  ]  ##   got authentication: username=agentB6 password=1 address=127.0.0.1
[ ERROR  ]  ##   Error receiving document. Stop receiving.
[ ERROR  ]  ##   Error receiving document. Stop receiving.
[ NORMAL  ]  ##   got authentication: username=agentA34 password=1 address=127.0.0.1
[ ERROR  ]  ##   Error receiving document. Stop receiving.
[ ERROR  ]  ##   Error receiving document. Stop receiving.
[ NORMAL  ]  ##   got authentication: username=agentB33 password=1 address=127.0.0.1
[ NORMAL  ]  ##   got authentication: username=agentA15 password=1 address=127.0.0.1
[ NORMAL  ]  ##   got authentication: username=agentB22 password=1 address=127.0.0.1
[ ERROR  ]  ##   Error receiving document. Stop receiving.
[ NORMAL  ]  ##   got authentication: username=agentB29 password=1 address=127.0.0.1
[ ERROR  ]  ##   Error receiving document. Stop receiving.
[ NORMAL  ]  ##   got authentication: username=agentB28 password=1 address=127.0.0.1
[ ERROR  ]  ##   Error receiving document. Stop receiving.
[ NORMAL  ]  ##   got authentication: username=agentB26 password=1 address=127.0.0.1
[ ERROR  ]  ##   Error receiving document. Stop receiving.
[ ERROR  ]  ##   Error receiving document. Stop receiving.
[ NORMAL  ]  ##   got authentication: username=agentA30 password=1 address=127.0.0.1
[ NORMAL  ]  ##   got authentication: username=agentB8 password=1 address=127.0.0.1
[ ERROR  ]  ##   Error receiving document. Stop receiving.
[ ERROR  ]  ##   Error receiving document. Stop receiving.
[ ERROR  ]  ##   Error receiving document. Stop receiving.
[ NORMAL  ]  ##   got authentication: username=agentB27 password=1 address=127.0.0.1
[ ERROR  ]  ##   Error receiving document. Stop receiving.
[ ERROR  ]  ##   Error receiving document. Stop receiving.
[ NORMAL  ]  ##   got authentication: username=agentB4 password=1 address=127.0.0.1
[ ERROR  ]  ##   Error receiving document. Stop receiving.
[ NORMAL  ]  ##   got authentication: username=agentA13 password=1 address=127.0.0.1
[ NORMAL  ]  ##   got authentication: username=agentA31 password=1 address=127.0.0.1
[ ERROR  ]  ##   Error receiving document. Stop receiving.
[ ERROR  ]  ##   Error receiving document. Stop receiving.
[ ERROR  ]  ##   Error receiving document. Stop receiving.
[ ERROR  ]  ##   Error receiving document. Stop receiving.
[ NORMAL  ]  ##   got authentication: username=agentB5 password=1 address=127.0.0.1
[ ERROR  ]  ##   Error receiving document. Stop receiving.
[ ERROR  ]  ##   Error receiving document. Stop receiving.
[ NORMAL  ]  ##   got authentication: username=agentA4 password=1 address=127.0.0.1
[ ERROR  ]  ##   Error receiving document. Stop receiving.
[ NORMAL  ]  ##   got authentication: username=agentA32 password=1 address=127.0.0.1
[ ERROR  ]  ##   Error receiving document. Stop receiving.
[ ERROR  ]  ##   Error receiving document. Stop receiving.
[ NORMAL  ]  ##   got authentication: username=agentB32 password=1 address=127.0.0.1
[ ERROR  ]  ##   Error receiving document. Stop receiving.
[ NORMAL  ]  ##   got authentication: username=agentB31 password=1 address=127.0.0.1
[ NORMAL  ]  ##   got authentication: username=agentA2 password=1 address=127.0.0.1
[ ERROR  ]  ##   Error receiving document. Stop receiving.
[ NORMAL  ]  ##   got authentication: username=agentB2 password=1 address=127.0.0.1
[ NORMAL  ]  ##   got authentication: username=agentA7 password=1 address=127.0.0.1
[ ERROR  ]  ##   Error receiving document. Stop receiving.
[ NORMAL  ]  ##   got authentication: username=agentA16 password=1 address=127.0.0.1
[ ERROR  ]  ##   Error receiving document. Stop receiving.
[ NORMAL  ]  ##   got authentication: username=agentA11 password=1 address=127.0.0.1
[ NORMAL  ]  ##   got authentication: username=agentA18 password=1 address=127.0.0.1
[ ERROR  ]  ##   Error receiving document. Stop receiving.
[ NORMAL  ]  ##   got authentication: username=agentB1 password=1 address=127.0.0.1
[ NORMAL  ]  ##   got authentication: username=agentA19 password=1 address=127.0.0.1
[ ERROR  ]  ##   Error receiving document. Stop receiving.
[ ERROR  ]  ##   Error receiving document. Stop receiving.
[ ERROR  ]  ##   Error receiving document. Stop receiving.
[ ERROR  ]  ##   Error receiving document. Stop receiving.
[ ERROR  ]  ##   Error receiving document. Stop receiving.
[ NORMAL  ]  ##   got authentication: username=agentA1 password=1 address=127.0.0.1
[ ERROR  ]  ##   Error receiving document. Stop receiving.
[ NORMAL  ]  ##   got authentication: username=agentB30 password=1 address=127.0.0.1
[ ERROR  ]  ##   Error receiving document. Stop receiving.
[ ERROR  ]  ##   Error receiving document. Stop receiving.
[ NORMAL  ]  ##   got authentication: username=agentB9 password=1 address=127.0.0.1
[ NORMAL  ]  ##   got authentication: username=agentB21 password=1 address=127.0.0.1
[ ERROR  ]  ##   Error receiving document. Stop receiving.
[ ERROR  ]  ##   Error receiving document. Stop receiving.
[ ERROR  ]  ##   Error receiving document. Stop receiving.
[ NORMAL  ]  ##   got authentication: username=agentA20 password=1 address=127.0.0.1
[ NORMAL  ]  ##   got authentication: username=agentA21 password=1 address=127.0.0.1
[ NORMAL  ]  ##   got authentication: username=agentA29 password=1 address=127.0.0.1
[ NORMAL  ]  ##   got authentication: username=agentA5 password=1 address=127.0.0.1
[ NORMAL  ]  ##   got authentication: username=agentA25 password=1 address=127.0.0.1
[ NORMAL  ]  ##   got authentication: username=agentA8 password=1 address=127.0.0.1
[ ERROR  ]  ##   Error receiving document. Stop receiving.
[ NORMAL  ]  ##   got authentication: username=agentA6 password=1 address=127.0.0.1
[ ERROR  ]  ##   Error receiving document. Stop receiving.
[ NORMAL  ]  ##   got authentication: username=agentA27 password=1 address=127.0.0.1
[ NORMAL  ]  ##   got authentication: username=agentA9 password=1 address=127.0.0.1
[ NORMAL  ]  ##   got authentication: username=agentA23 password=1 address=127.0.0.1
[ NORMAL  ]  ##   got authentication: username=agentA33 password=1 address=127.0.0.1
[ NORMAL  ]  ##   got authentication: username=agentA12 password=1 address=127.0.0.1
[ NORMAL  ]  ##   got authentication: username=agentA10 password=1 address=127.0.0.1
[ NORMAL  ]  ##   got authentication: username=agentA3 password=1 address=127.0.0.1
[ NORMAL  ]  ##   got authentication: username=agentA28 password=1 address=127.0.0.1
[ NORMAL  ]  ##   got authentication: username=agentA24 password=1 address=127.0.0.1
[ ERROR  ]  ##   Error receiving document. Stop receiving.
[ ERROR  ]  ##   Error receiving document. Stop receiving.
[ ERROR  ]  ##   Error receiving document. Stop receiving.
[ ERROR  ]  ##   Error receiving document. Stop receiving.
[ ERROR  ]  ##   Error receiving document. Stop receiving.
[ ERROR  ]  ##   Error receiving document. Stop receiving.
[ NORMAL  ]  ##   got authentication: username=agentA22 password=1 address=127.0.0.1
[ ERROR  ]  ##   Error receiving document. Stop receiving.
[ ERROR  ]  ##   Error receiving document. Stop receiving.
[ ERROR  ]  ##   Error receiving document. Stop receiving.
[ ERROR  ]  ##   Error receiving document. Stop receiving.
[ NORMAL  ]  ##   got authentication: username=agentA26 password=1 address=127.0.0.1
[ ERROR  ]  ##   Error receiving document. Stop receiving.
[ ERROR  ]  ##   Error receiving document. Stop receiving.
[ ERROR  ]  ##   Error receiving document. Stop receiving.
[ ERROR  ]  ##   Error receiving document. Stop receiving.
[ ERROR  ]  ##   Error receiving document. Stop receiving.
[ ERROR  ]  ##   Error receiving document. Stop receiving.
[ ERROR  ]  ##   Error receiving document. Stop receiving.
[ ERROR  ]  ##   Error receiving document. Stop receiving.
[ ERROR  ]  ##   Error receiving document. Stop receiving.
[ NORMAL  ]  ##   got authentication: username=agentB4 password=1 address=127.0.0.1
[ NORMAL  ]  ##   got authentication: username=agentB33 password=1 address=127.0.0.1
[ ERROR  ]  ##   Error receiving document. Stop receiving.
[ NORMAL  ]  ##   got authentication: username=agentB1 password=1 address=127.0.0.1
[ ERROR  ]  ##   Error receiving document. Stop receiving.
[ NORMAL  ]  ##   got authentication: username=agentA14 password=1 address=127.0.0.1
[ NORMAL  ]  ##   got authentication: username=agentB29 password=1 address=127.0.0.1
[ ERROR  ]  ##   Error receiving document. Stop receiving.
[ ERROR  ]  ##   Error receiving document. Stop receiving.
[ NORMAL  ]  ##   got authentication: username=agentA11 password=1 address=127.0.0.1
[ ERROR  ]  ##   Error receiving document. Stop receiving.
[ NORMAL  ]  ##   got authentication: username=agentA34 password=1 address=127.0.0.1
[ ERROR  ]  ##   Error receiving document. Stop receiving.
[ NORMAL  ]  ##   got authentication: username=agentB5 password=1 address=127.0.0.1
[ ERROR  ]  ##   Error receiving document. Stop receiving.
[ NORMAL  ]  ##   got authentication: username=agentB27 password=1 address=127.0.0.1
[ ERROR  ]  ##   Error receiving document. Stop receiving.
[ NORMAL  ]  ##   got authentication: username=agentB10 password=1 address=127.0.0.1
[ ERROR  ]  ##   Error receiving document. Stop receiving.
[ NORMAL  ]  ##   got authentication: username=agentA32 password=1 address=127.0.0.1
[ NORMAL  ]  ##   got authentication: username=agentB34 password=1 address=127.0.0.1
[ ERROR  ]  ##   Error receiving document. Stop receiving.
[ ERROR  ]  ##   Error receiving document. Stop receiving.
[ NORMAL  ]  ##   got authentication: username=agentA7 password=1 address=127.0.0.1
[ NORMAL  ]  ##   got authentication: username=agentB18 password=1 address=127.0.0.1
[ NORMAL  ]  ##   got authentication: username=agentB15 password=1 address=127.0.0.1
[ ERROR  ]  ##   Error receiving document. Stop receiving.
[ ERROR  ]  ##   Error receiving document. Stop receiving.
[ ERROR  ]  ##   Error receiving document. Stop receiving.
[ NORMAL  ]  ##   got authentication: username=agentB17 password=1 address=127.0.0.1
[ NORMAL  ]  ##   got authentication: username=agentB28 password=1 address=127.0.0.1
[ NORMAL  ]  ##   got authentication: username=agentB7 password=1 address=127.0.0.1
[ NORMAL  ]  ##   got authentication: username=agentB25 password=1 address=127.0.0.1
[ NORMAL  ]  ##   got authentication: username=agentB2 password=1 address=127.0.0.1
[ NORMAL  ]  ##   got authentication: username=agentB26 password=1 address=127.0.0.1
[ NORMAL  ]  ##   got authentication: username=agentB31 password=1 address=127.0.0.1
[ NORMAL  ]  ##   got authentication: username=agentB13 password=1 address=127.0.0.1
[ NORMAL  ]  ##   got authentication: username=agentB30 password=1 address=127.0.0.1
[ NORMAL  ]  ##   got authentication: username=agentB19 password=1 address=127.0.0.1
[ NORMAL  ]  ##   got authentication: username=agentB22 password=1 address=127.0.0.1
[ NORMAL  ]  ##   got authentication: username=agentB8 password=1 address=127.0.0.1
[ NORMAL  ]  ##   got authentication: username=agentA16 password=1 address=127.0.0.1
[ NORMAL  ]  ##   got authentication: username=agentA1 password=1 address=127.0.0.1
[ NORMAL  ]  ##   got authentication: username=agentB20 password=1 address=127.0.0.1
[ NORMAL  ]  ##   got authentication: username=agentB32 password=1 address=127.0.0.1
[ NORMAL  ]  ##   got authentication: username=agentB12 password=1 address=127.0.0.1
[ NORMAL  ]  ##   got authentication: username=agentB14 password=1 address=127.0.0.1
[ NORMAL  ]  ##   got authentication: username=agentA19 password=1 address=127.0.0.1
[ NORMAL  ]  ##   got authentication: username=agentB6 password=1 address=127.0.0.1
[ NORMAL  ]  ##   got authentication: username=agentA17 password=1 address=127.0.0.1
[ NORMAL  ]  ##   got authentication: username=agentB24 password=1 address=127.0.0.1
[ NORMAL  ]  ##   got authentication: username=agentB23 password=1 address=127.0.0.1
[ ERROR  ]  ##   Error receiving document. Stop receiving.
[ ERROR  ]  ##   Error receiving document. Stop receiving.
[ ERROR  ]  ##   Error receiving document. Stop receiving.
[ ERROR  ]  ##   Error receiving document. Stop receiving.
[ ERROR  ]  ##   Error receiving document. Stop receiving.
[ ERROR  ]  ##   Error receiving document. Stop receiving.
[ ERROR  ]  ##   Error receiving document. Stop receiving.
[ ERROR  ]  ##   Error receiving document. Stop receiving.
[ ERROR  ]  ##   Error receiving document. Stop receiving.
[ ERROR  ]  ##   Error receiving document. Stop receiving.
[ ERROR  ]  ##   Error receiving document. Stop receiving.
[ ERROR  ]  ##   Error receiving document. Stop receiving.
[ ERROR  ]  ##   Error receiving document. Stop receiving.
[ ERROR  ]  ##   Error receiving document. Stop receiving.
